{"meta": {"format": 3, "version": "7.9.1", "timestamp": "2025-07-04T18:30:17.954521", "branch_coverage": false, "show_contexts": false}, "files": {"adri/__init__.py": {"executed_lines": [1, 28, 29, 32, 33, 34, 35, 37, 38, 39, 40, 42, 43, 44, 45, 47, 48, 49, 50, 52, 55, 56, 57, 58, 59, 60, 61, 62, 65, 66, 67, 68, 71], "summary": {"covered_lines": 32, "num_statements": 32, "percent_covered": 100.0, "percent_covered_display": "100.00", "missing_lines": 0, "excluded_lines": 0}, "missing_lines": [], "excluded_lines": [], "functions": {"": {"executed_lines": [1, 28, 29, 32, 33, 34, 35, 37, 38, 39, 40, 42, 43, 44, 45, 47, 48, 49, 50, 52, 55, 56, 57, 58, 59, 60, 61, 62, 65, 66, 67, 68, 71], "summary": {"covered_lines": 32, "num_statements": 32, "percent_covered": 100.0, "percent_covered_display": "100.00", "missing_lines": 0, "excluded_lines": 0}, "missing_lines": [], "excluded_lines": []}}, "classes": {"": {"executed_lines": [1, 28, 29, 32, 33, 34, 35, 37, 38, 39, 40, 42, 43, 44, 45, 47, 48, 49, 50, 52, 55, 56, 57, 58, 59, 60, 61, 62, 65, 66, 67, 68, 71], "summary": {"covered_lines": 32, "num_statements": 32, "percent_covered": 100.0, "percent_covered_display": "100.00", "missing_lines": 0, "excluded_lines": 0}, "missing_lines": [], "excluded_lines": []}}}, "adri/analysis/__init__.py": {"executed_lines": [1, 7, 8, 9, 11], "summary": {"covered_lines": 4, "num_statements": 4, "percent_covered": 100.0, "percent_covered_display": "100.00", "missing_lines": 0, "excluded_lines": 0}, "missing_lines": [], "excluded_lines": [], "functions": {"": {"executed_lines": [1, 7, 8, 9, 11], "summary": {"covered_lines": 4, "num_statements": 4, "percent_covered": 100.0, "percent_covered_display": "100.00", "missing_lines": 0, "excluded_lines": 0}, "missing_lines": [], "excluded_lines": []}}, "classes": {"": {"executed_lines": [1, 7, 8, 9, 11], "summary": {"covered_lines": 4, "num_statements": 4, "percent_covered": 100.0, "percent_covered_display": "100.00", "missing_lines": 0, "excluded_lines": 0}, "missing_lines": [], "excluded_lines": []}}}, "adri/analysis/data_profiler.py": {"executed_lines": [1, 8, 9, 10, 12, 13, 16, 17, 24, 27, 32, 38, 51, 52, 55, 56, 57, 58, 61, 67, 68, 70, 72, 74, 84, 89, 90, 91, 92, 94, 101, 103, 111, 112, 113, 114, 115, 116, 117, 118, 119, 120, 122, 124, 127, 129, 130, 133, 134, 137, 138, 141, 142, 145, 146, 149, 151, 153, 155, 156, 168, 169, 170, 172, 174, 176, 177, 178, 179, 180, 181, 183, 185, 187, 188, 189, 190, 192, 194, 196, 197, 199, 200, 201, 202, 203, 204, 206, 208, 209, 211, 213, 216, 217, 223, 226, 227, 228, 229, 230, 233, 234, 240, 245, 247, 253, 255, 258, 259, 265, 268, 269, 270, 271, 272, 275, 276, 282, 287, 289, 295, 297, 300, 301, 307, 309, 313, 314, 315, 316, 317, 320, 321, 327, 334, 335, 336, 338, 339, 341, 347, 349, 352, 356, 357, 358, 360, 367, 372, 374, 377, 378, 379, 381, 382, 387, 388, 390, 392, 395, 398, 402, 404, 406, 407, 408, 409, 410, 412, 413, 414, 416], "summary": {"covered_lines": 170, "num_statements": 170, "percent_covered": 100.0, "percent_covered_display": "100.00", "missing_lines": 0, "excluded_lines": 0}, "missing_lines": [], "excluded_lines": [], "functions": {"DataProfiler.__init__": {"executed_lines": [27, 32], "summary": {"covered_lines": 2, "num_statements": 2, "percent_covered": 100.0, "percent_covered_display": "100.00", "missing_lines": 0, "excluded_lines": 0}, "missing_lines": [], "excluded_lines": []}, "DataProfiler.profile_data": {"executed_lines": [51, 52, 55, 56, 57, 58, 61, 67, 68, 70], "summary": {"covered_lines": 10, "num_statements": 10, "percent_covered": 100.0, "percent_covered_display": "100.00", "missing_lines": 0, "excluded_lines": 0}, "missing_lines": [], "excluded_lines": []}, "DataProfiler._create_empty_profile": {"executed_lines": [74], "summary": {"covered_lines": 1, "num_statements": 1, "percent_covered": 100.0, "percent_covered_display": "100.00", "missing_lines": 0, "excluded_lines": 0}, "missing_lines": [], "excluded_lines": []}, "DataProfiler._create_summary": {"executed_lines": [89, 90, 91, 92, 94], "summary": {"covered_lines": 5, "num_statements": 5, "percent_covered": 100.0, "percent_covered_display": "100.00", "missing_lines": 0, "excluded_lines": 0}, "missing_lines": [], "excluded_lines": []}, "DataProfiler._profile_field": {"executed_lines": [103, 111, 112, 113, 114, 115, 116, 117, 118, 119, 120, 122], "summary": {"covered_lines": 12, "num_statements": 12, "percent_covered": 100.0, "percent_covered_display": "100.00", "missing_lines": 0, "excluded_lines": 0}, "missing_lines": [], "excluded_lines": []}, "DataProfiler._infer_field_type": {"executed_lines": [127, 129, 130, 133, 134, 137, 138, 141, 142, 145, 146, 149], "summary": {"covered_lines": 12, "num_statements": 12, "percent_covered": 100.0, "percent_covered_display": "100.00", "missing_lines": 0, "excluded_lines": 0}, "missing_lines": [], "excluded_lines": []}, "DataProfiler._is_boolean_series": {"executed_lines": [153, 155, 156, 168, 169, 170], "summary": {"covered_lines": 6, "num_statements": 6, "percent_covered": 100.0, "percent_covered_display": "100.00", "missing_lines": 0, "excluded_lines": 0}, "missing_lines": [], "excluded_lines": []}, "DataProfiler._is_integer_series": {"executed_lines": [174, 176, 177, 178, 179, 180, 181], "summary": {"covered_lines": 7, "num_statements": 7, "percent_covered": 100.0, "percent_covered_display": "100.00", "missing_lines": 0, "excluded_lines": 0}, "missing_lines": [], "excluded_lines": []}, "DataProfiler._is_float_series": {"executed_lines": [185, 187, 188, 189, 190], "summary": {"covered_lines": 5, "num_statements": 5, "percent_covered": 100.0, "percent_covered_display": "100.00", "missing_lines": 0, "excluded_lines": 0}, "missing_lines": [], "excluded_lines": []}, "DataProfiler._is_date_series": {"executed_lines": [194, 196, 197, 199, 200, 201, 202, 203, 204], "summary": {"covered_lines": 9, "num_statements": 9, "percent_covered": 100.0, "percent_covered_display": "100.00", "missing_lines": 0, "excluded_lines": 0}, "missing_lines": [], "excluded_lines": []}, "DataProfiler._is_nullable": {"executed_lines": [208, 209], "summary": {"covered_lines": 2, "num_statements": 2, "percent_covered": 100.0, "percent_covered_display": "100.00", "missing_lines": 0, "excluded_lines": 0}, "missing_lines": [], "excluded_lines": []}, "DataProfiler._profile_integer_field": {"executed_lines": [213, 216, 217, 223, 226, 227, 228, 229, 230, 233, 234, 240, 245, 247], "summary": {"covered_lines": 14, "num_statements": 14, "percent_covered": 100.0, "percent_covered_display": "100.00", "missing_lines": 0, "excluded_lines": 0}, "missing_lines": [], "excluded_lines": []}, "DataProfiler._profile_float_field": {"executed_lines": [255, 258, 259, 265, 268, 269, 270, 271, 272, 275, 276, 282, 287, 289], "summary": {"covered_lines": 14, "num_statements": 14, "percent_covered": 100.0, "percent_covered_display": "100.00", "missing_lines": 0, "excluded_lines": 0}, "missing_lines": [], "excluded_lines": []}, "DataProfiler._profile_string_field": {"executed_lines": [297, 300, 301, 307, 309, 313, 314, 315, 316, 317, 320, 321, 327, 334, 335, 336, 338, 339, 341], "summary": {"covered_lines": 19, "num_statements": 19, "percent_covered": 100.0, "percent_covered_display": "100.00", "missing_lines": 0, "excluded_lines": 0}, "missing_lines": [], "excluded_lines": []}, "DataProfiler._profile_boolean_field": {"executed_lines": [349, 352, 356, 357, 358, 360, 367], "summary": {"covered_lines": 7, "num_statements": 7, "percent_covered": 100.0, "percent_covered_display": "100.00", "missing_lines": 0, "excluded_lines": 0}, "missing_lines": [], "excluded_lines": []}, "DataProfiler._profile_date_field": {"executed_lines": [374, 377, 378, 379, 381, 382, 387, 388, 390], "summary": {"covered_lines": 9, "num_statements": 9, "percent_covered": 100.0, "percent_covered_display": "100.00", "missing_lines": 0, "excluded_lines": 0}, "missing_lines": [], "excluded_lines": []}, "DataProfiler._detect_string_pattern": {"executed_lines": [395, 398, 402], "summary": {"covered_lines": 3, "num_statements": 3, "percent_covered": 100.0, "percent_covered_display": "100.00", "missing_lines": 0, "excluded_lines": 0}, "missing_lines": [], "excluded_lines": []}, "DataProfiler._detect_date_format": {"executed_lines": [406, 407, 408, 409, 410, 412, 413, 414, 416], "summary": {"covered_lines": 9, "num_statements": 9, "percent_covered": 100.0, "percent_covered_display": "100.00", "missing_lines": 0, "excluded_lines": 0}, "missing_lines": [], "excluded_lines": []}, "": {"executed_lines": [1, 8, 9, 10, 12, 13, 16, 17, 24, 38, 72, 84, 101, 124, 151, 172, 183, 192, 206, 211, 253, 295, 347, 372, 392, 404], "summary": {"covered_lines": 24, "num_statements": 24, "percent_covered": 100.0, "percent_covered_display": "100.00", "missing_lines": 0, "excluded_lines": 0}, "missing_lines": [], "excluded_lines": []}}, "classes": {"DataProfiler": {"executed_lines": [27, 32, 51, 52, 55, 56, 57, 58, 61, 67, 68, 70, 74, 89, 90, 91, 92, 94, 103, 111, 112, 113, 114, 115, 116, 117, 118, 119, 120, 122, 127, 129, 130, 133, 134, 137, 138, 141, 142, 145, 146, 149, 153, 155, 156, 168, 169, 170, 174, 176, 177, 178, 179, 180, 181, 185, 187, 188, 189, 190, 194, 196, 197, 199, 200, 201, 202, 203, 204, 208, 209, 213, 216, 217, 223, 226, 227, 228, 229, 230, 233, 234, 240, 245, 247, 255, 258, 259, 265, 268, 269, 270, 271, 272, 275, 276, 282, 287, 289, 297, 300, 301, 307, 309, 313, 314, 315, 316, 317, 320, 321, 327, 334, 335, 336, 338, 339, 341, 349, 352, 356, 357, 358, 360, 367, 374, 377, 378, 379, 381, 382, 387, 388, 390, 395, 398, 402, 406, 407, 408, 409, 410, 412, 413, 414, 416], "summary": {"covered_lines": 146, "num_statements": 146, "percent_covered": 100.0, "percent_covered_display": "100.00", "missing_lines": 0, "excluded_lines": 0}, "missing_lines": [], "excluded_lines": []}, "": {"executed_lines": [1, 8, 9, 10, 12, 13, 16, 17, 24, 38, 72, 84, 101, 124, 151, 172, 183, 192, 206, 211, 253, 295, 347, 372, 392, 404], "summary": {"covered_lines": 24, "num_statements": 24, "percent_covered": 100.0, "percent_covered_display": "100.00", "missing_lines": 0, "excluded_lines": 0}, "missing_lines": [], "excluded_lines": []}}}, "adri/analysis/standard_generator.py": {"executed_lines": [1, 7, 8, 9, 12, 13, 20, 22, 24, 42, 51, 53, 56, 57, 60, 61, 62, 64, 73, 77, 79, 87, 92, 99, 100, 103, 106, 107, 109, 112, 115, 117, 123, 124, 126, 155, 159, 160, 162, 163, 167, 169, 173, 174, 177, 184, 185, 186, 187, 188, 189, 190, 191, 193, 195, 198, 201, 209, 210, 212, 216, 218, 219, 220, 223, 224, 225, 226, 227, 228, 230, 231, 233, 235, 239, 241, 242, 244, 245, 247, 251, 253, 257, 260, 261, 262, 265, 266, 269, 270, 271, 273, 277, 279, 281, 285, 288, 289, 290, 291, 293, 295, 299, 302, 305, 306, 308, 309, 310, 311, 312, 316, 317, 320, 322, 331, 341, 343, 344, 345, 346, 347, 348, 349, 350, 351, 353, 354, 355, 356, 358], "summary": {"covered_lines": 129, "num_statements": 130, "percent_covered": 99.23076923076923, "percent_covered_display": "99.23", "missing_lines": 1, "excluded_lines": 0}, "missing_lines": [352], "excluded_lines": [], "functions": {"StandardGenerator.__init__": {"executed_lines": [22], "summary": {"covered_lines": 1, "num_statements": 1, "percent_covered": 100.0, "percent_covered_display": "100.00", "missing_lines": 0, "excluded_lines": 0}, "missing_lines": [], "excluded_lines": []}, "StandardGenerator.generate_standard": {"executed_lines": [42, 51], "summary": {"covered_lines": 2, "num_statements": 2, "percent_covered": 100.0, "percent_covered_display": "100.00", "missing_lines": 0, "excluded_lines": 0}, "missing_lines": [], "excluded_lines": []}, "StandardGenerator._generate_standards_metadata": {"executed_lines": [56, 57, 60, 61, 62, 64], "summary": {"covered_lines": 6, "num_statements": 6, "percent_covered": 100.0, "percent_covered_display": "100.00", "missing_lines": 0, "excluded_lines": 0}, "missing_lines": [], "excluded_lines": []}, "StandardGenerator._generate_requirements": {"executed_lines": [77, 79], "summary": {"covered_lines": 2, "num_statements": 2, "percent_covered": 100.0, "percent_covered_display": "100.00", "missing_lines": 0, "excluded_lines": 0}, "missing_lines": [], "excluded_lines": []}, "StandardGenerator._calculate_overall_minimum": {"executed_lines": [92, 99, 100, 103, 106, 107, 109, 112, 115], "summary": {"covered_lines": 9, "num_statements": 9, "percent_covered": 100.0, "percent_covered_display": "100.00", "missing_lines": 0, "excluded_lines": 0}, "missing_lines": [], "excluded_lines": []}, "StandardGenerator._generate_dimension_requirements": {"executed_lines": [123, 126], "summary": {"covered_lines": 2, "num_statements": 2, "percent_covered": 100.0, "percent_covered_display": "100.00", "missing_lines": 0, "excluded_lines": 0}, "missing_lines": [], "excluded_lines": []}, "StandardGenerator._generate_dimension_requirements.percentage_to_score": {"executed_lines": [124], "summary": {"covered_lines": 1, "num_statements": 1, "percent_covered": 100.0, "percent_covered_display": "100.00", "missing_lines": 0, "excluded_lines": 0}, "missing_lines": [], "excluded_lines": []}, "StandardGenerator._generate_field_requirements": {"executed_lines": [159, 160, 162, 163, 167], "summary": {"covered_lines": 5, "num_statements": 5, "percent_covered": 100.0, "percent_covered_display": "100.00", "missing_lines": 0, "excluded_lines": 0}, "missing_lines": [], "excluded_lines": []}, "StandardGenerator._generate_single_field_requirement": {"executed_lines": [173, 174, 177, 184, 185, 186, 187, 188, 189, 190, 191, 193], "summary": {"covered_lines": 12, "num_statements": 12, "percent_covered": 100.0, "percent_covered_display": "100.00", "missing_lines": 0, "excluded_lines": 0}, "missing_lines": [], "excluded_lines": []}, "StandardGenerator._generate_field_description": {"executed_lines": [198, 201, 209, 210], "summary": {"covered_lines": 4, "num_statements": 4, "percent_covered": 100.0, "percent_covered_display": "100.00", "missing_lines": 0, "excluded_lines": 0}, "missing_lines": [], "excluded_lines": []}, "StandardGenerator._generate_integer_constraints": {"executed_lines": [216, 218, 219, 220, 223, 224, 225, 226, 227, 228, 230, 231, 233], "summary": {"covered_lines": 13, "num_statements": 13, "percent_covered": 100.0, "percent_covered_display": "100.00", "missing_lines": 0, "excluded_lines": 0}, "missing_lines": [], "excluded_lines": []}, "StandardGenerator._generate_float_constraints": {"executed_lines": [239, 241, 242, 244, 245, 247, 251], "summary": {"covered_lines": 7, "num_statements": 7, "percent_covered": 100.0, "percent_covered_display": "100.00", "missing_lines": 0, "excluded_lines": 0}, "missing_lines": [], "excluded_lines": []}, "StandardGenerator._generate_string_constraints": {"executed_lines": [257, 260, 261, 262, 265, 266, 269, 270, 271, 273, 277, 279], "summary": {"covered_lines": 12, "num_statements": 12, "percent_covered": 100.0, "percent_covered_display": "100.00", "missing_lines": 0, "excluded_lines": 0}, "missing_lines": [], "excluded_lines": []}, "StandardGenerator._generate_date_constraints": {"executed_lines": [285, 288, 289, 290, 291, 293], "summary": {"covered_lines": 6, "num_statements": 6, "percent_covered": 100.0, "percent_covered_display": "100.00", "missing_lines": 0, "excluded_lines": 0}, "missing_lines": [], "excluded_lines": []}, "StandardGenerator._generate_metadata": {"executed_lines": [299, 302, 305, 306, 308, 309, 310, 311, 312, 316, 317, 320, 322], "summary": {"covered_lines": 13, "num_statements": 13, "percent_covered": 100.0, "percent_covered_display": "100.00", "missing_lines": 0, "excluded_lines": 0}, "missing_lines": [], "excluded_lines": []}, "StandardGenerator._convert_to_serializable": {"executed_lines": [341, 343, 344, 345, 346, 347, 348, 349, 350, 351, 353, 354, 355, 356, 358], "summary": {"covered_lines": 15, "num_statements": 16, "percent_covered": 93.75, "percent_covered_display": "93.75", "missing_lines": 1, "excluded_lines": 0}, "missing_lines": [352], "excluded_lines": []}, "": {"executed_lines": [1, 7, 8, 9, 12, 13, 20, 24, 53, 73, 87, 117, 155, 169, 195, 212, 235, 253, 281, 295, 331], "summary": {"covered_lines": 19, "num_statements": 19, "percent_covered": 100.0, "percent_covered_display": "100.00", "missing_lines": 0, "excluded_lines": 0}, "missing_lines": [], "excluded_lines": []}}, "classes": {"StandardGenerator": {"executed_lines": [22, 42, 51, 56, 57, 60, 61, 62, 64, 77, 79, 92, 99, 100, 103, 106, 107, 109, 112, 115, 123, 124, 126, 159, 160, 162, 163, 167, 173, 174, 177, 184, 185, 186, 187, 188, 189, 190, 191, 193, 198, 201, 209, 210, 216, 218, 219, 220, 223, 224, 225, 226, 227, 228, 230, 231, 233, 239, 241, 242, 244, 245, 247, 251, 257, 260, 261, 262, 265, 266, 269, 270, 271, 273, 277, 279, 285, 288, 289, 290, 291, 293, 299, 302, 305, 306, 308, 309, 310, 311, 312, 316, 317, 320, 322, 341, 343, 344, 345, 346, 347, 348, 349, 350, 351, 353, 354, 355, 356, 358], "summary": {"covered_lines": 110, "num_statements": 111, "percent_covered": 99.09909909909909, "percent_covered_display": "99.10", "missing_lines": 1, "excluded_lines": 0}, "missing_lines": [352], "excluded_lines": []}, "": {"executed_lines": [1, 7, 8, 9, 12, 13, 20, 24, 53, 73, 87, 117, 155, 169, 195, 212, 235, 253, 281, 295, 331], "summary": {"covered_lines": 19, "num_statements": 19, "percent_covered": 100.0, "percent_covered_display": "100.00", "missing_lines": 0, "excluded_lines": 0}, "missing_lines": [], "excluded_lines": []}}}, "adri/analysis/type_inference.py": {"executed_lines": [1, 8, 9, 11, 14, 15, 22, 25, 37, 47, 48, 51, 53, 54, 57, 58, 61, 62, 65, 66, 69, 70, 73, 75, 86, 89, 91, 92, 94, 95, 96, 97, 98, 99, 100, 101, 103, 105, 115, 116, 119, 120, 121, 123, 125, 127, 128, 129, 141, 142, 143, 145, 147, 148, 149, 150, 151, 152, 153, 154, 156, 158, 159, 160, 161, 162, 163, 165, 167, 168, 169, 171, 172, 173, 177, 178, 182, 184, 186, 192, 194, 196, 202, 204, 205, 207, 214, 215, 216, 218, 220, 222, 225, 226, 227, 228, 229, 230, 232, 234, 236], "summary": {"covered_lines": 99, "num_statements": 101, "percent_covered": 98.01980198019803, "percent_covered_display": "98.02", "missing_lines": 2, "excluded_lines": 0}, "missing_lines": [179, 180], "excluded_lines": [], "functions": {"TypeInference.__init__": {"executed_lines": [25], "summary": {"covered_lines": 1, "num_statements": 1, "percent_covered": 100.0, "percent_covered_display": "100.00", "missing_lines": 0, "excluded_lines": 0}, "missing_lines": [], "excluded_lines": []}, "TypeInference.infer_type": {"executed_lines": [47, 48, 51, 53, 54, 57, 58, 61, 62, 65, 66, 69, 70, 73], "summary": {"covered_lines": 14, "num_statements": 14, "percent_covered": 100.0, "percent_covered_display": "100.00", "missing_lines": 0, "excluded_lines": 0}, "missing_lines": [], "excluded_lines": []}, "TypeInference.infer_constraints": {"executed_lines": [86, 89, 91, 92, 94, 95, 96, 97, 98, 99, 100, 101, 103], "summary": {"covered_lines": 13, "num_statements": 13, "percent_covered": 100.0, "percent_covered_display": "100.00", "missing_lines": 0, "excluded_lines": 0}, "missing_lines": [], "excluded_lines": []}, "TypeInference.detect_pattern": {"executed_lines": [115, 116, 119, 120, 121, 123], "summary": {"covered_lines": 6, "num_statements": 6, "percent_covered": 100.0, "percent_covered_display": "100.00", "missing_lines": 0, "excluded_lines": 0}, "missing_lines": [], "excluded_lines": []}, "TypeInference._is_boolean_type": {"executed_lines": [127, 128, 129, 141, 142, 143], "summary": {"covered_lines": 6, "num_statements": 6, "percent_covered": 100.0, "percent_covered_display": "100.00", "missing_lines": 0, "excluded_lines": 0}, "missing_lines": [], "excluded_lines": []}, "TypeInference._is_integer_type": {"executed_lines": [147, 148, 149, 150, 151, 152, 153, 154], "summary": {"covered_lines": 8, "num_statements": 8, "percent_covered": 100.0, "percent_covered_display": "100.00", "missing_lines": 0, "excluded_lines": 0}, "missing_lines": [], "excluded_lines": []}, "TypeInference._is_float_type": {"executed_lines": [158, 159, 160, 161, 162, 163], "summary": {"covered_lines": 6, "num_statements": 6, "percent_covered": 100.0, "percent_covered_display": "100.00", "missing_lines": 0, "excluded_lines": 0}, "missing_lines": [], "excluded_lines": []}, "TypeInference._is_date_type": {"executed_lines": [167, 168, 169, 171, 172, 173, 177, 178], "summary": {"covered_lines": 8, "num_statements": 10, "percent_covered": 80.0, "percent_covered_display": "80.00", "missing_lines": 2, "excluded_lines": 0}, "missing_lines": [179, 180], "excluded_lines": []}, "TypeInference._infer_integer_constraints": {"executed_lines": [184, 186], "summary": {"covered_lines": 2, "num_statements": 2, "percent_covered": 100.0, "percent_covered_display": "100.00", "missing_lines": 0, "excluded_lines": 0}, "missing_lines": [], "excluded_lines": []}, "TypeInference._infer_float_constraints": {"executed_lines": [194, 196], "summary": {"covered_lines": 2, "num_statements": 2, "percent_covered": 100.0, "percent_covered_display": "100.00", "missing_lines": 0, "excluded_lines": 0}, "missing_lines": [], "excluded_lines": []}, "TypeInference._infer_string_constraints": {"executed_lines": [204, 205, 207, 214, 215, 216, 218], "summary": {"covered_lines": 7, "num_statements": 7, "percent_covered": 100.0, "percent_covered_display": "100.00", "missing_lines": 0, "excluded_lines": 0}, "missing_lines": [], "excluded_lines": []}, "TypeInference._infer_date_constraints": {"executed_lines": [222, 225, 226, 227, 228, 229, 230, 232, 234, 236], "summary": {"covered_lines": 10, "num_statements": 10, "percent_covered": 100.0, "percent_covered_display": "100.00", "missing_lines": 0, "excluded_lines": 0}, "missing_lines": [], "excluded_lines": []}, "": {"executed_lines": [1, 8, 9, 11, 14, 15, 22, 37, 75, 105, 125, 145, 156, 165, 182, 192, 202, 220], "summary": {"covered_lines": 16, "num_statements": 16, "percent_covered": 100.0, "percent_covered_display": "100.00", "missing_lines": 0, "excluded_lines": 0}, "missing_lines": [], "excluded_lines": []}}, "classes": {"TypeInference": {"executed_lines": [25, 47, 48, 51, 53, 54, 57, 58, 61, 62, 65, 66, 69, 70, 73, 86, 89, 91, 92, 94, 95, 96, 97, 98, 99, 100, 101, 103, 115, 116, 119, 120, 121, 123, 127, 128, 129, 141, 142, 143, 147, 148, 149, 150, 151, 152, 153, 154, 158, 159, 160, 161, 162, 163, 167, 168, 169, 171, 172, 173, 177, 178, 184, 186, 194, 196, 204, 205, 207, 214, 215, 216, 218, 222, 225, 226, 227, 228, 229, 230, 232, 234, 236], "summary": {"covered_lines": 83, "num_statements": 85, "percent_covered": 97.6470588235294, "percent_covered_display": "97.65", "missing_lines": 2, "excluded_lines": 0}, "missing_lines": [179, 180], "excluded_lines": []}, "": {"executed_lines": [1, 8, 9, 11, 14, 15, 22, 37, 75, 105, 125, 145, 156, 165, 182, 192, 202, 220], "summary": {"covered_lines": 16, "num_statements": 16, "percent_covered": 100.0, "percent_covered_display": "100.00", "missing_lines": 0, "excluded_lines": 0}, "missing_lines": [], "excluded_lines": []}}}, "adri/cli/__init__.py": {"executed_lines": [1, 7, 22], "summary": {"covered_lines": 2, "num_statements": 2, "percent_covered": 100.0, "percent_covered_display": "100.00", "missing_lines": 0, "excluded_lines": 0}, "missing_lines": [], "excluded_lines": [], "functions": {"": {"executed_lines": [1, 7, 22], "summary": {"covered_lines": 2, "num_statements": 2, "percent_covered": 100.0, "percent_covered_display": "100.00", "missing_lines": 0, "excluded_lines": 0}, "missing_lines": [], "excluded_lines": []}}, "classes": {"": {"executed_lines": [1, 7, 22], "summary": {"covered_lines": 2, "num_statements": 2, "percent_covered": 100.0, "percent_covered_display": "100.00", "missing_lines": 0, "excluded_lines": 0}, "missing_lines": [], "excluded_lines": []}}}, "adri/cli/commands.py": {"executed_lines": [1, 7, 8, 9, 10, 11, 12, 13, 15, 17, 18, 22, 23, 24, 25, 26, 29, 45, 47, 48, 51, 52, 53, 54, 57, 58, 61, 64, 67, 68, 69, 72, 75, 78, 79, 80, 81, 82, 83, 84, 85, 86, 87, 88, 89, 90, 91, 92, 93, 94, 95, 97, 99, 100, 101, 102, 103, 104, 105, 108, 130, 132, 133, 135, 136, 137, 138, 141, 142, 143, 146, 147, 148, 151, 154, 157, 158, 159, 160, 161, 162, 167, 169, 170, 171, 172, 173, 174, 177, 178, 183, 185, 188, 189, 190, 192, 193, 196, 199, 202, 203, 206, 207, 208, 209, 210, 211, 212, 216, 217, 220, 221, 222, 223, 225, 227, 228, 229, 230, 231, 232, 235, 255, 257, 258, 260, 261, 262, 263, 266, 267, 268, 271, 272, 273, 276, 279, 280, 281, 284, 285, 286, 287, 290, 292, 293, 294, 295, 296, 299, 300, 305, 307, 310, 311, 312, 314, 315, 316, 319, 322, 323, 325, 326, 328, 329, 330, 331, 332, 333, 334, 337, 340, 341, 343, 344, 351, 352, 357, 358, 359, 360, 362, 363, 364, 365, 366, 369, 373, 374, 375, 378, 380, 382, 383, 384, 385, 386, 387, 388, 390, 391, 394, 406, 407, 410, 411, 413, 414, 417, 420, 432, 433, 436, 437, 439, 440, 443, 444, 445, 446, 449, 452, 466, 467, 469, 471, 472, 473, 474, 475, 476, 478, 481, 483, 484, 485, 486, 487, 490, 492, 493, 494, 495, 497, 500, 502, 503, 506, 507, 509, 512, 514, 515, 519, 521, 524, 525, 529, 531, 533, 534, 535, 537, 540, 554, 555, 557, 558, 559, 560, 562, 563, 568, 582, 584, 587, 588, 589, 592, 594, 599, 600, 601, 602, 603, 605, 606, 607, 608, 611, 612, 613, 614, 616, 618, 619, 620, 621, 622, 623, 626, 636, 637, 639, 651, 653, 654, 655, 656, 659, 660, 661, 662, 663, 664, 665, 666, 669, 670, 673, 674, 675, 678, 679, 680, 681, 684, 686, 691, 692, 695, 696, 701, 702, 704, 709, 710, 713, 716, 719, 722, 724, 725, 726, 729, 732, 735, 744, 745, 746, 748, 751, 755, 757, 758, 759, 762, 763, 764, 765, 767, 772, 773, 774, 775, 780, 781, 782, 783, 784, 785, 788, 791, 795, 796, 797, 798, 800, 803, 804, 805, 806, 807, 808, 809, 810, 812, 815, 816, 821, 822, 825, 829, 837, 838, 839, 840, 842, 843, 844, 847, 849, 851, 852, 853, 854, 855, 858, 859, 860, 863, 865, 870, 874, 875, 876, 877, 879, 881, 882, 883, 886, 887, 890, 891, 892, 893, 896, 898, 903, 904, 905, 906, 909, 911, 916, 917, 918, 919, 920, 921, 924, 926, 931, 932, 933, 934, 935, 938, 939, 942, 945, 965, 967, 968, 970, 971, 972, 973, 976, 977, 978, 981, 982, 983, 986, 987, 989, 998, 999, 1000, 1003, 1009, 1015, 1018, 1019, 1022, 1031, 1034, 1035, 1036, 1037, 1038, 1039, 1042, 1046, 1047, 1048, 1049, 1051, 1052, 1055, 1056, 1057, 1058, 1061, 1062, 1063, 1065, 1066, 1067, 1068, 1069, 1070, 1071, 1075, 1077, 1079, 1082, 1083, 1084, 1087, 1088, 1090, 1093, 1095, 1097, 1100, 1101, 1102, 1103, 1105, 1108, 1109, 1110, 1111, 1112, 1115, 1116, 1117, 1119, 1122, 1124, 1125, 1127, 1129, 1130, 1131, 1132, 1133, 1135, 1136, 1137, 1138, 1139, 1141, 1144, 1146, 1148, 1149, 1151, 1154, 1155, 1156, 1157, 1160, 1161, 1162, 1163, 1166, 1167, 1168, 1170, 1173, 1178, 1179, 1181, 1184, 1200, 1202, 1203, 1205, 1206, 1207, 1208, 1211, 1212, 1213, 1216, 1217, 1218, 1220, 1223, 1224, 1225, 1226, 1229, 1230, 1231, 1232, 1235, 1236, 1237, 1239, 1240, 1241, 1242, 1243, 1246, 1249, 1250, 1251, 1252, 1254, 1255, 1256, 1257, 1259, 1260, 1261, 1263, 1265, 1266, 1267, 1289, 1290, 1292, 1294, 1295, 1296, 1298, 1300, 1301, 1302, 1305, 1321, 1323, 1324, 1326, 1327, 1328, 1329, 1332, 1333, 1334, 1337, 1338, 1339, 1341, 1344, 1345, 1346, 1347, 1350, 1351, 1353, 1354, 1355, 1356, 1358, 1359, 1360, 1361, 1362, 1365, 1368, 1369, 1370, 1371, 1372, 1373, 1376, 1377, 1378, 1379, 1381, 1382, 1383, 1384, 1386, 1387, 1388, 1389, 1391, 1392, 1393, 1395, 1397, 1398, 1401, 1408, 1409, 1410, 1412, 1416, 1421, 1422, 1424, 1425, 1427, 1428, 1429, 1431, 1433, 1434, 1435, 1438, 1456, 1458, 1459, 1461, 1462, 1463, 1464, 1467, 1468, 1469, 1472, 1473, 1474, 1476, 1479, 1480, 1481, 1482, 1485, 1486, 1487, 1488, 1490, 1491, 1492, 1493, 1496, 1499, 1502, 1503, 1506, 1507, 1508, 1509, 1511, 1512, 1513, 1514, 1516, 1517, 1518, 1520, 1552, 1554, 1555, 1556, 1557, 1558, 1559, 1561, 1562, 1563, 1567, 1569, 1570, 1571, 1574, 1592, 1594, 1595, 1597, 1598, 1599, 1600, 1603, 1604, 1605, 1608, 1609, 1610, 1613, 1632, 1639, 1640, 1641, 1644, 1645, 1646, 1648, 1650, 1651, 1653, 1654, 1655, 1657, 1658, 1659, 1662, 1663, 1664, 1665, 1668, 1669, 1672, 1674, 1679, 1680, 1681, 1682, 1685, 1687, 1688, 1689, 1690, 1691, 1692, 1693, 1695, 1696, 1697, 1698, 1699, 1701, 1702, 1703, 1704, 1707, 1708, 1709, 1712, 1713, 1714, 1715, 1716, 1718, 1719, 1722, 1723, 1724, 1726, 1727, 1728, 1730, 1731, 1734, 1735, 1736, 1738, 1739, 1740, 1741, 1742, 1744, 1746, 1747, 1748, 1751, 1753, 1754, 1756, 1757, 1759, 1760, 1761, 1762, 1765, 1767, 1768, 1769, 1771, 1772, 1773, 1776, 1798, 1800, 1801, 1803, 1804, 1805, 1806, 1809, 1810, 1811, 1814, 1815, 1816, 1818, 1821, 1823, 1824, 1825, 1826, 1829, 1831, 1832, 1833, 1835, 1836, 1840, 1841, 1842, 1844, 1845, 1846, 1849, 1850, 1851, 1852, 1855, 1856, 1859, 1873, 1875, 1878, 1879, 1882, 1888, 1889, 1892, 1893, 1894, 1895, 1896, 1897, 1898, 1907, 1908, 1909, 1912, 1913, 1914, 1917, 1918, 1919, 1920, 1923, 1924, 1925, 1927, 1929, 1930, 1931, 1934, 1952, 1954, 1955, 1957, 1958, 1959, 1960, 1963, 1964, 1965, 1968, 1969, 1970, 1973, 1975, 1976, 1977, 1978, 1979, 1982, 1983, 1984, 1990, 1991, 1993, 1994, 1995, 1996, 1999, 2000, 2001, 2002, 2003, 2005, 2006, 2008, 2009, 2011, 2014, 2015, 2016, 2019, 2020, 2021, 2023, 2024, 2025, 2026, 2027, 2028, 2030, 2033, 2034, 2035, 2037, 2038, 2039, 2040, 2041, 2042, 2044, 2047, 2048, 2049, 2050, 2051, 2057, 2058, 2060, 2061, 2062, 2063, 2065, 2067, 2070, 2071, 2076, 2079, 2080, 2082, 2084, 2085, 2086, 2089, 2107, 2109, 2110, 2112, 2113, 2114, 2115, 2118, 2119, 2120, 2123, 2124, 2125, 2127, 2130, 2132, 2133, 2134, 2135, 2138, 2142, 2144, 2145, 2149, 2150, 2151, 2153, 2154, 2157, 2160, 2161, 2164, 2165, 2167, 2168, 2169, 2170, 2171, 2173, 2174, 2175, 2176, 2179, 2180, 2182, 2183, 2184, 2185, 2186, 2187, 2189, 2193, 2194, 2196, 2199, 2200, 2202, 2203, 2206, 2207, 2208, 2209, 2210, 2211, 2212, 2215, 2218, 2219, 2220, 2221, 2224, 2225, 2226, 2227, 2228, 2231, 2232, 2233, 2235, 2237, 2238, 2239, 2240, 2242, 2244, 2245, 2246, 2249, 2253, 2255, 2256, 2265, 2266, 2275, 2276, 2285, 2286, 2295, 2296, 2306, 2307, 2310, 2311, 2313, 2317, 2320, 2322, 2324, 2325, 2326, 2330, 2331, 2332, 2333, 2334, 2338, 2339, 2340, 2343, 2344, 2345, 2346, 2347, 2355, 2356, 2357, 2358, 2359, 2360, 2361, 2367, 2368, 2369, 2370, 2371, 2375, 2376, 2377, 2378, 2379, 2383, 2386], "summary": {"covered_lines": 1155, "num_statements": 1239, "percent_covered": 93.22033898305085, "percent_covered_display": "93.22", "missing_lines": 84, "excluded_lines": 2}, "missing_lines": [19, 20, 179, 180, 301, 302, 564, 565, 595, 596, 597, 738, 739, 742, 1016, 1073, 1269, 1270, 1271, 1272, 1273, 1274, 1278, 1279, 1280, 1281, 1283, 1284, 1285, 1399, 1400, 1402, 1403, 1404, 1405, 1407, 1413, 1417, 1522, 1523, 1524, 1527, 1528, 1529, 1531, 1534, 1535, 1536, 1537, 1538, 1539, 1540, 1543, 1544, 1545, 1546, 1547, 1549, 1550, 1675, 1676, 1677, 1717, 1729, 1838, 1861, 1870, 1871, 1985, 1986, 1987, 2052, 2053, 2054, 2055, 2140, 2141, 2147, 2328, 2336, 2351, 2363, 2373, 2381], "excluded_lines": [2386, 2387], "functions": {"setup_command": {"executed_lines": [45, 47, 48, 51, 52, 53, 54, 57, 58, 61, 64, 67, 68, 69, 72, 75, 78, 79, 80, 81, 82, 83, 84, 85, 86, 87, 88, 89, 90, 91, 92, 93, 94, 95, 97, 99, 100, 101, 102, 103, 104, 105], "summary": {"covered_lines": 42, "num_statements": 42, "percent_covered": 100.0, "percent_covered_display": "100.00", "missing_lines": 0, "excluded_lines": 0}, "missing_lines": [], "excluded_lines": []}, "assess_command": {"executed_lines": [130, 132, 133, 135, 136, 137, 138, 141, 142, 143, 146, 147, 148, 151, 154, 157, 158, 159, 160, 161, 162, 167, 169, 170, 171, 172, 173, 174, 177, 178, 183, 185, 188, 189, 190, 192, 193, 196, 199, 202, 203, 206, 207, 208, 209, 210, 211, 212, 216, 217, 220, 221, 222, 223, 225, 227, 228, 229, 230, 231, 232], "summary": {"covered_lines": 61, "num_statements": 63, "percent_covered": 96.82539682539682, "percent_covered_display": "96.83", "missing_lines": 2, "excluded_lines": 0}, "missing_lines": [179, 180], "excluded_lines": []}, "generate_adri_standard_command": {"executed_lines": [255, 257, 258, 260, 261, 262, 263, 266, 267, 268, 271, 272, 273, 276, 279, 280, 281, 284, 285, 286, 287, 290, 292, 293, 294, 295, 296, 299, 300, 305, 307, 310, 311, 312, 314, 315, 316, 319, 322, 323, 325, 326, 328, 329, 330, 331, 332, 333, 334, 337, 340, 341, 343, 344, 351, 352, 357, 358, 359, 360, 362, 363, 364, 365, 366, 369, 373, 374, 375, 378, 380, 382, 383, 384, 385, 386, 387, 388, 390, 391], "summary": {"covered_lines": 80, "num_statements": 82, "percent_covered": 97.5609756097561, "percent_covered_display": "97.56", "missing_lines": 2, "excluded_lines": 0}, "missing_lines": [301, 302], "excluded_lines": []}, "_resolve_data_path": {"executed_lines": [406, 407, 410, 411, 413, 414, 417], "summary": {"covered_lines": 7, "num_statements": 7, "percent_covered": 100.0, "percent_covered_display": "100.00", "missing_lines": 0, "excluded_lines": 0}, "missing_lines": [], "excluded_lines": []}, "_resolve_standard_path": {"executed_lines": [432, 433, 436, 437, 439, 440, 443, 444, 445, 446, 449], "summary": {"covered_lines": 11, "num_statements": 11, "percent_covered": 100.0, "percent_covered_display": "100.00", "missing_lines": 0, "excluded_lines": 0}, "missing_lines": [], "excluded_lines": []}, "load_data": {"executed_lines": [466, 467, 469, 471, 472, 473, 474, 475, 476, 478], "summary": {"covered_lines": 10, "num_statements": 10, "percent_covered": 100.0, "percent_covered_display": "100.00", "missing_lines": 0, "excluded_lines": 0}, "missing_lines": [], "excluded_lines": []}, "_load_csv_data": {"executed_lines": [483, 484, 485, 486, 487, 490, 492, 493, 494, 495, 497], "summary": {"covered_lines": 11, "num_statements": 11, "percent_covered": 100.0, "percent_covered_display": "100.00", "missing_lines": 0, "excluded_lines": 0}, "missing_lines": [], "excluded_lines": []}, "_load_json_data": {"executed_lines": [502, 503, 506, 507, 509], "summary": {"covered_lines": 5, "num_statements": 5, "percent_covered": 100.0, "percent_covered_display": "100.00", "missing_lines": 0, "excluded_lines": 0}, "missing_lines": [], "excluded_lines": []}, "_load_parquet_data": {"executed_lines": [514, 515, 519, 521, 524, 525, 529, 531, 533, 534, 535, 537], "summary": {"covered_lines": 12, "num_statements": 12, "percent_covered": 100.0, "percent_covered_display": "100.00", "missing_lines": 0, "excluded_lines": 0}, "missing_lines": [], "excluded_lines": []}, "load_standard": {"executed_lines": [554, 555, 557, 558, 559, 560, 562, 563], "summary": {"covered_lines": 8, "num_statements": 10, "percent_covered": 80.0, "percent_covered_display": "80.00", "missing_lines": 2, "excluded_lines": 0}, "missing_lines": [564, 565], "excluded_lines": []}, "validate_standard_command": {"executed_lines": [582, 584, 587, 588, 589, 592, 594, 599, 600, 601, 602, 603, 605, 606, 607, 608, 611, 612, 613, 614, 616, 618, 619, 620, 621, 622, 623], "summary": {"covered_lines": 27, "num_statements": 30, "percent_covered": 90.0, "percent_covered_display": "90.00", "missing_lines": 3, "excluded_lines": 0}, "missing_lines": [595, 596, 597], "excluded_lines": []}, "validate_yaml_standard": {"executed_lines": [636, 637, 639, 651, 653, 654, 655, 656, 659, 660, 661, 662, 663, 664, 665, 666, 669, 670, 673, 674, 675, 678, 679, 680, 681, 684, 686, 691, 692, 695, 696, 701, 702, 704, 709, 710, 713, 716, 719, 722, 724, 725, 726, 729, 732, 735, 744, 745, 746, 748], "summary": {"covered_lines": 50, "num_statements": 53, "percent_covered": 94.33962264150944, "percent_covered_display": "94.34", "missing_lines": 3, "excluded_lines": 0}, "missing_lines": [738, 739, 742], "excluded_lines": []}, "_validate_standards_metadata": {"executed_lines": [755, 757, 758, 759, 762, 763, 764, 765, 767, 772, 773, 774, 775, 780, 781, 782, 783, 784, 785, 788], "summary": {"covered_lines": 20, "num_statements": 20, "percent_covered": 100.0, "percent_covered_display": "100.00", "missing_lines": 0, "excluded_lines": 0}, "missing_lines": [], "excluded_lines": []}, "_validate_requirements_section": {"executed_lines": [795, 796, 797, 798, 800, 803, 804, 805, 806, 807, 808, 809, 810, 812, 815, 816, 821, 822], "summary": {"covered_lines": 18, "num_statements": 18, "percent_covered": 100.0, "percent_covered_display": "100.00", "missing_lines": 0, "excluded_lines": 0}, "missing_lines": [], "excluded_lines": []}, "_validate_dimension_requirements": {"executed_lines": [829, 837, 838, 839, 840, 842, 843, 844, 847, 849, 851, 852, 853, 854, 855, 858, 859, 860, 863, 865], "summary": {"covered_lines": 20, "num_statements": 20, "percent_covered": 100.0, "percent_covered_display": "100.00", "missing_lines": 0, "excluded_lines": 0}, "missing_lines": [], "excluded_lines": []}, "_validate_field_requirements": {"executed_lines": [874, 875, 876, 877, 879, 881, 882, 883, 886, 887, 890, 891, 892, 893, 896, 898, 903, 904, 905, 906, 909, 911, 916, 917, 918, 919, 920, 921, 924, 926, 931, 932, 933, 934, 935, 938, 939, 942], "summary": {"covered_lines": 38, "num_statements": 38, "percent_covered": 100.0, "percent_covered_display": "100.00", "missing_lines": 0, "excluded_lines": 0}, "missing_lines": [], "excluded_lines": []}, "show_config_command": {"executed_lines": [965, 967, 968, 970, 971, 972, 973, 976, 977, 978, 981, 982, 983, 986, 987, 989, 998, 999, 1000], "summary": {"covered_lines": 19, "num_statements": 19, "percent_covered": 100.0, "percent_covered_display": "100.00", "missing_lines": 0, "excluded_lines": 0}, "missing_lines": [], "excluded_lines": []}, "_output_config_json": {"executed_lines": [1009, 1015, 1018, 1019], "summary": {"covered_lines": 4, "num_statements": 5, "percent_covered": 80.0, "percent_covered_display": "80.00", "missing_lines": 1, "excluded_lines": 0}, "missing_lines": [1016], "excluded_lines": []}, "_output_config_human": {"executed_lines": [1031, 1034, 1035, 1036, 1037, 1038, 1039, 1042, 1046, 1047, 1048, 1049, 1051, 1052, 1055, 1056, 1057, 1058, 1061, 1062, 1063, 1065, 1066, 1067, 1068, 1069, 1070, 1071, 1075, 1077, 1079, 1082, 1083, 1084, 1087, 1088, 1090], "summary": {"covered_lines": 37, "num_statements": 38, "percent_covered": 97.36842105263158, "percent_covered_display": "97.37", "missing_lines": 1, "excluded_lines": 0}, "missing_lines": [1073], "excluded_lines": []}, "_show_assessment_settings": {"executed_lines": [1095, 1097, 1100, 1101, 1102, 1103, 1105, 1108, 1109, 1110, 1111, 1112, 1115, 1116, 1117, 1119], "summary": {"covered_lines": 16, "num_statements": 16, "percent_covered": 100.0, "percent_covered_display": "100.00", "missing_lines": 0, "excluded_lines": 0}, "missing_lines": [], "excluded_lines": []}, "_show_generation_settings": {"executed_lines": [1124, 1125, 1127, 1129, 1130, 1131, 1132, 1133, 1135, 1136, 1137, 1138, 1139, 1141], "summary": {"covered_lines": 14, "num_statements": 14, "percent_covered": 100.0, "percent_covered_display": "100.00", "missing_lines": 0, "excluded_lines": 0}, "missing_lines": [], "excluded_lines": []}, "_show_validation_results": {"executed_lines": [1146, 1148, 1149, 1151, 1154, 1155, 1156, 1157, 1160, 1161, 1162, 1163, 1166, 1167, 1168, 1170, 1173, 1178, 1179, 1181], "summary": {"covered_lines": 20, "num_statements": 20, "percent_covered": 100.0, "percent_covered_display": "100.00", "missing_lines": 0, "excluded_lines": 0}, "missing_lines": [], "excluded_lines": []}, "list_standards_command": {"executed_lines": [1200, 1202, 1203, 1205, 1206, 1207, 1208, 1211, 1212, 1213, 1216, 1217, 1218, 1220, 1223, 1224, 1225, 1226, 1229, 1230, 1231, 1232, 1235, 1236, 1237, 1239, 1240, 1241, 1242, 1243, 1246, 1249, 1250, 1251, 1252, 1254, 1255, 1256, 1257, 1259, 1260, 1261, 1263, 1265, 1266, 1267, 1289, 1290, 1292, 1294, 1295, 1296, 1298, 1300, 1301, 1302], "summary": {"covered_lines": 56, "num_statements": 69, "percent_covered": 81.15942028985508, "percent_covered_display": "81.16", "missing_lines": 13, "excluded_lines": 0}, "missing_lines": [1269, 1270, 1271, 1272, 1273, 1274, 1278, 1279, 1280, 1281, 1283, 1284, 1285], "excluded_lines": []}, "list_training_data_command": {"executed_lines": [1321, 1323, 1324, 1326, 1327, 1328, 1329, 1332, 1333, 1334, 1337, 1338, 1339, 1341, 1344, 1345, 1346, 1347, 1350, 1351, 1353, 1354, 1355, 1356, 1358, 1359, 1360, 1361, 1362, 1365, 1368, 1369, 1370, 1371, 1372, 1373, 1376, 1377, 1378, 1379, 1381, 1382, 1383, 1384, 1386, 1387, 1388, 1389, 1391, 1392, 1393, 1395, 1397, 1398, 1401, 1408, 1409, 1410, 1412, 1416, 1421, 1422, 1424, 1425, 1427, 1428, 1429, 1431, 1433, 1434, 1435], "summary": {"covered_lines": 71, "num_statements": 80, "percent_covered": 88.75, "percent_covered_display": "88.75", "missing_lines": 9, "excluded_lines": 0}, "missing_lines": [1399, 1400, 1402, 1403, 1404, 1405, 1407, 1413, 1417], "excluded_lines": []}, "list_assessments_command": {"executed_lines": [1456, 1458, 1459, 1461, 1462, 1463, 1464, 1467, 1468, 1469, 1472, 1473, 1474, 1476, 1479, 1480, 1481, 1482, 1485, 1486, 1487, 1488, 1490, 1491, 1492, 1493, 1496, 1499, 1502, 1503, 1506, 1507, 1508, 1509, 1511, 1512, 1513, 1514, 1516, 1517, 1518, 1520, 1552, 1554, 1555, 1556, 1557, 1558, 1559, 1561, 1562, 1563, 1567, 1569, 1570, 1571], "summary": {"covered_lines": 56, "num_statements": 77, "percent_covered": 72.72727272727273, "percent_covered_display": "72.73", "missing_lines": 21, "excluded_lines": 0}, "missing_lines": [1522, 1523, 1524, 1527, 1528, 1529, 1531, 1534, 1535, 1536, 1537, 1538, 1539, 1540, 1543, 1544, 1545, 1546, 1547, 1549, 1550], "excluded_lines": []}, "clean_cache_command": {"executed_lines": [1592, 1594, 1595, 1597, 1598, 1599, 1600, 1603, 1604, 1605, 1608, 1609, 1610, 1613, 1632, 1639, 1640, 1641, 1644, 1645, 1646, 1648, 1650, 1651, 1653, 1654, 1655, 1657, 1658, 1659, 1662, 1663, 1664, 1665, 1668, 1669, 1672, 1674, 1679, 1680, 1681, 1682, 1685, 1687, 1688, 1689, 1690, 1691, 1692, 1693, 1695, 1696, 1697, 1698, 1699, 1701, 1702, 1703, 1704, 1707, 1708, 1709, 1712, 1713, 1714, 1715, 1716, 1718, 1719, 1722, 1723, 1724, 1726, 1727, 1728, 1730, 1731, 1734, 1735, 1736, 1738, 1739, 1740, 1741, 1742, 1744, 1746, 1747, 1748], "summary": {"covered_lines": 89, "num_statements": 94, "percent_covered": 94.68085106382979, "percent_covered_display": "94.68", "missing_lines": 5, "excluded_lines": 0}, "missing_lines": [1675, 1676, 1677, 1717, 1729], "excluded_lines": []}, "_format_file_size": {"executed_lines": [1753, 1754, 1756, 1757, 1759, 1760, 1761, 1762], "summary": {"covered_lines": 8, "num_statements": 8, "percent_covered": 100.0, "percent_covered_display": "100.00", "missing_lines": 0, "excluded_lines": 0}, "missing_lines": [], "excluded_lines": []}, "_count_csv_rows": {"executed_lines": [1767, 1768, 1769, 1771, 1772, 1773], "summary": {"covered_lines": 6, "num_statements": 6, "percent_covered": 100.0, "percent_covered_display": "100.00", "missing_lines": 0, "excluded_lines": 0}, "missing_lines": [], "excluded_lines": []}, "export_report_command": {"executed_lines": [1798, 1800, 1801, 1803, 1804, 1805, 1806, 1809, 1810, 1811, 1814, 1815, 1816, 1818, 1821, 1823, 1824, 1825, 1826, 1829, 1831, 1832, 1833, 1835, 1836, 1840, 1841, 1842, 1844, 1845, 1846, 1849, 1850, 1851, 1852, 1855, 1856, 1859, 1873, 1875, 1878, 1879, 1882, 1888, 1889, 1892, 1893, 1894, 1895, 1896, 1897, 1898, 1907, 1908, 1909, 1912, 1913, 1914, 1917, 1918, 1919, 1920, 1923, 1924, 1925, 1927, 1929, 1930, 1931], "summary": {"covered_lines": 69, "num_statements": 73, "percent_covered": 94.52054794520548, "percent_covered_display": "94.52", "missing_lines": 4, "excluded_lines": 0}, "missing_lines": [1838, 1861, 1870, 1871], "excluded_lines": []}, "show_standard_command": {"executed_lines": [1952, 1954, 1955, 1957, 1958, 1959, 1960, 1963, 1964, 1965, 1968, 1969, 1970, 1973, 1975, 1976, 1977, 1978, 1979, 1982, 1983, 1984, 1990, 1991, 1993, 1994, 1995, 1996, 1999, 2000, 2001, 2002, 2003, 2005, 2006, 2008, 2009, 2011, 2014, 2015, 2016, 2019, 2020, 2021, 2023, 2024, 2025, 2026, 2027, 2028, 2030, 2033, 2034, 2035, 2037, 2038, 2039, 2040, 2041, 2042, 2044, 2047, 2048, 2049, 2050, 2051, 2057, 2058, 2060, 2061, 2062, 2063, 2065, 2067, 2070, 2071, 2076, 2079, 2080, 2082, 2084, 2085, 2086], "summary": {"covered_lines": 83, "num_statements": 90, "percent_covered": 92.22222222222223, "percent_covered_display": "92.22", "missing_lines": 7, "excluded_lines": 0}, "missing_lines": [1985, 1986, 1987, 2052, 2053, 2054, 2055], "excluded_lines": []}, "explain_failure_command": {"executed_lines": [2107, 2109, 2110, 2112, 2113, 2114, 2115, 2118, 2119, 2120, 2123, 2124, 2125, 2127, 2130, 2132, 2133, 2134, 2135, 2138, 2142, 2144, 2145, 2149, 2150, 2151, 2153, 2154, 2157, 2160, 2161, 2164, 2165, 2167, 2168, 2169, 2170, 2171, 2173, 2174, 2175, 2176, 2179, 2180, 2182, 2183, 2184, 2185, 2186, 2187, 2189, 2193, 2194, 2196, 2199, 2200, 2202, 2203, 2206, 2207, 2208, 2209, 2210, 2211, 2212, 2215, 2218, 2219, 2220, 2221, 2224, 2225, 2226, 2227, 2228, 2231, 2232, 2233, 2235, 2237, 2238, 2239, 2240, 2242, 2244, 2245, 2246], "summary": {"covered_lines": 87, "num_statements": 90, "percent_covered": 96.66666666666667, "percent_covered_display": "96.67", "missing_lines": 3, "excluded_lines": 0}, "missing_lines": [2140, 2141, 2147], "excluded_lines": []}, "_get_dimension_recommendations": {"executed_lines": [2253, 2255, 2256, 2265, 2266, 2275, 2276, 2285, 2286, 2295, 2296, 2306, 2307, 2310, 2311, 2313, 2317], "summary": {"covered_lines": 17, "num_statements": 17, "percent_covered": 100.0, "percent_covered_display": "100.00", "missing_lines": 0, "excluded_lines": 0}, "missing_lines": [], "excluded_lines": []}, "main": {"executed_lines": [2322, 2324, 2325, 2326, 2330, 2331, 2332, 2333, 2334, 2338, 2339, 2340, 2343, 2344, 2345, 2346, 2347, 2355, 2356, 2357, 2358, 2359, 2360, 2361, 2367, 2368, 2369, 2370, 2371, 2375, 2376, 2377, 2378, 2379, 2383], "summary": {"covered_lines": 35, "num_statements": 35, "percent_covered": 100.0, "percent_covered_display": "100.00", "missing_lines": 0, "excluded_lines": 0}, "missing_lines": [], "excluded_lines": []}, "main.cli": {"executed_lines": [], "summary": {"covered_lines": 0, "num_statements": 1, "percent_covered": 0.0, "percent_covered_display": "0.00", "missing_lines": 1, "excluded_lines": 0}, "missing_lines": [2328], "excluded_lines": []}, "main.setup": {"executed_lines": [], "summary": {"covered_lines": 0, "num_statements": 1, "percent_covered": 0.0, "percent_covered_display": "0.00", "missing_lines": 1, "excluded_lines": 0}, "missing_lines": [2336], "excluded_lines": []}, "main.assess": {"executed_lines": [], "summary": {"covered_lines": 0, "num_statements": 1, "percent_covered": 0.0, "percent_covered_display": "0.00", "missing_lines": 1, "excluded_lines": 0}, "missing_lines": [2351], "excluded_lines": []}, "main.generate_standard": {"executed_lines": [], "summary": {"covered_lines": 0, "num_statements": 1, "percent_covered": 0.0, "percent_covered_display": "0.00", "missing_lines": 1, "excluded_lines": 0}, "missing_lines": [2363], "excluded_lines": []}, "main.validate_standard": {"executed_lines": [], "summary": {"covered_lines": 0, "num_statements": 1, "percent_covered": 0.0, "percent_covered_display": "0.00", "missing_lines": 1, "excluded_lines": 0}, "missing_lines": [2373], "excluded_lines": []}, "main.list_standards": {"executed_lines": [], "summary": {"covered_lines": 0, "num_statements": 1, "percent_covered": 0.0, "percent_covered_display": "0.00", "missing_lines": 1, "excluded_lines": 0}, "missing_lines": [2381], "excluded_lines": []}, "": {"executed_lines": [1, 7, 8, 9, 10, 11, 12, 13, 15, 17, 18, 22, 23, 24, 25, 26, 29, 108, 235, 394, 420, 452, 481, 500, 512, 540, 568, 626, 751, 791, 825, 870, 945, 1003, 1022, 1093, 1122, 1144, 1184, 1305, 1438, 1574, 1751, 1765, 1776, 1934, 2089, 2249, 2320, 2386], "summary": {"covered_lines": 48, "num_statements": 50, "percent_covered": 96.0, "percent_covered_display": "96.00", "missing_lines": 2, "excluded_lines": 2}, "missing_lines": [19, 20], "excluded_lines": [2386, 2387]}}, "classes": {"": {"executed_lines": [1, 7, 8, 9, 10, 11, 12, 13, 15, 17, 18, 22, 23, 24, 25, 26, 29, 45, 47, 48, 51, 52, 53, 54, 57, 58, 61, 64, 67, 68, 69, 72, 75, 78, 79, 80, 81, 82, 83, 84, 85, 86, 87, 88, 89, 90, 91, 92, 93, 94, 95, 97, 99, 100, 101, 102, 103, 104, 105, 108, 130, 132, 133, 135, 136, 137, 138, 141, 142, 143, 146, 147, 148, 151, 154, 157, 158, 159, 160, 161, 162, 167, 169, 170, 171, 172, 173, 174, 177, 178, 183, 185, 188, 189, 190, 192, 193, 196, 199, 202, 203, 206, 207, 208, 209, 210, 211, 212, 216, 217, 220, 221, 222, 223, 225, 227, 228, 229, 230, 231, 232, 235, 255, 257, 258, 260, 261, 262, 263, 266, 267, 268, 271, 272, 273, 276, 279, 280, 281, 284, 285, 286, 287, 290, 292, 293, 294, 295, 296, 299, 300, 305, 307, 310, 311, 312, 314, 315, 316, 319, 322, 323, 325, 326, 328, 329, 330, 331, 332, 333, 334, 337, 340, 341, 343, 344, 351, 352, 357, 358, 359, 360, 362, 363, 364, 365, 366, 369, 373, 374, 375, 378, 380, 382, 383, 384, 385, 386, 387, 388, 390, 391, 394, 406, 407, 410, 411, 413, 414, 417, 420, 432, 433, 436, 437, 439, 440, 443, 444, 445, 446, 449, 452, 466, 467, 469, 471, 472, 473, 474, 475, 476, 478, 481, 483, 484, 485, 486, 487, 490, 492, 493, 494, 495, 497, 500, 502, 503, 506, 507, 509, 512, 514, 515, 519, 521, 524, 525, 529, 531, 533, 534, 535, 537, 540, 554, 555, 557, 558, 559, 560, 562, 563, 568, 582, 584, 587, 588, 589, 592, 594, 599, 600, 601, 602, 603, 605, 606, 607, 608, 611, 612, 613, 614, 616, 618, 619, 620, 621, 622, 623, 626, 636, 637, 639, 651, 653, 654, 655, 656, 659, 660, 661, 662, 663, 664, 665, 666, 669, 670, 673, 674, 675, 678, 679, 680, 681, 684, 686, 691, 692, 695, 696, 701, 702, 704, 709, 710, 713, 716, 719, 722, 724, 725, 726, 729, 732, 735, 744, 745, 746, 748, 751, 755, 757, 758, 759, 762, 763, 764, 765, 767, 772, 773, 774, 775, 780, 781, 782, 783, 784, 785, 788, 791, 795, 796, 797, 798, 800, 803, 804, 805, 806, 807, 808, 809, 810, 812, 815, 816, 821, 822, 825, 829, 837, 838, 839, 840, 842, 843, 844, 847, 849, 851, 852, 853, 854, 855, 858, 859, 860, 863, 865, 870, 874, 875, 876, 877, 879, 881, 882, 883, 886, 887, 890, 891, 892, 893, 896, 898, 903, 904, 905, 906, 909, 911, 916, 917, 918, 919, 920, 921, 924, 926, 931, 932, 933, 934, 935, 938, 939, 942, 945, 965, 967, 968, 970, 971, 972, 973, 976, 977, 978, 981, 982, 983, 986, 987, 989, 998, 999, 1000, 1003, 1009, 1015, 1018, 1019, 1022, 1031, 1034, 1035, 1036, 1037, 1038, 1039, 1042, 1046, 1047, 1048, 1049, 1051, 1052, 1055, 1056, 1057, 1058, 1061, 1062, 1063, 1065, 1066, 1067, 1068, 1069, 1070, 1071, 1075, 1077, 1079, 1082, 1083, 1084, 1087, 1088, 1090, 1093, 1095, 1097, 1100, 1101, 1102, 1103, 1105, 1108, 1109, 1110, 1111, 1112, 1115, 1116, 1117, 1119, 1122, 1124, 1125, 1127, 1129, 1130, 1131, 1132, 1133, 1135, 1136, 1137, 1138, 1139, 1141, 1144, 1146, 1148, 1149, 1151, 1154, 1155, 1156, 1157, 1160, 1161, 1162, 1163, 1166, 1167, 1168, 1170, 1173, 1178, 1179, 1181, 1184, 1200, 1202, 1203, 1205, 1206, 1207, 1208, 1211, 1212, 1213, 1216, 1217, 1218, 1220, 1223, 1224, 1225, 1226, 1229, 1230, 1231, 1232, 1235, 1236, 1237, 1239, 1240, 1241, 1242, 1243, 1246, 1249, 1250, 1251, 1252, 1254, 1255, 1256, 1257, 1259, 1260, 1261, 1263, 1265, 1266, 1267, 1289, 1290, 1292, 1294, 1295, 1296, 1298, 1300, 1301, 1302, 1305, 1321, 1323, 1324, 1326, 1327, 1328, 1329, 1332, 1333, 1334, 1337, 1338, 1339, 1341, 1344, 1345, 1346, 1347, 1350, 1351, 1353, 1354, 1355, 1356, 1358, 1359, 1360, 1361, 1362, 1365, 1368, 1369, 1370, 1371, 1372, 1373, 1376, 1377, 1378, 1379, 1381, 1382, 1383, 1384, 1386, 1387, 1388, 1389, 1391, 1392, 1393, 1395, 1397, 1398, 1401, 1408, 1409, 1410, 1412, 1416, 1421, 1422, 1424, 1425, 1427, 1428, 1429, 1431, 1433, 1434, 1435, 1438, 1456, 1458, 1459, 1461, 1462, 1463, 1464, 1467, 1468, 1469, 1472, 1473, 1474, 1476, 1479, 1480, 1481, 1482, 1485, 1486, 1487, 1488, 1490, 1491, 1492, 1493, 1496, 1499, 1502, 1503, 1506, 1507, 1508, 1509, 1511, 1512, 1513, 1514, 1516, 1517, 1518, 1520, 1552, 1554, 1555, 1556, 1557, 1558, 1559, 1561, 1562, 1563, 1567, 1569, 1570, 1571, 1574, 1592, 1594, 1595, 1597, 1598, 1599, 1600, 1603, 1604, 1605, 1608, 1609, 1610, 1613, 1632, 1639, 1640, 1641, 1644, 1645, 1646, 1648, 1650, 1651, 1653, 1654, 1655, 1657, 1658, 1659, 1662, 1663, 1664, 1665, 1668, 1669, 1672, 1674, 1679, 1680, 1681, 1682, 1685, 1687, 1688, 1689, 1690, 1691, 1692, 1693, 1695, 1696, 1697, 1698, 1699, 1701, 1702, 1703, 1704, 1707, 1708, 1709, 1712, 1713, 1714, 1715, 1716, 1718, 1719, 1722, 1723, 1724, 1726, 1727, 1728, 1730, 1731, 1734, 1735, 1736, 1738, 1739, 1740, 1741, 1742, 1744, 1746, 1747, 1748, 1751, 1753, 1754, 1756, 1757, 1759, 1760, 1761, 1762, 1765, 1767, 1768, 1769, 1771, 1772, 1773, 1776, 1798, 1800, 1801, 1803, 1804, 1805, 1806, 1809, 1810, 1811, 1814, 1815, 1816, 1818, 1821, 1823, 1824, 1825, 1826, 1829, 1831, 1832, 1833, 1835, 1836, 1840, 1841, 1842, 1844, 1845, 1846, 1849, 1850, 1851, 1852, 1855, 1856, 1859, 1873, 1875, 1878, 1879, 1882, 1888, 1889, 1892, 1893, 1894, 1895, 1896, 1897, 1898, 1907, 1908, 1909, 1912, 1913, 1914, 1917, 1918, 1919, 1920, 1923, 1924, 1925, 1927, 1929, 1930, 1931, 1934, 1952, 1954, 1955, 1957, 1958, 1959, 1960, 1963, 1964, 1965, 1968, 1969, 1970, 1973, 1975, 1976, 1977, 1978, 1979, 1982, 1983, 1984, 1990, 1991, 1993, 1994, 1995, 1996, 1999, 2000, 2001, 2002, 2003, 2005, 2006, 2008, 2009, 2011, 2014, 2015, 2016, 2019, 2020, 2021, 2023, 2024, 2025, 2026, 2027, 2028, 2030, 2033, 2034, 2035, 2037, 2038, 2039, 2040, 2041, 2042, 2044, 2047, 2048, 2049, 2050, 2051, 2057, 2058, 2060, 2061, 2062, 2063, 2065, 2067, 2070, 2071, 2076, 2079, 2080, 2082, 2084, 2085, 2086, 2089, 2107, 2109, 2110, 2112, 2113, 2114, 2115, 2118, 2119, 2120, 2123, 2124, 2125, 2127, 2130, 2132, 2133, 2134, 2135, 2138, 2142, 2144, 2145, 2149, 2150, 2151, 2153, 2154, 2157, 2160, 2161, 2164, 2165, 2167, 2168, 2169, 2170, 2171, 2173, 2174, 2175, 2176, 2179, 2180, 2182, 2183, 2184, 2185, 2186, 2187, 2189, 2193, 2194, 2196, 2199, 2200, 2202, 2203, 2206, 2207, 2208, 2209, 2210, 2211, 2212, 2215, 2218, 2219, 2220, 2221, 2224, 2225, 2226, 2227, 2228, 2231, 2232, 2233, 2235, 2237, 2238, 2239, 2240, 2242, 2244, 2245, 2246, 2249, 2253, 2255, 2256, 2265, 2266, 2275, 2276, 2285, 2286, 2295, 2296, 2306, 2307, 2310, 2311, 2313, 2317, 2320, 2322, 2324, 2325, 2326, 2330, 2331, 2332, 2333, 2334, 2338, 2339, 2340, 2343, 2344, 2345, 2346, 2347, 2355, 2356, 2357, 2358, 2359, 2360, 2361, 2367, 2368, 2369, 2370, 2371, 2375, 2376, 2377, 2378, 2379, 2383, 2386], "summary": {"covered_lines": 1155, "num_statements": 1239, "percent_covered": 93.22033898305085, "percent_covered_display": "93.22", "missing_lines": 84, "excluded_lines": 2}, "missing_lines": [19, 20, 179, 180, 301, 302, 564, 565, 595, 596, 597, 738, 739, 742, 1016, 1073, 1269, 1270, 1271, 1272, 1273, 1274, 1278, 1279, 1280, 1281, 1283, 1284, 1285, 1399, 1400, 1402, 1403, 1404, 1405, 1407, 1413, 1417, 1522, 1523, 1524, 1527, 1528, 1529, 1531, 1534, 1535, 1536, 1537, 1538, 1539, 1540, 1543, 1544, 1545, 1546, 1547, 1549, 1550, 1675, 1676, 1677, 1717, 1729, 1838, 1861, 1870, 1871, 1985, 1986, 1987, 2052, 2053, 2054, 2055, 2140, 2141, 2147, 2328, 2336, 2351, 2363, 2373, 2381], "excluded_lines": [2386, 2387]}}}, "adri/config/__init__.py": {"executed_lines": [0], "summary": {"covered_lines": 0, "num_statements": 0, "percent_covered": 100.0, "percent_covered_display": "100.00", "missing_lines": 0, "excluded_lines": 0}, "missing_lines": [], "excluded_lines": [], "functions": {"": {"executed_lines": [], "summary": {"covered_lines": 0, "num_statements": 0, "percent_covered": 100.0, "percent_covered_display": "100.00", "missing_lines": 0, "excluded_lines": 0}, "missing_lines": [], "excluded_lines": []}}, "classes": {"": {"executed_lines": [], "summary": {"covered_lines": 0, "num_statements": 0, "percent_covered": 100.0, "percent_covered_display": "100.00", "missing_lines": 0, "excluded_lines": 0}, "missing_lines": [], "excluded_lines": []}}}, "adri/config/loader.py": {"executed_lines": [1, 7, 8, 9, 11, 14, 15, 17, 18, 24, 36, 37, 40, 41, 42, 44, 46, 48, 49, 50, 52, 53, 55, 56, 57, 59, 61, 62, 64, 66, 67, 68, 69, 71], "summary": {"covered_lines": 32, "num_statements": 32, "percent_covered": 100.0, "percent_covered_display": "100.00", "missing_lines": 0, "excluded_lines": 0}, "missing_lines": [], "excluded_lines": [], "functions": {"ConfigLoader.__init__": {"executed_lines": [18], "summary": {"covered_lines": 1, "num_statements": 1, "percent_covered": 100.0, "percent_covered_display": "100.00", "missing_lines": 0, "excluded_lines": 0}, "missing_lines": [], "excluded_lines": []}, "ConfigLoader.load_config": {"executed_lines": [36, 37, 40, 41, 42, 44], "summary": {"covered_lines": 6, "num_statements": 6, "percent_covered": 100.0, "percent_covered_display": "100.00", "missing_lines": 0, "excluded_lines": 0}, "missing_lines": [], "excluded_lines": []}, "ConfigLoader._load_config_file": {"executed_lines": [48, 49, 50, 52, 53, 55, 56, 57], "summary": {"covered_lines": 8, "num_statements": 8, "percent_covered": 100.0, "percent_covered_display": "100.00", "missing_lines": 0, "excluded_lines": 0}, "missing_lines": [], "excluded_lines": []}, "ConfigLoader.validate_config_structure": {"executed_lines": [61, 62, 64, 66, 67, 68, 69, 71], "summary": {"covered_lines": 8, "num_statements": 8, "percent_covered": 100.0, "percent_covered_display": "100.00", "missing_lines": 0, "excluded_lines": 0}, "missing_lines": [], "excluded_lines": []}, "": {"executed_lines": [1, 7, 8, 9, 11, 14, 15, 17, 24, 46, 59], "summary": {"covered_lines": 9, "num_statements": 9, "percent_covered": 100.0, "percent_covered_display": "100.00", "missing_lines": 0, "excluded_lines": 0}, "missing_lines": [], "excluded_lines": []}}, "classes": {"ConfigLoader": {"executed_lines": [18, 36, 37, 40, 41, 42, 44, 48, 49, 50, 52, 53, 55, 56, 57, 61, 62, 64, 66, 67, 68, 69, 71], "summary": {"covered_lines": 23, "num_statements": 23, "percent_covered": 100.0, "percent_covered_display": "100.00", "missing_lines": 0, "excluded_lines": 0}, "missing_lines": [], "excluded_lines": []}, "": {"executed_lines": [1, 7, 8, 9, 11, 14, 15, 17, 24, 46, 59], "summary": {"covered_lines": 9, "num_statements": 9, "percent_covered": 100.0, "percent_covered_display": "100.00", "missing_lines": 0, "excluded_lines": 0}, "missing_lines": [], "excluded_lines": []}}}, "adri/config/manager.py": {"executed_lines": [1, 7, 8, 9, 11, 14, 15, 17, 19, 21, 31, 107, 117, 119, 120, 122, 125, 131, 132, 133, 136, 137, 138, 141, 142, 143, 145, 146, 147, 148, 149, 151, 153, 154, 156, 166, 167, 169, 181, 182, 184, 185, 186, 187, 188, 190, 197, 198, 201, 202, 203, 204, 207, 210, 212, 222, 225, 227, 228, 229, 232, 238, 239, 240, 241, 243, 245, 257, 258, 260, 261, 263, 265, 278, 280, 281, 283, 284, 286, 288, 305, 306, 309, 310, 312, 314, 327, 328, 330, 343, 344, 346, 356, 358, 360, 361, 363, 364, 365, 377, 378, 379, 380, 381, 383, 386, 387, 390, 391, 394, 395, 396, 399, 400, 401, 405, 407, 419, 420, 422, 432, 435, 438, 439, 441, 442, 443, 444, 446, 448, 461, 462, 464, 465, 467, 468, 470, 472], "summary": {"covered_lines": 136, "num_statements": 136, "percent_covered": 100.0, "percent_covered_display": "100.00", "missing_lines": 0, "excluded_lines": 0}, "missing_lines": [], "excluded_lines": [], "functions": {"ConfigManager.__init__": {"executed_lines": [19], "summary": {"covered_lines": 1, "num_statements": 1, "percent_covered": 100.0, "percent_covered_display": "100.00", "missing_lines": 0, "excluded_lines": 0}, "missing_lines": [], "excluded_lines": []}, "ConfigManager.create_default_config": {"executed_lines": [31], "summary": {"covered_lines": 1, "num_statements": 1, "percent_covered": 100.0, "percent_covered_display": "100.00", "missing_lines": 0, "excluded_lines": 0}, "missing_lines": [], "excluded_lines": []}, "ConfigManager.validate_config": {"executed_lines": [117, 119, 120, 122, 125, 131, 132, 133, 136, 137, 138, 141, 142, 143, 145, 146, 147, 148, 149, 151, 153, 154], "summary": {"covered_lines": 22, "num_statements": 22, "percent_covered": 100.0, "percent_covered_display": "100.00", "missing_lines": 0, "excluded_lines": 0}, "missing_lines": [], "excluded_lines": []}, "ConfigManager.save_config": {"executed_lines": [166, 167], "summary": {"covered_lines": 2, "num_statements": 2, "percent_covered": 100.0, "percent_covered_display": "100.00", "missing_lines": 0, "excluded_lines": 0}, "missing_lines": [], "excluded_lines": []}, "ConfigManager.load_config": {"executed_lines": [181, 182, 184, 185, 186, 187, 188], "summary": {"covered_lines": 7, "num_statements": 7, "percent_covered": 100.0, "percent_covered_display": "100.00", "missing_lines": 0, "excluded_lines": 0}, "missing_lines": [], "excluded_lines": []}, "ConfigManager.create_directory_structure": {"executed_lines": [197, 198, 201, 202, 203, 204, 207, 210], "summary": {"covered_lines": 8, "num_statements": 8, "percent_covered": 100.0, "percent_covered_display": "100.00", "missing_lines": 0, "excluded_lines": 0}, "missing_lines": [], "excluded_lines": []}, "ConfigManager.find_config_file": {"executed_lines": [222, 225, 227, 228, 229, 232, 238, 239, 240, 241, 243], "summary": {"covered_lines": 11, "num_statements": 11, "percent_covered": 100.0, "percent_covered_display": "100.00", "missing_lines": 0, "excluded_lines": 0}, "missing_lines": [], "excluded_lines": []}, "ConfigManager.get_active_config": {"executed_lines": [257, 258, 260, 261, 263], "summary": {"covered_lines": 5, "num_statements": 5, "percent_covered": 100.0, "percent_covered_display": "100.00", "missing_lines": 0, "excluded_lines": 0}, "missing_lines": [], "excluded_lines": []}, "ConfigManager.get_environment_config": {"executed_lines": [278, 280, 281, 283, 284, 286], "summary": {"covered_lines": 6, "num_statements": 6, "percent_covered": 100.0, "percent_covered_display": "100.00", "missing_lines": 0, "excluded_lines": 0}, "missing_lines": [], "excluded_lines": []}, "ConfigManager.resolve_standard_path": {"executed_lines": [305, 306, 309, 310, 312], "summary": {"covered_lines": 5, "num_statements": 5, "percent_covered": 100.0, "percent_covered_display": "100.00", "missing_lines": 0, "excluded_lines": 0}, "missing_lines": [], "excluded_lines": []}, "ConfigManager.get_assessments_dir": {"executed_lines": [327, 328], "summary": {"covered_lines": 2, "num_statements": 2, "percent_covered": 100.0, "percent_covered_display": "100.00", "missing_lines": 0, "excluded_lines": 0}, "missing_lines": [], "excluded_lines": []}, "ConfigManager.get_training_data_dir": {"executed_lines": [343, 344], "summary": {"covered_lines": 2, "num_statements": 2, "percent_covered": 100.0, "percent_covered_display": "100.00", "missing_lines": 0, "excluded_lines": 0}, "missing_lines": [], "excluded_lines": []}, "ConfigManager.validate_paths": {"executed_lines": [356, 358, 360, 361, 363, 364, 365, 377, 378, 379, 380, 381, 383, 386, 387, 390, 391, 394, 395, 396, 399, 400, 401, 405], "summary": {"covered_lines": 24, "num_statements": 24, "percent_covered": 100.0, "percent_covered_display": "100.00", "missing_lines": 0, "excluded_lines": 0}, "missing_lines": [], "excluded_lines": []}, "ConfigManager.get_protection_config": {"executed_lines": [419, 420, 422, 432, 435, 438, 439, 441, 442, 443, 444, 446], "summary": {"covered_lines": 12, "num_statements": 12, "percent_covered": 100.0, "percent_covered_display": "100.00", "missing_lines": 0, "excluded_lines": 0}, "missing_lines": [], "excluded_lines": []}, "ConfigManager.resolve_standard_path_simple": {"executed_lines": [461, 462, 464, 465, 467, 468, 470, 472], "summary": {"covered_lines": 8, "num_statements": 8, "percent_covered": 100.0, "percent_covered_display": "100.00", "missing_lines": 0, "excluded_lines": 0}, "missing_lines": [], "excluded_lines": []}, "": {"executed_lines": [1, 7, 8, 9, 11, 14, 15, 17, 21, 107, 156, 169, 190, 212, 245, 265, 288, 314, 330, 346, 407, 448], "summary": {"covered_lines": 20, "num_statements": 20, "percent_covered": 100.0, "percent_covered_display": "100.00", "missing_lines": 0, "excluded_lines": 0}, "missing_lines": [], "excluded_lines": []}}, "classes": {"ConfigManager": {"executed_lines": [19, 31, 117, 119, 120, 122, 125, 131, 132, 133, 136, 137, 138, 141, 142, 143, 145, 146, 147, 148, 149, 151, 153, 154, 166, 167, 181, 182, 184, 185, 186, 187, 188, 197, 198, 201, 202, 203, 204, 207, 210, 222, 225, 227, 228, 229, 232, 238, 239, 240, 241, 243, 257, 258, 260, 261, 263, 278, 280, 281, 283, 284, 286, 305, 306, 309, 310, 312, 327, 328, 343, 344, 356, 358, 360, 361, 363, 364, 365, 377, 378, 379, 380, 381, 383, 386, 387, 390, 391, 394, 395, 396, 399, 400, 401, 405, 419, 420, 422, 432, 435, 438, 439, 441, 442, 443, 444, 446, 461, 462, 464, 465, 467, 468, 470, 472], "summary": {"covered_lines": 116, "num_statements": 116, "percent_covered": 100.0, "percent_covered_display": "100.00", "missing_lines": 0, "excluded_lines": 0}, "missing_lines": [], "excluded_lines": []}, "": {"executed_lines": [1, 7, 8, 9, 11, 14, 15, 17, 21, 107, 156, 169, 190, 212, 245, 265, 288, 314, 330, 346, 407, 448], "summary": {"covered_lines": 20, "num_statements": 20, "percent_covered": 100.0, "percent_covered_display": "100.00", "missing_lines": 0, "excluded_lines": 0}, "missing_lines": [], "excluded_lines": []}}}, "adri/core/__init__.py": {"executed_lines": [1, 7, 9], "summary": {"covered_lines": 2, "num_statements": 2, "percent_covered": 100.0, "percent_covered_display": "100.00", "missing_lines": 0, "excluded_lines": 0}, "missing_lines": [], "excluded_lines": [], "functions": {"": {"executed_lines": [1, 7, 9], "summary": {"covered_lines": 2, "num_statements": 2, "percent_covered": 100.0, "percent_covered_display": "100.00", "missing_lines": 0, "excluded_lines": 0}, "missing_lines": [], "excluded_lines": []}}, "classes": {"": {"executed_lines": [1, 7, 9], "summary": {"covered_lines": 2, "num_statements": 2, "percent_covered": 100.0, "percent_covered_display": "100.00", "missing_lines": 0, "excluded_lines": 0}, "missing_lines": [], "excluded_lines": []}}}, "adri/core/assessor.py": {"executed_lines": [1, 7, 9, 12, 13, 15, 16, 18, 20, 22, 24, 27, 28, 30, 39, 40, 41, 42, 43, 44, 45, 46, 48, 50, 52, 54, 56, 58, 64, 72, 73, 75, 81, 83, 86, 87, 89, 93, 96, 97, 98, 99, 106, 187, 188, 193, 194, 198, 200, 202, 205, 206, 208, 215, 216, 217, 218, 220, 222, 225, 226, 228, 240, 241, 242, 243, 244, 245, 246, 247, 248, 251, 252, 256, 258, 260, 270, 271, 272, 273, 274, 275, 276, 277, 279, 282, 283, 285, 304, 306, 307, 308, 309, 310, 312, 313, 314, 315, 316, 317, 318, 319, 320, 321, 324, 325, 326, 327, 328, 329, 330, 331, 332, 333, 334, 335, 336, 337, 338, 340, 343, 349, 381, 382, 384, 385, 387, 389, 391, 392, 394, 396, 397, 399, 401, 402, 404, 407, 408, 410, 422, 423, 425, 426, 427, 429, 462, 475, 477, 480, 481, 484, 485, 486, 488, 497, 498, 501, 504, 506, 512, 514, 515, 516, 517, 518, 520, 528, 529, 530, 532, 534, 538, 539, 542, 543, 544, 546, 548, 549, 550, 552, 553, 556, 561, 562, 563, 566, 567, 568, 570, 571, 574, 575, 577, 581, 582, 587, 588, 590, 591, 592, 593, 595, 596, 597, 599, 601, 603, 606, 608, 610, 612, 613, 614, 615, 616, 617, 618, 619, 620, 621, 622, 628, 630, 632, 636, 637, 638, 640, 642, 644, 645, 646, 648, 649, 651, 652, 653, 655, 657, 658, 660, 661, 663, 664, 666, 667, 669, 670, 672, 674, 676, 677, 679, 680, 682, 683, 684, 685, 687, 689, 690, 691, 692, 693, 694, 695, 696, 698, 699, 702, 703, 705, 707, 708, 710, 711, 712, 714, 716, 719, 721, 724, 726, 729, 732, 736, 738, 743, 746, 750, 752, 753, 754, 755, 760, 761, 764, 767, 771, 773, 774, 776, 777, 778, 779, 780, 782, 783, 784, 785, 787, 788, 789, 792, 796, 798, 799, 801, 804, 808, 810, 811, 813, 814, 817, 818, 819, 820, 821, 822, 823, 824, 825, 826, 827, 833, 834, 835, 836, 837, 838, 839, 840, 841, 842, 843, 844, 845, 850, 851, 852, 855, 857, 860, 861, 864, 865], "summary": {"covered_lines": 351, "num_statements": 380, "percent_covered": 92.36842105263158, "percent_covered_display": "92.37", "missing_lines": 29, "excluded_lines": 0}, "missing_lines": [101, 432, 433, 436, 437, 438, 440, 449, 450, 453, 458, 460, 508, 510, 557, 558, 583, 585, 744, 765, 790, 802, 828, 829, 830, 846, 847, 848, 853], "excluded_lines": [], "functions": {"BundledStandardWrapper.__init__": {"executed_lines": [16], "summary": {"covered_lines": 1, "num_statements": 1, "percent_covered": 100.0, "percent_covered_display": "100.00", "missing_lines": 0, "excluded_lines": 0}, "missing_lines": [], "excluded_lines": []}, "BundledStandardWrapper.get_field_requirements": {"executed_lines": [20], "summary": {"covered_lines": 1, "num_statements": 1, "percent_covered": 100.0, "percent_covered_display": "100.00", "missing_lines": 0, "excluded_lines": 0}, "missing_lines": [], "excluded_lines": []}, "BundledStandardWrapper.get_overall_minimum": {"executed_lines": [24], "summary": {"covered_lines": 1, "num_statements": 1, "percent_covered": 100.0, "percent_covered_display": "100.00", "missing_lines": 0, "excluded_lines": 0}, "missing_lines": [], "excluded_lines": []}, "AssessmentResult.__init__": {"executed_lines": [39, 40, 41, 42, 43, 44, 45, 46], "summary": {"covered_lines": 8, "num_statements": 8, "percent_covered": 100.0, "percent_covered_display": "100.00", "missing_lines": 0, "excluded_lines": 0}, "missing_lines": [], "excluded_lines": []}, "AssessmentResult.add_rule_execution": {"executed_lines": [50], "summary": {"covered_lines": 1, "num_statements": 1, "percent_covered": 100.0, "percent_covered_display": "100.00", "missing_lines": 0, "excluded_lines": 0}, "missing_lines": [], "excluded_lines": []}, "AssessmentResult.add_field_analysis": {"executed_lines": [54], "summary": {"covered_lines": 1, "num_statements": 1, "percent_covered": 100.0, "percent_covered_display": "100.00", "missing_lines": 0, "excluded_lines": 0}, "missing_lines": [], "excluded_lines": []}, "AssessmentResult.set_dataset_info": {"executed_lines": [58], "summary": {"covered_lines": 1, "num_statements": 1, "percent_covered": 100.0, "percent_covered_display": "100.00", "missing_lines": 0, "excluded_lines": 0}, "missing_lines": [], "excluded_lines": []}, "AssessmentResult.set_execution_stats": {"executed_lines": [72, 73, 75], "summary": {"covered_lines": 3, "num_statements": 3, "percent_covered": 100.0, "percent_covered_display": "100.00", "missing_lines": 0, "excluded_lines": 0}, "missing_lines": [], "excluded_lines": []}, "AssessmentResult.to_standard_dict": {"executed_lines": [83, 86, 87], "summary": {"covered_lines": 3, "num_statements": 3, "percent_covered": 100.0, "percent_covered_display": "100.00", "missing_lines": 0, "excluded_lines": 0}, "missing_lines": [], "excluded_lines": []}, "AssessmentResult.to_v2_standard_dict": {"executed_lines": [93, 96, 97, 98, 99, 106, 187, 188, 193, 194, 198], "summary": {"covered_lines": 11, "num_statements": 12, "percent_covered": 91.66666666666667, "percent_covered_display": "91.67", "missing_lines": 1, "excluded_lines": 0}, "missing_lines": [101], "excluded_lines": []}, "AssessmentResult.to_dict": {"executed_lines": [202], "summary": {"covered_lines": 1, "num_statements": 1, "percent_covered": 100.0, "percent_covered_display": "100.00", "missing_lines": 0, "excluded_lines": 0}, "missing_lines": [], "excluded_lines": []}, "DimensionScore.__init__": {"executed_lines": [215, 216, 217, 218], "summary": {"covered_lines": 4, "num_statements": 4, "percent_covered": 100.0, "percent_covered_display": "100.00", "missing_lines": 0, "excluded_lines": 0}, "missing_lines": [], "excluded_lines": []}, "DimensionScore.percentage": {"executed_lines": [222], "summary": {"covered_lines": 1, "num_statements": 1, "percent_covered": 100.0, "percent_covered_display": "100.00", "missing_lines": 0, "excluded_lines": 0}, "missing_lines": [], "excluded_lines": []}, "FieldAnalysis.__init__": {"executed_lines": [240, 241, 242, 243, 244, 245, 246, 247, 248, 251, 252, 256], "summary": {"covered_lines": 12, "num_statements": 12, "percent_covered": 100.0, "percent_covered_display": "100.00", "missing_lines": 0, "excluded_lines": 0}, "missing_lines": [], "excluded_lines": []}, "FieldAnalysis.to_dict": {"executed_lines": [260, 270, 271, 272, 273, 274, 275, 276, 277, 279], "summary": {"covered_lines": 10, "num_statements": 10, "percent_covered": 100.0, "percent_covered_display": "100.00", "missing_lines": 0, "excluded_lines": 0}, "missing_lines": [], "excluded_lines": []}, "RuleExecutionResult.__init__": {"executed_lines": [304, 306, 307, 308, 309, 310, 312, 313, 314, 315, 316, 317, 318, 319, 320, 321, 324, 325, 326, 327, 328, 329, 330, 331, 332, 333, 334, 335, 336, 337, 338], "summary": {"covered_lines": 31, "num_statements": 31, "percent_covered": 100.0, "percent_covered_display": "100.00", "missing_lines": 0, "excluded_lines": 0}, "missing_lines": [], "excluded_lines": []}, "RuleExecutionResult.to_dict": {"executed_lines": [343, 349], "summary": {"covered_lines": 2, "num_statements": 2, "percent_covered": 100.0, "percent_covered_display": "100.00", "missing_lines": 0, "excluded_lines": 0}, "missing_lines": [], "excluded_lines": []}, "DataQualityAssessor.__init__": {"executed_lines": [385], "summary": {"covered_lines": 1, "num_statements": 1, "percent_covered": 100.0, "percent_covered_display": "100.00", "missing_lines": 0, "excluded_lines": 0}, "missing_lines": [], "excluded_lines": []}, "DataQualityAssessor.assess": {"executed_lines": [389, 391, 392, 394, 396, 397, 399, 401, 402, 404], "summary": {"covered_lines": 10, "num_statements": 10, "percent_covered": 100.0, "percent_covered_display": "100.00", "missing_lines": 0, "excluded_lines": 0}, "missing_lines": [], "excluded_lines": []}, "AssessmentEngine.assess": {"executed_lines": [422, 423, 425, 426, 427, 429], "summary": {"covered_lines": 6, "num_statements": 17, "percent_covered": 35.294117647058826, "percent_covered_display": "35.29", "missing_lines": 11, "excluded_lines": 0}, "missing_lines": [432, 433, 436, 437, 438, 440, 449, 450, 453, 458, 460], "excluded_lines": []}, "AssessmentEngine.assess_with_standard_dict": {"executed_lines": [475, 477, 480, 481, 484, 485, 486, 488, 497, 498, 501, 504, 506], "summary": {"covered_lines": 13, "num_statements": 15, "percent_covered": 86.66666666666667, "percent_covered_display": "86.67", "missing_lines": 2, "excluded_lines": 0}, "missing_lines": [508, 510], "excluded_lines": []}, "AssessmentEngine._basic_assessment": {"executed_lines": [514, 515, 516, 517, 518, 520, 528, 529, 530, 532], "summary": {"covered_lines": 10, "num_statements": 10, "percent_covered": 100.0, "percent_covered_display": "100.00", "missing_lines": 0, "excluded_lines": 0}, "missing_lines": [], "excluded_lines": []}, "AssessmentEngine._assess_validity_with_standard": {"executed_lines": [538, 539, 542, 543, 544, 546, 548, 549, 550, 552, 553, 556, 561, 562, 563, 566, 567, 568, 570, 571, 574, 575], "summary": {"covered_lines": 22, "num_statements": 24, "percent_covered": 91.66666666666667, "percent_covered_display": "91.67", "missing_lines": 2, "excluded_lines": 0}, "missing_lines": [557, 558], "excluded_lines": []}, "AssessmentEngine._assess_completeness_with_standard": {"executed_lines": [581, 582, 587, 588, 590, 591, 592, 593, 595, 596, 597, 599, 601, 603, 606], "summary": {"covered_lines": 15, "num_statements": 17, "percent_covered": 88.23529411764706, "percent_covered_display": "88.24", "missing_lines": 2, "excluded_lines": 0}, "missing_lines": [583, 585], "excluded_lines": []}, "AssessmentEngine._check_field_type": {"executed_lines": [610, 612, 613, 614, 615, 616, 617, 618, 619, 620, 621, 622, 628, 630, 632, 636, 637, 638, 640], "summary": {"covered_lines": 19, "num_statements": 19, "percent_covered": 100.0, "percent_covered_display": "100.00", "missing_lines": 0, "excluded_lines": 0}, "missing_lines": [], "excluded_lines": []}, "AssessmentEngine._check_field_pattern": {"executed_lines": [644, 645, 646, 648, 649, 651, 652, 653], "summary": {"covered_lines": 8, "num_statements": 8, "percent_covered": 100.0, "percent_covered_display": "100.00", "missing_lines": 0, "excluded_lines": 0}, "missing_lines": [], "excluded_lines": []}, "AssessmentEngine._check_field_range": {"executed_lines": [657, 658, 660, 661, 663, 664, 666, 667, 669, 670, 672], "summary": {"covered_lines": 11, "num_statements": 11, "percent_covered": 100.0, "percent_covered_display": "100.00", "missing_lines": 0, "excluded_lines": 0}, "missing_lines": [], "excluded_lines": []}, "AssessmentEngine._assess_validity": {"executed_lines": [676, 677, 679, 680, 682, 683, 684, 685, 687, 689, 690, 691, 692, 693, 694, 695, 696, 698, 699, 702, 703], "summary": {"covered_lines": 21, "num_statements": 21, "percent_covered": 100.0, "percent_covered_display": "100.00", "missing_lines": 0, "excluded_lines": 0}, "missing_lines": [], "excluded_lines": []}, "AssessmentEngine._assess_completeness": {"executed_lines": [707, 708, 710, 711, 712, 714], "summary": {"covered_lines": 6, "num_statements": 6, "percent_covered": 100.0, "percent_covered_display": "100.00", "missing_lines": 0, "excluded_lines": 0}, "missing_lines": [], "excluded_lines": []}, "AssessmentEngine._assess_consistency": {"executed_lines": [719], "summary": {"covered_lines": 1, "num_statements": 1, "percent_covered": 100.0, "percent_covered_display": "100.00", "missing_lines": 0, "excluded_lines": 0}, "missing_lines": [], "excluded_lines": []}, "AssessmentEngine._assess_freshness": {"executed_lines": [724], "summary": {"covered_lines": 1, "num_statements": 1, "percent_covered": 100.0, "percent_covered_display": "100.00", "missing_lines": 0, "excluded_lines": 0}, "missing_lines": [], "excluded_lines": []}, "AssessmentEngine._assess_plausibility": {"executed_lines": [729], "summary": {"covered_lines": 1, "num_statements": 1, "percent_covered": 100.0, "percent_covered_display": "100.00", "missing_lines": 0, "excluded_lines": 0}, "missing_lines": [], "excluded_lines": []}, "AssessmentEngine.assess_validity": {"executed_lines": [736, 738, 743], "summary": {"covered_lines": 3, "num_statements": 4, "percent_covered": 75.0, "percent_covered_display": "75.00", "missing_lines": 1, "excluded_lines": 0}, "missing_lines": [744], "excluded_lines": []}, "AssessmentEngine.assess_completeness": {"executed_lines": [750, 752, 753, 754, 755, 760, 761, 764], "summary": {"covered_lines": 8, "num_statements": 9, "percent_covered": 88.88888888888889, "percent_covered_display": "88.89", "missing_lines": 1, "excluded_lines": 0}, "missing_lines": [765], "excluded_lines": []}, "AssessmentEngine.assess_consistency": {"executed_lines": [771, 773, 774, 776, 777, 778, 779, 780, 782, 783, 784, 785, 787, 788, 789], "summary": {"covered_lines": 15, "num_statements": 16, "percent_covered": 93.75, "percent_covered_display": "93.75", "missing_lines": 1, "excluded_lines": 0}, "missing_lines": [790], "excluded_lines": []}, "AssessmentEngine.assess_freshness": {"executed_lines": [796, 798, 799, 801], "summary": {"covered_lines": 4, "num_statements": 5, "percent_covered": 80.0, "percent_covered_display": "80.00", "missing_lines": 1, "excluded_lines": 0}, "missing_lines": [802], "excluded_lines": []}, "AssessmentEngine.assess_plausibility": {"executed_lines": [808, 810, 811, 813, 814, 817, 818, 819, 820, 821, 822, 823, 824, 825, 826, 827, 833, 834, 835, 836, 837, 838, 839, 840, 841, 842, 843, 844, 845, 850, 851, 852], "summary": {"covered_lines": 32, "num_statements": 39, "percent_covered": 82.05128205128206, "percent_covered_display": "82.05", "missing_lines": 7, "excluded_lines": 0}, "missing_lines": [828, 829, 830, 846, 847, 848, 853], "excluded_lines": []}, "AssessmentEngine._is_valid_email": {"executed_lines": [857, 860, 861, 864, 865], "summary": {"covered_lines": 5, "num_statements": 5, "percent_covered": 100.0, "percent_covered_display": "100.00", "missing_lines": 0, "excluded_lines": 0}, "missing_lines": [], "excluded_lines": []}, "": {"executed_lines": [1, 7, 9, 12, 13, 15, 18, 22, 27, 28, 30, 48, 52, 56, 64, 81, 89, 200, 205, 206, 208, 220, 225, 226, 228, 258, 282, 283, 285, 340, 381, 382, 384, 387, 407, 408, 410, 462, 512, 534, 577, 608, 642, 655, 674, 705, 716, 721, 726, 732, 746, 767, 792, 804, 855], "summary": {"covered_lines": 47, "num_statements": 47, "percent_covered": 100.0, "percent_covered_display": "100.00", "missing_lines": 0, "excluded_lines": 0}, "missing_lines": [], "exclud
[...]
{"executed_lines": [1, 7, 9], "summary": {"covered_lines": 2, "num_statements": 2, "percent_covered": 100.0, "percent_covered_display": "100.00", "missing_lines": 0, "excluded_lines": 0}, "missing_lines": [], "excluded_lines": []}}, "classes": {"": {"executed_lines": [1, 7, 9], "summary": {"covered_lines": 2, "num_statements": 2, "percent_covered": 100.0, "percent_covered_display": "100.00", "missing_lines": 0, "excluded_lines": 0}, "missing_lines": [], "excluded_lines": []}}}, "adri/decorators/guard.py": {"executed_lines": [1, 7, 8, 9, 11, 12, 14, 17, 99, 100, 101, 102, 104, 107, 123, 125, 126, 128, 129, 135, 136, 149, 151, 155, 161, 169, 175, 184, 190], "summary": {"covered_lines": 28, "num_statements": 28, "percent_covered": 100.0, "percent_covered_display": "100.00", "missing_lines": 0, "excluded_lines": 0}, "missing_lines": [], "excluded_lines": [], "functions": {"adri_protected": {"executed_lines": [99, 100, 151], "summary": {"covered_lines": 3, "num_statements": 3, "percent_covered": 100.0, "percent_covered_display": "100.00", "missing_lines": 0, "excluded_lines": 0}, "missing_lines": [], "excluded_lines": []}, "adri_protected.decorator": {"executed_lines": [101, 135, 136, 149], "summary": {"covered_lines": 4, "num_statements": 4, "percent_covered": 100.0, "percent_covered_display": "100.00", "missing_lines": 0, "excluded_lines": 0}, "missing_lines": [], "excluded_lines": []}, "adri_protected.decorator.wrapper": {"executed_lines": [102, 104, 107, 123, 125, 126, 128, 129], "summary": {"covered_lines": 8, "num_statements": 8, "percent_covered": 100.0, "percent_covered_display": "100.00", "missing_lines": 0, "excluded_lines": 0}, "missing_lines": [], "excluded_lines": []}, "adri_strict": {"executed_lines": [161], "summary": {"covered_lines": 1, "num_statements": 1, "percent_covered": 100.0, "percent_covered_display": "100.00", "missing_lines": 0, "excluded_lines": 0}, "missing_lines": [], "excluded_lines": []}, "adri_permissive": {"executed_lines": [175], "summary": {"covered_lines": 1, "num_statements": 1, "percent_covered": 100.0, "percent_covered_display": "100.00", "missing_lines": 0, "excluded_lines": 0}, "missing_lines": [], "excluded_lines": []}, "adri_financial": {"executed_lines": [190], "summary": {"covered_lines": 1, "num_statements": 1, "percent_covered": 100.0, "percent_covered_display": "100.00", "missing_lines": 0, "excluded_lines": 0}, "missing_lines": [], "excluded_lines": []}, "": {"executed_lines": [1, 7, 8, 9, 11, 12, 14, 17, 155, 169, 184], "summary": {"covered_lines": 10, "num_statements": 10, "percent_covered": 100.0, "percent_covered_display": "100.00", "missing_lines": 0, "excluded_lines": 0}, "missing_lines": [], "excluded_lines": []}}, "classes": {"": {"executed_lines": [1, 7, 8, 9, 11, 12, 14, 17, 99, 100, 101, 102, 104, 107, 123, 125, 126, 128, 129, 135, 136, 149, 151, 155, 161, 169, 175, 184, 190], "summary": {"covered_lines": 28, "num_statements": 28, "percent_covered": 100.0, "percent_covered_display": "100.00", "missing_lines": 0, "excluded_lines": 0}, "missing_lines": [], "excluded_lines": []}}}, "adri/standards/__init__.py": {"executed_lines": [1, 9, 10, 12, 15, 18, 32, 35, 42, 45, 55], "summary": {"covered_lines": 10, "num_statements": 10, "percent_covered": 100.0, "percent_covered_display": "100.00", "missing_lines": 0, "excluded_lines": 0}, "missing_lines": [], "excluded_lines": [], "functions": {"load_standard": {"executed_lines": [32], "summary": {"covered_lines": 1, "num_statements": 1, "percent_covered": 100.0, "percent_covered_display": "100.00", "missing_lines": 0, "excluded_lines": 0}, "missing_lines": [], "excluded_lines": []}, "list_available_standards": {"executed_lines": [42], "summary": {"covered_lines": 1, "num_statements": 1, "percent_covered": 100.0, "percent_covered_display": "100.00", "missing_lines": 0, "excluded_lines": 0}, "missing_lines": [], "excluded_lines": []}, "standard_exists": {"executed_lines": [55], "summary": {"covered_lines": 1, "num_statements": 1, "percent_covered": 100.0, "percent_covered_display": "100.00", "missing_lines": 0, "excluded_lines": 0}, "missing_lines": [], "excluded_lines": []}, "": {"executed_lines": [1, 9, 10, 12, 15, 18, 35, 45], "summary": {"covered_lines": 7, "num_statements": 7, "percent_covered": 100.0, "percent_covered_display": "100.00", "missing_lines": 0, "excluded_lines": 0}, "missing_lines": [], "excluded_lines": []}}, "classes": {"": {"executed_lines": [1, 9, 10, 12, 15, 18, 32, 35, 42, 45, 55], "summary": {"covered_lines": 10, "num_statements": 10, "percent_covered": 100.0, "percent_covered_display": "100.00", "missing_lines": 0, "excluded_lines": 0}, "missing_lines": [], "excluded_lines": []}}}, "adri/standards/exceptions.py": {"executed_lines": [1, 8, 9, 16, 17, 18, 21, 22, 29, 30, 31, 32, 34, 37, 38, 45, 46, 47], "summary": {"covered_lines": 14, "num_statements": 14, "percent_covered": 100.0, "percent_covered_display": "100.00", "missing_lines": 0, "excluded_lines": 0}, "missing_lines": [], "excluded_lines": [], "functions": {"StandardNotFoundError.__init__": {"executed_lines": [17, 18], "summary": {"covered_lines": 2, "num_statements": 2, "percent_covered": 100.0, "percent_covered_display": "100.00", "missing_lines": 0, "excluded_lines": 0}, "missing_lines": [], "excluded_lines": []}, "InvalidStandardError.__init__": {"executed_lines": [30, 31, 32, 34], "summary": {"covered_lines": 4, "num_statements": 4, "percent_covered": 100.0, "percent_covered_display": "100.00", "missing_lines": 0, "excluded_lines": 0}, "missing_lines": [], "excluded_lines": []}, "StandardsDirectoryNotFoundError.__init__": {"executed_lines": [46, 47], "summary": {"covered_lines": 2, "num_statements": 2, "percent_covered": 100.0, "percent_covered_display": "100.00", "missing_lines": 0, "excluded_lines": 0}, "missing_lines": [], "excluded_lines": []}, "": {"executed_lines": [1, 8, 9, 16, 21, 22, 29, 37, 38, 45], "summary": {"covered_lines": 6, "num_statements": 6, "percent_covered": 100.0, "percent_covered_display": "100.00", "missing_lines": 0, "excluded_lines": 0}, "missing_lines": [], "excluded_lines": []}}, "classes": {"StandardNotFoundError": {"executed_lines": [17, 18], "summary": {"covered_lines": 2, "num_statements": 2, "percent_covered": 100.0, "percent_covered_display": "100.00", "missing_lines": 0, "excluded_lines": 0}, "missing_lines": [], "excluded_lines": []}, "InvalidStandardError": {"executed_lines": [30, 31, 32, 34], "summary": {"covered_lines": 4, "num_statements": 4, "percent_covered": 100.0, "percent_covered_display": "100.00", "missing_lines": 0, "excluded_lines": 0}, "missing_lines": [], "excluded_lines": []}, "StandardsDirectoryNotFoundError": {"executed_lines": [46, 47], "summary": {"covered_lines": 2, "num_statements": 2, "percent_covered": 100.0, "percent_covered_display": "100.00", "missing_lines": 0, "excluded_lines": 0}, "missing_lines": [], "excluded_lines": []}, "": {"executed_lines": [1, 8, 9, 16, 21, 22, 29, 37, 38, 45], "summary": {"covered_lines": 6, "num_statements": 6, "percent_covered": 100.0, "percent_covered_display": "100.00", "missing_lines": 0, "excluded_lines": 0}, "missing_lines": [], "excluded_lines": []}}}, "adri/standards/loader.py": {"executed_lines": [1, 9, 10, 11, 12, 14, 16, 23, 24, 32, 34, 35, 36, 38, 39, 41, 43, 46, 49, 52, 53, 56, 57, 59, 61, 62, 64, 65, 69, 70, 84, 86, 89, 90, 92, 94, 95, 98, 100, 102, 103, 104, 105, 109, 122, 123, 126, 127, 128, 129, 134, 135, 136, 140, 141, 142, 143, 149, 150, 151, 155, 156, 160, 167, 168, 171, 173, 174, 176, 178, 188, 189, 191, 204, 205, 208, 209, 211, 221, 223, 225, 227, 229, 233, 243, 244, 247, 254, 255], "summary": {"covered_lines": 87, "num_statements": 87, "percent_covered": 100.0, "percent_covered_display": "100.00", "missing_lines": 0, "excluded_lines": 0}, "missing_lines": [], "excluded_lines": [], "functions": {"StandardsLoader.__init__": {"executed_lines": [34, 35, 36], "summary": {"covered_lines": 3, "num_statements": 3, "percent_covered": 100.0, "percent_covered_display": "100.00", "missing_lines": 0, "excluded_lines": 0}, "missing_lines": [], "excluded_lines": []}, "StandardsLoader.standards_path": {"executed_lines": [41], "summary": {"covered_lines": 1, "num_statements": 1, "percent_covered": 100.0, "percent_covered_display": "100.00", "missing_lines": 0, "excluded_lines": 0}, "missing_lines": [], "excluded_lines": []}, "StandardsLoader._get_standards_path": {"executed_lines": [46, 49, 52, 53, 56, 57], "summary": {"covered_lines": 6, "num_statements": 6, "percent_covered": 100.0, "percent_covered_display": "100.00", "missing_lines": 0, "excluded_lines": 0}, "missing_lines": [], "excluded_lines": []}, "StandardsLoader._validate_standards_directory": {"executed_lines": [61, 62, 64, 65], "summary": {"covered_lines": 4, "num_statements": 4, "percent_covered": 100.0, "percent_covered_display": "100.00", "missing_lines": 0, "excluded_lines": 0}, "missing_lines": [], "excluded_lines": []}, "StandardsLoader.load_standard": {"executed_lines": [84, 86, 89, 90, 92, 94, 95, 98, 100, 102, 103, 104, 105], "summary": {"covered_lines": 13, "num_statements": 13, "percent_covered": 100.0, "percent_covered_display": "100.00", "missing_lines": 0, "excluded_lines": 0}, "missing_lines": [], "excluded_lines": []}, "StandardsLoader._validate_standard_structure": {"executed_lines": [122, 123, 126, 127, 128, 129, 134, 135, 136, 140, 141, 142, 143, 149, 150, 151, 155, 156], "summary": {"covered_lines": 18, "num_statements": 18, "percent_covered": 100.0, "percent_covered_display": "100.00", "missing_lines": 0, "excluded_lines": 0}, "missing_lines": [], "excluded_lines": []}, "StandardsLoader.list_available_standards": {"executed_lines": [167, 168, 171, 173, 174, 176], "summary": {"covered_lines": 6, "num_statements": 6, "percent_covered": 100.0, "percent_covered_display": "100.00", "missing_lines": 0, "excluded_lines": 0}, "missing_lines": [], "excluded_lines": []}, "StandardsLoader.standard_exists": {"executed_lines": [188, 189], "summary": {"covered_lines": 2, "num_statements": 2, "percent_covered": 100.0, "percent_covered_display": "100.00", "missing_lines": 0, "excluded_lines": 0}, "missing_lines": [], "excluded_lines": []}, "StandardsLoader.get_standard_metadata": {"executed_lines": [204, 205, 208, 209, 211, 221], "summary": {"covered_lines": 6, "num_statements": 6, "percent_covered": 100.0, "percent_covered_display": "100.00", "missing_lines": 0, "excluded_lines": 0}, "missing_lines": [], "excluded_lines": []}, "StandardsLoader.clear_cache": {"executed_lines": [225], "summary": {"covered_lines": 1, "num_statements": 1, "percent_covered": 100.0, "percent_covered_display": "100.00", "missing_lines": 0, "excluded_lines": 0}, "missing_lines": [], "excluded_lines": []}, "StandardsLoader.get_cache_info": {"executed_lines": [229], "summary": {"covered_lines": 1, "num_statements": 1, "percent_covered": 100.0, "percent_covered_display": "100.00", "missing_lines": 0, "excluded_lines": 0}, "missing_lines": [], "excluded_lines": []}, "load_bundled_standard": {"executed_lines": [243, 244], "summary": {"covered_lines": 2, "num_statements": 2, "percent_covered": 100.0, "percent_covered_display": "100.00", "missing_lines": 0, "excluded_lines": 0}, "missing_lines": [], "excluded_lines": []}, "list_bundled_standards": {"executed_lines": [254, 255], "summary": {"covered_lines": 2, "num_statements": 2, "percent_covered": 100.0, "percent_covered_display": "100.00", "missing_lines": 0, "excluded_lines": 0}, "missing_lines": [], "excluded_lines": []}, "": {"executed_lines": [1, 9, 10, 11, 12, 14, 16, 23, 24, 32, 38, 39, 43, 59, 69, 70, 109, 160, 178, 191, 223, 227, 233, 247], "summary": {"covered_lines": 22, "num_statements": 22, "percent_covered": 100.0, "percent_covered_display": "100.00", "missing_lines": 0, "excluded_lines": 0}, "missing_lines": [], "excluded_lines": []}}, "classes": {"StandardsLoader": {"executed_lines": [34, 35, 36, 41, 46, 49, 52, 53, 56, 57, 61, 62, 64, 65, 84, 86, 89, 90, 92, 94, 95, 98, 100, 102, 103, 104, 105, 122, 123, 126, 127, 128, 129, 134, 135, 136, 140, 141, 142, 143, 149, 150, 151, 155, 156, 167, 168, 171, 173, 174, 176, 188, 189, 204, 205, 208, 209, 211, 221, 225, 229], "summary": {"covered_lines": 61, "num_statements": 61, "percent_covered": 100.0, "percent_covered_display": "100.00", "missing_lines": 0, "excluded_lines": 0}, "missing_lines": [], "excluded_lines": []}, "": {"executed_lines": [1, 9, 10, 11, 12, 14, 16, 23, 24, 32, 38, 39, 43, 59, 69, 70, 109, 160, 178, 191, 223, 227, 233, 243, 244, 247, 254, 255], "summary": {"covered_lines": 26, "num_statements": 26, "percent_covered": 100.0, "percent_covered_display": "100.00", "missing_lines": 0, "excluded_lines": 0}, "missing_lines": [], "excluded_lines": []}}}, "adri/standards/yaml_standards.py": {"executed_lines": [1, 6, 8, 11, 12, 14, 16, 17, 18, 20, 21, 23, 25, 26, 28, 30, 32, 33, 34, 35, 39, 40, 41, 42, 43, 44, 47, 50, 51, 52, 53, 54, 57, 61, 62, 64, 66, 67, 68, 70, 72, 73, 74, 76, 77, 79, 80, 81, 83, 85, 87, 89, 90, 91, 92, 94, 96, 97, 99, 101, 111, 112, 115, 116, 117, 118, 121, 124, 125, 126, 127, 128, 129, 130, 131, 132, 133, 136, 137, 138, 139, 140, 141, 142, 144, 145, 146, 147, 148, 151, 152, 155, 156, 157, 158, 159, 160, 161, 162, 163, 165], "summary": {"covered_lines": 99, "num_statements": 99, "percent_covered": 100.0, "percent_covered_display": "100.00", "missing_lines": 0, "excluded_lines": 0}, "missing_lines": [], "excluded_lines": [], "functions": {"YAMLStandards.__init__": {"executed_lines": [16, 17, 18, 20, 21], "summary": {"covered_lines": 5, "num_statements": 5, "percent_covered": 100.0, "percent_covered_display": "100.00", "missing_lines": 0, "excluded_lines": 0}, "missing_lines": [], "excluded_lines": []}, "YAMLStandards.load_from_file": {"executed_lines": [25, 26, 28, 30, 32, 33, 34, 35, 39, 40, 41, 42, 43, 44, 47, 50, 51, 52, 53, 54, 57, 61, 62], "summary": {"covered_lines": 23, "num_statements": 23, "percent_covered": 100.0, "percent_covered_display": "100.00", "missing_lines": 0, "excluded_lines": 0}, "missing_lines": [], "excluded_lines": []}, "YAMLStandards.get_field_requirements": {"executed_lines": [66, 67, 68], "summary": {"covered_lines": 3, "num_statements": 3, "percent_covered": 100.0, "percent_covered_display": "100.00", "missing_lines": 0, "excluded_lines": 0}, "missing_lines": [], "excluded_lines": []}, "YAMLStandards.get_overall_minimum": {"executed_lines": [72, 73, 74], "summary": {"covered_lines": 3, "num_statements": 3, "percent_covered": 100.0, "percent_covered_display": "100.00", "missing_lines": 0, "excluded_lines": 0}, "missing_lines": [], "excluded_lines": []}, "YAMLStandards.standards_id": {"executed_lines": [79, 80, 81], "summary": {"covered_lines": 3, "num_statements": 3, "percent_covered": 100.0, "percent_covered_display": "100.00", "missing_lines": 0, "excluded_lines": 0}, "missing_lines": [], "excluded_lines": []}, "YAMLStandards.list_standards": {"executed_lines": [85], "summary": {"covered_lines": 1, "num_statements": 1, "percent_covered": 100.0, "percent_covered_display": "100.00", "missing_lines": 0, "excluded_lines": 0}, "missing_lines": [], "excluded_lines": []}, "YAMLStandards.load_standard": {"executed_lines": [89, 90, 91, 92], "summary": {"covered_lines": 4, "num_statements": 4, "percent_covered": 100.0, "percent_covered_display": "100.00", "missing_lines": 0, "excluded_lines": 0}, "missing_lines": [], "excluded_lines": []}, "YAMLStandards.validate_standard": {"executed_lines": [96, 97], "summary": {"covered_lines": 2, "num_statements": 2, "percent_covered": 100.0, "percent_covered_display": "100.00", "missing_lines": 0, "excluded_lines": 0}, "missing_lines": [], "excluded_lines": []}, "YAMLStandards.check_compliance": {"executed_lines": [101, 111, 112, 115, 116, 117, 118, 121, 124, 125, 126, 127, 128, 129, 130, 131, 132, 133, 136, 137, 138, 139, 140, 141, 142, 144, 145, 146, 147, 148, 151, 152, 155, 156, 157, 158, 159, 160, 161, 162, 163, 165], "summary": {"covered_lines": 42, "num_statements": 42, "percent_covered": 100.0, "percent_covered_display": "100.00", "missing_lines": 0, "excluded_lines": 0}, "missing_lines": [], "excluded_lines": []}, "": {"executed_lines": [1, 6, 8, 11, 12, 14, 23, 64, 70, 76, 77, 83, 87, 94, 99], "summary": {"covered_lines": 13, "num_statements": 13, "percent_covered": 100.0, "percent_covered_display": "100.00", "missing_lines": 0, "excluded_lines": 0}, "missing_lines": [], "excluded_lines": []}}, "classes": {"YAMLStandards": {"executed_lines": [16, 17, 18, 20, 21, 25, 26, 28, 30, 32, 33, 34, 35, 39, 40, 41, 42, 43, 44, 47, 50, 51, 52, 53, 54, 57, 61, 62, 66, 67, 68, 72, 73, 74, 79, 80, 81, 85, 89, 90, 91, 92, 96, 97, 101, 111, 112, 115, 116, 117, 118, 121, 124, 125, 126, 127, 128, 129, 130, 131, 132, 133, 136, 137, 138, 139, 140, 141, 142, 144, 145, 146, 147, 148, 151, 152, 155, 156, 157, 158, 159, 160, 161, 162, 163, 165], "summary": {"covered_lines": 86, "num_statements": 86, "percent_covered": 100.0, "percent_covered_display": "100.00", "missing_lines": 0, "excluded_lines": 0}, "missing_lines": [], "excluded_lines": []}, "": {"executed_lines": [1, 6, 8, 11, 12, 14, 23, 64, 70, 76, 77, 83, 87, 94, 99], "summary": {"covered_lines": 13, "num_statements": 13, "percent_covered": 100.0, "percent_covered_display": "100.00", "missing_lines": 0, "excluded_lines": 0}, "missing_lines": [], "excluded_lines": []}}}, "adri/utils/__init__.py": {"executed_lines": [], "summary": {"covered_lines": 0, "num_statements": 0, "percent_covered": 100.0, "percent_covered_display": "100.00", "missing_lines": 0, "excluded_lines": 0}, "missing_lines": [], "excluded_lines": [], "functions": {"": {"executed_lines": [], "summary": {"covered_lines": 0, "num_statements": 0, "percent_covered": 100.0, "percent_covered_display": "100.00", "missing_lines": 0, "excluded_lines": 0}, "missing_lines": [], "excluded_lines": []}}, "classes": {"": {"executed_lines": [], "summary": {"covered_lines": 0, "num_statements": 0, "percent_covered": 100.0, "percent_covered_display": "100.00", "missing_lines": 0, "excluded_lines": 0}, "missing_lines": [], "excluded_lines": []}}}, "adri/version.py": {"executed_lines": [1, 14, 17, 21, 26, 36, 37, 40, 42, 43, 46, 47, 48, 51, 61, 62, 64, 65, 67, 70, 77], "summary": {"covered_lines": 20, "num_statements": 20, "percent_covered": 100.0, "percent_covered_display": "100.00", "missing_lines": 0, "excluded_lines": 0}, "missing_lines": [], "excluded_lines": [], "functions": {"is_version_compatible": {"executed_lines": [36, 37, 40, 42, 43, 46, 47, 48], "summary": {"covered_lines": 8, "num_statements": 8, "percent_covered": 100.0, "percent_covered_display": "100.00", "missing_lines": 0, "excluded_lines": 0}, "missing_lines": [], "excluded_lines": []}, "get_score_compatibility_message": {"executed_lines": [61, 62, 64, 65, 67], "summary": {"covered_lines": 5, "num_statements": 5, "percent_covered": 100.0, "percent_covered_display": "100.00", "missing_lines": 0, "excluded_lines": 0}, "missing_lines": [], "excluded_lines": []}, "get_version_info": {"executed_lines": [77], "summary": {"covered_lines": 1, "num_statements": 1, "percent_covered": 100.0, "percent_covered_display": "100.00", "missing_lines": 0, "excluded_lines": 0}, "missing_lines": [], "excluded_lines": []}, "": {"executed_lines": [1, 14, 17, 21, 26, 51, 70], "summary": {"covered_lines": 6, "num_statements": 6, "percent_covered": 100.0, "percent_covered_display": "100.00", "missing_lines": 0, "excluded_lines": 0}, "missing_lines": [], "excluded_lines": []}}, "classes": {"": {"executed_lines": [1, 14, 17, 21, 26, 36, 37, 40, 42, 43, 46, 47, 48, 51, 61, 62, 64, 65, 67, 70, 77], "summary": {"covered_lines": 20, "num_statements": 20, "percent_covered": 100.0, "percent_covered_display": "100.00", "missing_lines": 0, "excluded_lines": 0}, "missing_lines": [], "excluded_lines": []}}}}, "totals": {"covered_lines": 2887, "num_statements": 3007, "percent_covered": 96.00931160625208, "percent_covered_display": "96.01", "missing_lines": 120, "excluded_lines": 2}}