{"meta": {"format": 3, "version": "7.9.1", "timestamp": "2025-07-04T12:01:19.002008", "branch_coverage": false, "show_contexts": false}, "files": {"adri/__init__.py": {"executed_lines": [1, 28, 29, 32, 33, 34, 35, 37, 38, 42, 43, 47, 48, 52, 55, 56, 57, 58, 59, 60, 61, 62, 65, 66, 67, 68, 71], "summary": {"covered_lines": 26, "num_statements": 32, "percent_covered": 81.25, "percent_covered_display": "81", "missing_lines": 6, "excluded_lines": 0}, "missing_lines": [39, 40, 44, 45, 49, 50], "excluded_lines": [], "functions": {"": {"executed_lines": [1, 28, 29, 32, 33, 34, 35, 37, 38, 42, 43, 47, 48, 52, 55, 56, 57, 58, 59, 60, 61, 62, 65, 66, 67, 68, 71], "summary": {"covered_lines": 26, "num_statements": 32, "percent_covered": 81.25, "percent_covered_display": "81", "missing_lines": 6, "excluded_lines": 0}, "missing_lines": [39, 40, 44, 45, 49, 50], "excluded_lines": []}}, "classes": {"": {"executed_lines": [1, 28, 29, 32, 33, 34, 35, 37, 38, 42, 43, 47, 48, 52, 55, 56, 57, 58, 59, 60, 61, 62, 65, 66, 67, 68, 71], "summary": {"covered_lines": 26, "num_statements": 32, "percent_covered": 81.25, "percent_covered_display": "81", "missing_lines": 6, "excluded_lines": 0}, "missing_lines": [39, 40, 44, 45, 49, 50], "excluded_lines": []}}}, "adri/analysis/__init__.py": {"executed_lines": [1, 7, 8, 9, 11], "summary": {"covered_lines": 4, "num_statements": 4, "percent_covered": 100.0, "percent_covered_display": "100", "missing_lines": 0, "excluded_lines": 0}, "missing_lines": [], "excluded_lines": [], "functions": {"": {"executed_lines": [1, 7, 8, 9, 11], "summary": {"covered_lines": 4, "num_statements": 4, "percent_covered": 100.0, "percent_covered_display": "100", "missing_lines": 0, "excluded_lines": 0}, "missing_lines": [], "excluded_lines": []}}, "classes": {"": {"executed_lines": [1, 7, 8, 9, 11], "summary": {"covered_lines": 4, "num_statements": 4, "percent_covered": 100.0, "percent_covered_display": "100", "missing_lines": 0, "excluded_lines": 0}, "missing_lines": [], "excluded_lines": []}}}, "adri/analysis/data_profiler.py": {"executed_lines": [1, 8, 9, 11, 14, 15, 22, 25, 30, 36, 49, 50, 53, 54, 55, 56, 59, 65, 66, 68, 70, 72, 82, 87, 88, 89, 90, 92, 99, 101, 109, 110, 111, 112, 113, 114, 115, 116, 117, 118, 120, 122, 125, 127, 131, 132, 135, 136, 139, 140, 143, 144, 147, 149, 151, 153, 154, 166, 170, 172, 174, 175, 176, 177, 181, 183, 185, 186, 190, 192, 194, 195, 197, 198, 199, 200, 204, 206, 207, 209, 212, 213, 221, 222, 223, 226, 229, 237, 238, 239, 242, 249, 262, 264, 267, 274, 280, 282, 285, 292, 294, 297, 298, 299, 302, 309, 316, 317, 318, 320, 329, 331, 334, 338, 339, 340, 342, 349, 354, 356, 359, 360, 361, 363, 364, 374, 377, 380, 384, 386, 388, 389, 390, 391, 392], "summary": {"covered_lines": 133, "num_statements": 159, "percent_covered": 83.64779874213836, "percent_covered_display": "84", "missing_lines": 26, "excluded_lines": 0}, "missing_lines": [128, 167, 168, 178, 179, 187, 188, 201, 202, 214, 230, 243, 254, 256, 268, 286, 303, 321, 323, 369, 370, 372, 394, 395, 396, 398], "excluded_lines": [], "functions": {"DataProfiler.__init__": {"executed_lines": [25, 30], "summary": {"covered_lines": 2, "num_statements": 2, "percent_covered": 100.0, "percent_covered_display": "100", "missing_lines": 0, "excluded_lines": 0}, "missing_lines": [], "excluded_lines": []}, "DataProfiler.profile_data": {"executed_lines": [49, 50, 53, 54, 55, 56, 59, 65, 66, 68], "summary": {"covered_lines": 10, "num_statements": 10, "percent_covered": 100.0, "percent_covered_display": "100", "missing_lines": 0, "excluded_lines": 0}, "missing_lines": [], "excluded_lines": []}, "DataProfiler._create_empty_profile": {"executed_lines": [72], "summary": {"covered_lines": 1, "num_statements": 1, "percent_covered": 100.0, "percent_covered_display": "100", "missing_lines": 0, "excluded_lines": 0}, "missing_lines": [], "excluded_lines": []}, "DataProfiler._create_summary": {"executed_lines": [87, 88, 89, 90, 92], "summary": {"covered_lines": 5, "num_statements": 5, "percent_covered": 100.0, "percent_covered_display": "100", "missing_lines": 0, "excluded_lines": 0}, "missing_lines": [], "excluded_lines": []}, "DataProfiler._profile_field": {"executed_lines": [101, 109, 110, 111, 112, 113, 114, 115, 116, 117, 118, 120], "summary": {"covered_lines": 12, "num_statements": 12, "percent_covered": 100.0, "percent_covered_display": "100", "missing_lines": 0, "excluded_lines": 0}, "missing_lines": [], "excluded_lines": []}, "DataProfiler._infer_field_type": {"executed_lines": [125, 127, 131, 132, 135, 136, 139, 140, 143, 144, 147], "summary": {"covered_lines": 11, "num_statements": 12, "percent_covered": 91.66666666666667, "percent_covered_display": "92", "missing_lines": 1, "excluded_lines": 0}, "missing_lines": [128], "excluded_lines": []}, "DataProfiler._is_boolean_series": {"executed_lines": [151, 153, 154, 166], "summary": {"covered_lines": 4, "num_statements": 6, "percent_covered": 66.66666666666667, "percent_covered_display": "67", "missing_lines": 2, "excluded_lines": 0}, "missing_lines": [167, 168], "excluded_lines": []}, "DataProfiler._is_integer_series": {"executed_lines": [172, 174, 175, 176, 177], "summary": {"covered_lines": 5, "num_statements": 7, "percent_covered": 71.42857142857143, "percent_covered_display": "71", "missing_lines": 2, "excluded_lines": 0}, "missing_lines": [178, 179], "excluded_lines": []}, "DataProfiler._is_float_series": {"executed_lines": [183, 185, 186], "summary": {"covered_lines": 3, "num_statements": 5, "percent_covered": 60.0, "percent_covered_display": "60", "missing_lines": 2, "excluded_lines": 0}, "missing_lines": [187, 188], "excluded_lines": []}, "DataProfiler._is_date_series": {"executed_lines": [192, 194, 195, 197, 198, 199, 200], "summary": {"covered_lines": 7, "num_statements": 9, "percent_covered": 77.77777777777777, "percent_covered_display": "78", "missing_lines": 2, "excluded_lines": 0}, "missing_lines": [201, 202], "excluded_lines": []}, "DataProfiler._is_nullable": {"executed_lines": [206, 207], "summary": {"covered_lines": 2, "num_statements": 2, "percent_covered": 100.0, "percent_covered_display": "100", "missing_lines": 0, "excluded_lines": 0}, "missing_lines": [], "excluded_lines": []}, "DataProfiler._profile_integer_field": {"executed_lines": [212, 213, 221, 222, 223, 226, 229, 237, 238, 239, 242, 249], "summary": {"covered_lines": 12, "num_statements": 17, "percent_covered": 70.58823529411765, "percent_covered_display": "71", "missing_lines": 5, "excluded_lines": 0}, "missing_lines": [214, 230, 243, 254, 256], "excluded_lines": []}, "DataProfiler._profile_float_field": {"executed_lines": [264, 267, 274], "summary": {"covered_lines": 3, "num_statements": 4, "percent_covered": 75.0, "percent_covered_display": "75", "missing_lines": 1, "excluded_lines": 0}, "missing_lines": [268], "excluded_lines": []}, "DataProfiler._profile_string_field": {"executed_lines": [282, 285, 292, 294, 297, 298, 299, 302, 309, 316, 317, 318, 320], "summary": {"covered_lines": 13, "num_statements": 17, "percent_covered": 76.47058823529412, "percent_covered_display": "76", "missing_lines": 4, "excluded_lines": 0}, "missing_lines": [286, 303, 321, 323], "excluded_lines": []}, "DataProfiler._profile_boolean_field": {"executed_lines": [331, 334, 338, 339, 340, 342, 349], "summary": {"covered_lines": 7, "num_statements": 7, "percent_covered": 100.0, "percent_covered_display": "100", "missing_lines": 0, "excluded_lines": 0}, "missing_lines": [], "excluded_lines": []}, "DataProfiler._profile_date_field": {"executed_lines": [356, 359, 360, 361, 363, 364], "summary": {"covered_lines": 6, "num_statements": 9, "percent_covered": 66.66666666666667, "percent_covered_display": "67", "missing_lines": 3, "excluded_lines": 0}, "missing_lines": [369, 370, 372], "excluded_lines": []}, "DataProfiler._detect_string_pattern": {"executed_lines": [377, 380, 384], "summary": {"covered_lines": 3, "num_statements": 3, "percent_covered": 100.0, "percent_covered_display": "100", "missing_lines": 0, "excluded_lines": 0}, "missing_lines": [], "excluded_lines": []}, "DataProfiler._detect_date_format": {"executed_lines": [388, 389, 390, 391, 392], "summary": {"covered_lines": 5, "num_statements": 9, "percent_covered": 55.55555555555556, "percent_covered_display": "56", "missing_lines": 4, "excluded_lines": 0}, "missing_lines": [394, 395, 396, 398], "excluded_lines": []}, "": {"executed_lines": [1, 8, 9, 11, 14, 15, 22, 36, 70, 82, 99, 122, 149, 170, 181, 190, 204, 209, 262, 280, 329, 354, 374, 386], "summary": {"covered_lines": 22, "num_statements": 22, "percent_covered": 100.0, "percent_covered_display": "100", "missing_lines": 0, "excluded_lines": 0}, "missing_lines": [], "excluded_lines": []}}, "classes": {"DataProfiler": {"executed_lines": [25, 30, 49, 50, 53, 54, 55, 56, 59, 65, 66, 68, 72, 87, 88, 89, 90, 92, 101, 109, 110, 111, 112, 113, 114, 115, 116, 117, 118, 120, 125, 127, 131, 132, 135, 136, 139, 140, 143, 144, 147, 151, 153, 154, 166, 172, 174, 175, 176, 177, 183, 185, 186, 192, 194, 195, 197, 198, 199, 200, 206, 207, 212, 213, 221, 222, 223, 226, 229, 237, 238, 239, 242, 249, 264, 267, 274, 282, 285, 292, 294, 297, 298, 299, 302, 309, 316, 317, 318, 320, 331, 334, 338, 339, 340, 342, 349, 356, 359, 360, 361, 363, 364, 377, 380, 384, 388, 389, 390, 391, 392], "summary": {"covered_lines": 111, "num_statements": 137, "percent_covered": 81.02189781021897, "percent_covered_display": "81", "missing_lines": 26, "excluded_lines": 0}, "missing_lines": [128, 167, 168, 178, 179, 187, 188, 201, 202, 214, 230, 243, 254, 256, 268, 286, 303, 321, 323, 369, 370, 372, 394, 395, 396, 398], "excluded_lines": []}, "": {"executed_lines": [1, 8, 9, 11, 14, 15, 22, 36, 70, 82, 99, 122, 149, 170, 181, 190, 204, 209, 262, 280, 329, 354, 374, 386], "summary": {"covered_lines": 22, "num_statements": 22, "percent_covered": 100.0, "percent_covered_display": "100", "missing_lines": 0, "excluded_lines": 0}, "missing_lines": [], "excluded_lines": []}}}, "adri/analysis/standard_generator.py": {"executed_lines": [1, 7, 8, 9, 12, 13, 20, 22, 24, 42, 51, 53, 56, 57, 60, 61, 62, 64, 73, 77, 79, 87, 92, 99, 100, 103, 106, 109, 112, 115, 117, 123, 124, 126, 155, 159, 160, 162, 163, 167, 169, 173, 174, 177, 184, 185, 186, 187, 188, 189, 190, 191, 193, 195, 198, 201, 209, 210, 212, 216, 218, 219, 220, 223, 224, 225, 233, 235, 239, 241, 242, 244, 245, 251, 253, 257, 260, 261, 262, 265, 266, 269, 270, 271, 273, 279, 281, 285, 288, 289, 290, 291, 293, 295, 299, 302, 305, 306, 308, 309, 310, 311, 312, 316, 317, 320, 322, 331, 341, 343, 345, 347, 349, 350, 351, 353, 354, 355, 356, 358], "summary": {"covered_lines": 118, "num_statements": 130, "percent_covered": 90.76923076923077, "percent_covered_display": "91", "missing_lines": 12, "excluded_lines": 0}, "missing_lines": [107, 226, 227, 228, 230, 231, 247, 277, 344, 346, 348, 352], "excluded_lines": [], "functions": {"StandardGenerator.__init__": {"executed_lines": [22], "summary": {"covered_lines": 1, "num_statements": 1, "percent_covered": 100.0, "percent_covered_display": "100", "missing_lines": 0, "excluded_lines": 0}, "missing_lines": [], "excluded_lines": []}, "StandardGenerator.generate_standard": {"executed_lines": [42, 51], "summary": {"covered_lines": 2, "num_statements": 2, "percent_covered": 100.0, "percent_covered_display": "100", "missing_lines": 0, "excluded_lines": 0}, "missing_lines": [], "excluded_lines": []}, "StandardGenerator._generate_standards_metadata": {"executed_lines": [56, 57, 60, 61, 62, 64], "summary": {"covered_lines": 6, "num_statements": 6, "percent_covered": 100.0, "percent_covered_display": "100", "missing_lines": 0, "excluded_lines": 0}, "missing_lines": [], "excluded_lines": []}, "StandardGenerator._generate_requirements": {"executed_lines": [77, 79], "summary": {"covered_lines": 2, "num_statements": 2, "percent_covered": 100.0, "percent_covered_display": "100", "missing_lines": 0, "excluded_lines": 0}, "missing_lines": [], "excluded_lines": []}, "StandardGenerator._calculate_overall_minimum": {"executed_lines": [92, 99, 100, 103, 106, 109, 112, 115], "summary": {"covered_lines": 8, "num_statements": 9, "percent_covered": 88.88888888888889, "percent_covered_display": "89", "missing_lines": 1, "excluded_lines": 0}, "missing_lines": [107], "excluded_lines": []}, "StandardGenerator._generate_dimension_requirements": {"executed_lines": [123, 126], "summary": {"covered_lines": 2, "num_statements": 2, "percent_covered": 100.0, "percent_covered_display": "100", "missing_lines": 0, "excluded_lines": 0}, "missing_lines": [], "excluded_lines": []}, "StandardGenerator._generate_dimension_requirements.percentage_to_score": {"executed_lines": [124], "summary": {"covered_lines": 1, "num_statements": 1, "percent_covered": 100.0, "percent_covered_display": "100", "missing_lines": 0, "excluded_lines": 0}, "missing_lines": [], "excluded_lines": []}, "StandardGenerator._generate_field_requirements": {"executed_lines": [159, 160, 162, 163, 167], "summary": {"covered_lines": 5, "num_statements": 5, "percent_covered": 100.0, "percent_covered_display": "100", "missing_lines": 0, "excluded_lines": 0}, "missing_lines": [], "excluded_lines": []}, "StandardGenerator._generate_single_field_requirement": {"executed_lines": [173, 174, 177, 184, 185, 186, 187, 188, 189, 190, 191, 193], "summary": {"covered_lines": 12, "num_statements": 12, "percent_covered": 100.0, "percent_covered_display": "100", "missing_lines": 0, "excluded_lines": 0}, "missing_lines": [], "excluded_lines": []}, "StandardGenerator._generate_field_description": {"executed_lines": [198, 201, 209, 210], "summary": {"covered_lines": 4, "num_statements": 4, "percent_covered": 100.0, "percent_covered_display": "100", "missing_lines": 0, "excluded_lines": 0}, "missing_lines": [], "excluded_lines": []}, "StandardGenerator._generate_integer_constraints": {"executed_lines": [216, 218, 219, 220, 223, 224, 225, 233], "summary": {"covered_lines": 8, "num_statements": 13, "percent_covered": 61.53846153846154, "percent_covered_display": "62", "missing_lines": 5, "excluded_lines": 0}, "missing_lines": [226, 227, 228, 230, 231], "excluded_lines": []}, "StandardGenerator._generate_float_constraints": {"executed_lines": [239, 241, 242, 244, 245, 251], "summary": {"covered_lines": 6, "num_statements": 7, "percent_covered": 85.71428571428571, "percent_covered_display": "86", "missing_lines": 1, "excluded_lines": 0}, "missing_lines": [247], "excluded_lines": []}, "StandardGenerator._generate_string_constraints": {"executed_lines": [257, 260, 261, 262, 265, 266, 269, 270, 271, 273, 279], "summary": {"covered_lines": 11, "num_statements": 12, "percent_covered": 91.66666666666667, "percent_covered_display": "92", "missing_lines": 1, "excluded_lines": 0}, "missing_lines": [277], "excluded_lines": []}, "StandardGenerator._generate_date_constraints": {"executed_lines": [285, 288, 289, 290, 291, 293], "summary": {"covered_lines": 6, "num_statements": 6, "percent_covered": 100.0, "percent_covered_display": "100", "missing_lines": 0, "excluded_lines": 0}, "missing_lines": [], "excluded_lines": []}, "StandardGenerator._generate_metadata": {"executed_lines": [299, 302, 305, 306, 308, 309, 310, 311, 312, 316, 317, 320, 322], "summary": {"covered_lines": 13, "num_statements": 13, "percent_covered": 100.0, "percent_covered_display": "100", "missing_lines": 0, "excluded_lines": 0}, "missing_lines": [], "excluded_lines": []}, "StandardGenerator._convert_to_serializable": {"executed_lines": [341, 343, 345, 347, 349, 350, 351, 353, 354, 355, 356, 358], "summary": {"covered_lines": 12, "num_statements": 16, "percent_covered": 75.0, "percent_covered_display": "75", "missing_lines": 4, "excluded_lines": 0}, "missing_lines": [344, 346, 348, 352], "excluded_lines": []}, "": {"executed_lines": [1, 7, 8, 9, 12, 13, 20, 24, 53, 73, 87, 117, 155, 169, 195, 212, 235, 253, 281, 295, 331], "summary": {"covered_lines": 19, "num_statements": 19, "percent_covered": 100.0, "percent_covered_display": "100", "missing_lines": 0, "excluded_lines": 0}, "missing_lines": [], "excluded_lines": []}}, "classes": {"StandardGenerator": {"executed_lines": [22, 42, 51, 56, 57, 60, 61, 62, 64, 77, 79, 92, 99, 100, 103, 106, 109, 112, 115, 123, 124, 126, 159, 160, 162, 163, 167, 173, 174, 177, 184, 185, 186, 187, 188, 189, 190, 191, 193, 198, 201, 209, 210, 216, 218, 219, 220, 223, 224, 225, 233, 239, 241, 242, 244, 245, 251, 257, 260, 261, 262, 265, 266, 269, 270, 271, 273, 279, 285, 288, 289, 290, 291, 293, 299, 302, 305, 306, 308, 309, 310, 311, 312, 316, 317, 320, 322, 341, 343, 345, 347, 349, 350, 351, 353, 354, 355, 356, 358], "summary": {"covered_lines": 99, "num_statements": 111, "percent_covered": 89.1891891891892, "percent_covered_display": "89", "missing_lines": 12, "excluded_lines": 0}, "missing_lines": [107, 226, 227, 228, 230, 231, 247, 277, 344, 346, 348, 352], "excluded_lines": []}, "": {"executed_lines": [1, 7, 8, 9, 12, 13, 20, 24, 53, 73, 87, 117, 155, 169, 195, 212, 235, 253, 281, 295, 331], "summary": {"covered_lines": 19, "num_statements": 19, "percent_covered": 100.0, "percent_covered_display": "100", "missing_lines": 0, "excluded_lines": 0}, "missing_lines": [], "excluded_lines": []}}}, "adri/analysis/type_inference.py": {"executed_lines": [1, 8, 9, 11, 14, 15, 22, 25, 37, 47, 48, 51, 53, 54, 57, 58, 61, 62, 65, 66, 69, 70, 73, 75, 86, 89, 91, 92, 94, 95, 96, 97, 98, 99, 100, 101, 103, 105, 115, 116, 119, 120, 121, 123, 125, 127, 128, 129, 141, 145, 147, 148, 149, 150, 151, 152, 153, 154, 156, 158, 159, 160, 161, 162, 163, 165, 167, 168, 169, 171, 172, 173, 177, 178, 182, 184, 186, 192, 194, 196, 202, 204, 205, 207, 214, 215, 216, 218, 220, 222, 225, 226, 227, 228, 229, 230, 232, 234, 236], "summary": {"covered_lines": 97, "num_statements": 101, "percent_covered": 96.03960396039604, "percent_covered_display": "96", "missing_lines": 4, "excluded_lines": 0}, "missing_lines": [142, 143, 179, 180], "excluded_lines": [], "functions": {"TypeInference.__init__": {"executed_lines": [25], "summary": {"covered_lines": 1, "num_statements": 1, "percent_covered": 100.0, "percent_covered_display": "100", "missing_lines": 0, "excluded_lines": 0}, "missing_lines": [], "excluded_lines": []}, "TypeInference.infer_type": {"executed_lines": [47, 48, 51, 53, 54, 57, 58, 61, 62, 65, 66, 69, 70, 73], "summary": {"covered_lines": 14, "num_statements": 14, "percent_covered": 100.0, "percent_covered_display": "100", "missing_lines": 0, "excluded_lines": 0}, "missing_lines": [], "excluded_lines": []}, "TypeInference.infer_constraints": {"executed_lines": [86, 89, 91, 92, 94, 95, 96, 97, 98, 99, 100, 101, 103], "summary": {"covered_lines": 13, "num_statements": 13, "percent_covered": 100.0, "percent_covered_display": "100", "missing_lines": 0, "excluded_lines": 0}, "missing_lines": [], "excluded_lines": []}, "TypeInference.detect_pattern": {"executed_lines": [115, 116, 119, 120, 121, 123], "summary": {"covered_lines": 6, "num_statements": 6, "percent_covered": 100.0, "percent_covered_display": "100", "missing_lines": 0, "excluded_lines": 0}, "missing_lines": [], "excluded_lines": []}, "TypeInference._is_boolean_type": {"executed_lines": [127, 128, 129, 141], "summary": {"covered_lines": 4, "num_statements": 6, "percent_covered": 66.66666666666667, "percent_covered_display": "67", "missing_lines": 2, "excluded_lines": 0}, "missing_lines": [142, 143], "excluded_lines": []}, "TypeInference._is_integer_type": {"executed_lines": [147, 148, 149, 150, 151, 152, 153, 154], "summary": {"covered_lines": 8, "num_statements": 8, "percent_covered": 100.0, "percent_covered_display": "100", "missing_lines": 0, "excluded_lines": 0}, "missing_lines": [], "excluded_lines": []}, "TypeInference._is_float_type": {"executed_lines": [158, 159, 160, 161, 162, 163], "summary": {"covered_lines": 6, "num_statements": 6, "percent_covered": 100.0, "percent_covered_display": "100", "missing_lines": 0, "excluded_lines": 0}, "missing_lines": [], "excluded_lines": []}, "TypeInference._is_date_type": {"executed_lines": [167, 168, 169, 171, 172, 173, 177, 178], "summary": {"covered_lines": 8, "num_statements": 10, "percent_covered": 80.0, "percent_covered_display": "80", "missing_lines": 2, "excluded_lines": 0}, "missing_lines": [179, 180], "excluded_lines": []}, "TypeInference._infer_integer_constraints": {"executed_lines": [184, 186], "summary": {"covered_lines": 2, "num_statements": 2, "percent_covered": 100.0, "percent_covered_display": "100", "missing_lines": 0, "excluded_lines": 0}, "missing_lines": [], "excluded_lines": []}, "TypeInference._infer_float_constraints": {"executed_lines": [194, 196], "summary": {"covered_lines": 2, "num_statements": 2, "percent_covered": 100.0, "percent_covered_display": "100", "missing_lines": 0, "excluded_lines": 0}, "missing_lines": [], "excluded_lines": []}, "TypeInference._infer_string_constraints": {"executed_lines": [204, 205, 207, 214, 215, 216, 218], "summary": {"covered_lines": 7, "num_statements": 7, "percent_covered": 100.0, "percent_covered_display": "100", "missing_lines": 0, "excluded_lines": 0}, "missing_lines": [], "excluded_lines": []}, "TypeInference._infer_date_constraints": {"executed_lines": [222, 225, 226, 227, 228, 229, 230, 232, 234, 236], "summary": {"covered_lines": 10, "num_statements": 10, "percent_covered": 100.0, "percent_covered_display": "100", "missing_lines": 0, "excluded_lines": 0}, "missing_lines": [], "excluded_lines": []}, "": {"executed_lines": [1, 8, 9, 11, 14, 15, 22, 37, 75, 105, 125, 145, 156, 165, 182, 192, 202, 220], "summary": {"covered_lines": 16, "num_statements": 16, "percent_covered": 100.0, "percent_covered_display": "100", "missing_lines": 0, "excluded_lines": 0}, "missing_lines": [], "excluded_lines": []}}, "classes": {"TypeInference": {"executed_lines": [25, 47, 48, 51, 53, 54, 57, 58, 61, 62, 65, 66, 69, 70, 73, 86, 89, 91, 92, 94, 95, 96, 97, 98, 99, 100, 101, 103, 115, 116, 119, 120, 121, 123, 127, 128, 129, 141, 147, 148, 149, 150, 151, 152, 153, 154, 158, 159, 160, 161, 162, 163, 167, 168, 169, 171, 172, 173, 177, 178, 184, 186, 194, 196, 204, 205, 207, 214, 215, 216, 218, 222, 225, 226, 227, 228, 229, 230, 232, 234, 236], "summary": {"covered_lines": 81, "num_statements": 85, "percent_covered": 95.29411764705883, "percent_covered_display": "95", "missing_lines": 4, "excluded_lines": 0}, "missing_lines": [142, 143, 179, 180], "excluded_lines": []}, "": {"executed_lines": [1, 8, 9, 11, 14, 15, 22, 37, 75, 105, 125, 145, 156, 165, 182, 192, 202, 220], "summary": {"covered_lines": 16, "num_statements": 16, "percent_covered": 100.0, "percent_covered_display": "100", "missing_lines": 0, "excluded_lines": 0}, "missing_lines": [], "excluded_lines": []}}}, "adri/cli/__init__.py": {"executed_lines": [1, 7, 22], "summary": {"covered_lines": 2, "num_statements": 2, "percent_covered": 100.0, "percent_covered_display": "100", "missing_lines": 0, "excluded_lines": 0}, "missing_lines": [], "excluded_lines": [], "functions": {"": {"executed_lines": [1, 7, 22], "summary": {"covered_lines": 2, "num_statements": 2, "percent_covered": 100.0, "percent_covered_display": "100", "missing_lines": 0, "excluded_lines": 0}, "missing_lines": [], "excluded_lines": []}}, "classes": {"": {"executed_lines": [1, 7, 22], "summary": {"covered_lines": 2, "num_statements": 2, "percent_covered": 100.0, "percent_covered_display": "100", "missing_lines": 0, "excluded_lines": 0}, "missing_lines": [], "excluded_lines": []}}}, "adri/cli/commands.py": {"executed_lines": [1, 7, 8, 9, 10, 11, 12, 13, 15, 17, 18, 22, 23, 24, 25, 26, 29, 45, 47, 48, 51, 52, 53, 54, 57, 58, 61, 64, 67, 68, 69, 72, 75, 78, 79, 80, 81, 82, 83, 84, 85, 86, 87, 88, 89, 90, 91, 92, 93, 94, 95, 97, 99, 100, 101, 102, 108, 130, 132, 133, 135, 136, 137, 138, 141, 142, 143, 146, 147, 148, 151, 154, 157, 158, 159, 160, 161, 162, 167, 169, 170, 171, 172, 173, 174, 177, 178, 183, 185, 188, 189, 190, 192, 193, 196, 199, 202, 203, 206, 207, 208, 209, 210, 211, 212, 216, 217, 220, 221, 222, 223, 225, 227, 228, 229, 230, 231, 232, 235, 255, 257, 258, 260, 261, 262, 263, 266, 267, 268, 276, 279, 280, 281, 284, 285, 286, 287, 290, 292, 293, 294, 295, 296, 299, 300, 305, 307, 310, 311, 312, 314, 315, 316, 319, 322, 323, 325, 326, 328, 329, 330, 331, 332, 333, 334, 337, 340, 341, 343, 344, 351, 352, 357, 358, 359, 360, 362, 363, 364, 365, 366, 369, 373, 374, 375, 378, 380, 382, 383, 384, 385, 386, 387, 388, 390, 391, 394, 406, 407, 410, 411, 413, 414, 417, 420, 432, 433, 436, 437, 439, 440, 443, 444, 445, 446, 449, 452, 466, 467, 469, 471, 472, 473, 474, 475, 476, 478, 481, 483, 484, 485, 486, 487, 490, 492, 493, 494, 495, 497, 500, 502, 503, 506, 507, 509, 512, 514, 515, 519, 521, 524, 525, 529, 531, 533, 534, 535, 537, 540, 554, 555, 557, 558, 559, 560, 562, 563, 568, 582, 584, 587, 588, 589, 592, 594, 599, 600, 601, 602, 603, 605, 606, 607, 608, 611, 612, 613, 614, 616, 626, 636, 637, 639, 651, 653, 654, 655, 656, 659, 660, 661, 662, 663, 664, 665, 666, 669, 670, 673, 674, 675, 678, 679, 680, 681, 684, 686, 691, 692, 695, 696, 701, 702, 704, 707, 708, 709, 710, 711, 714, 716, 717, 718, 719, 720, 721, 728, 729, 730, 732, 735, 739, 741, 742, 743, 746, 747, 748, 749, 751, 756, 757, 758, 759, 764, 765, 766, 767, 768, 769, 772, 775, 779, 780, 781, 782, 784, 787, 788, 789, 790, 791, 792, 793, 794, 796, 799, 800, 805, 806, 809, 813, 821, 822, 823, 824, 826, 827, 828, 831, 833, 835, 836, 837, 838, 839, 842, 843, 844, 847, 849, 854, 858, 859, 860, 861, 863, 865, 866, 867, 870, 871, 874, 875, 876, 877, 880, 882, 887, 888, 889, 890, 893, 895, 900, 901, 902, 903, 904, 905, 908, 910, 915, 916, 917, 918, 919, 922, 923, 926, 929, 949, 951, 952, 954, 955, 956, 957, 960, 961, 962, 965, 966, 967, 970, 971, 973, 982, 983, 984, 987, 993, 999, 1002, 1003, 1006, 1015, 1018, 1019, 1020, 1021, 1022, 1023, 1026, 1030, 1031, 1032, 1033, 1035, 1036, 1039, 1040, 1041, 1042, 1045, 1046, 1047, 1049, 1050, 1051, 1052, 1053, 1054, 1055, 1059, 1061, 1063, 1066, 1067, 1068, 1071, 1072, 1074, 1077, 1079, 1081, 1084, 1085, 1086, 1087, 1089, 1092, 1093, 1094, 1095, 1096, 1099, 1100, 1101, 1103, 1106, 1108, 1109, 1111, 1113, 1114, 1115, 1116, 1117, 1119, 1120, 1121, 1122, 1123, 1125, 1128, 1130, 1132, 1133, 1135, 1138, 1139, 1140, 1141, 1144, 1145, 1146, 1147, 1150, 1151, 1152, 1154, 1157, 1162, 1163, 1165, 1168, 1184, 1186, 1187, 1189, 1190, 1191, 1192, 1195, 1196, 1197, 1204, 1207, 1208, 1209, 1210, 1213, 1214, 1215, 1216, 1219, 1220, 1221, 1223, 1224, 1225, 1226, 1227, 1230, 1233, 1234, 1235, 1236, 1238, 1239, 1240, 1241, 1243, 1244, 1245, 1247, 1249, 1250, 1251, 1273, 1274, 1276, 1278, 1279, 1280, 1282, 1289, 1305, 1307, 1308, 1310, 1316, 1317, 1318, 1321, 1322, 1323, 1325, 1328, 1334, 1335, 1337, 1338, 1339, 1340, 1342, 1343, 1344, 1345, 1346, 1349, 1352, 1353, 1354, 1355, 1356, 1357, 1360, 1361, 1362, 1363, 1365, 1366, 1367, 1368, 1370, 1371, 1372, 1373, 1375, 1376, 1377, 1379, 1381, 1382, 1385, 1392, 1393, 1394, 1396, 1400, 1405, 1406, 1408, 1409, 1411, 1412, 1413, 1415, 1422, 1440, 1442, 1443, 1445, 1451, 1452, 1453, 1460, 1463, 1469, 1470, 1471, 1472, 1474, 1483, 1486, 1487, 1490, 1491, 1492, 1493, 1495, 1496, 1497, 1498, 1500, 1501, 1502, 1504, 1536, 1538, 1539, 1540, 1541, 1542, 1543, 1545, 1546, 1547, 1551, 1553, 1554, 1555, 1558, 1576, 1578, 1579, 1581, 1587, 1588, 1589, 1597, 1616, 1623, 1624, 1625, 1628, 1629, 1630, 1632, 1634, 1635, 1637, 1638, 1639, 1641, 1642, 1643, 1646, 1647, 1648, 1649, 1652, 1653, 1656, 1658, 1663, 1664, 1665, 1666, 1669, 1671, 1672, 1673, 1674, 1675, 1676, 1677, 1679, 1680, 1681, 1682, 1683, 1685, 1686, 1687, 1688, 1691, 1692, 1693, 1696, 1697, 1698, 1699, 1700, 1702, 1703, 1706, 1707, 1708, 1710, 1711, 1712, 1714, 1715, 1718, 1719, 1720, 1722, 1723, 1724, 1725, 1726, 1728, 1735, 1737, 1738, 1740, 1741, 1743, 1744, 1745, 1746, 1749, 1751, 1752, 1753, 1755, 1756, 1757, 1760, 1782, 1784, 1785, 1787, 1788, 1789, 1790, 1793, 1794, 1795, 1802, 1805, 1807, 1808, 1809, 1810, 1813, 1817, 1819, 1820, 1824, 1828, 1829, 1830, 1833, 1834, 1835, 1836, 1839, 1840, 1843, 1857, 1859, 1862, 1863, 1866, 1872, 1873, 1876, 1877, 1878, 1879, 1880, 1881, 1882, 1891, 1892, 1893, 1896, 1897, 1898, 1901, 1902, 1903, 1904, 1907, 1908, 1909, 1911, 1918, 1936, 1938, 1939, 1941, 1947, 1948, 1949, 1957, 1959, 1966, 1967, 1968, 1974, 1975, 1977, 1978, 1979, 1980, 1983, 1984, 1985, 1986, 1987, 1989, 1990, 1992, 1993, 1995, 1998, 1999, 2000, 2003, 2004, 2005, 2007, 2008, 2009, 2010, 2011, 2012, 2014, 2017, 2018, 2019, 2021, 2022, 2023, 2024, 2025, 2026, 2028, 2031, 2032, 2033, 2034, 2035, 2041, 2042, 2044, 2045, 2046, 2047, 2049, 2051, 2054, 2055, 2060, 2063, 2064, 2066, 2073, 2091, 2093, 2094, 2096, 2102, 2103, 2104, 2111, 2114, 2126, 2128, 2129, 2133, 2144, 2145, 2148, 2149, 2151, 2152, 2153, 2154, 2155, 2157, 2158, 2159, 2160, 2163, 2164, 2166, 2167, 2168, 2169, 2170, 2171, 2173, 2177, 2178, 2180, 2183, 2184, 2186, 2187, 2190, 2191, 2192, 2193, 2194, 2195, 2196, 2199, 2202, 2203, 2204, 2205, 2208, 2209, 2210, 2211, 2212, 2215, 2216, 2217, 2219, 2221, 2222, 2223, 2224, 2226, 2233, 2237, 2239, 2240, 2249, 2250, 2259, 2269, 2279, 2290, 2291, 2294, 2295, 2297, 2301, 2304, 2306, 2308, 2309, 2310, 2314, 2315, 2316, 2317, 2318, 2322, 2323, 2324, 2327, 2328, 2329, 2330, 2331, 2339, 2340, 2341, 2342, 2343, 2344, 2345, 2351, 2352, 2353, 2354, 2355, 2359, 2360, 2361, 2362, 2363, 2367, 2370], "summary": {"covered_lines": 1061, "num_statements": 1239, "percent_covered": 85.63357546408393, "percent_covered_display": "86", "missing_lines": 178, "excluded_lines": 2}, "missing_lines": [19, 20, 103, 104, 105, 179, 180, 271, 272, 273, 301, 302, 564, 565, 595, 596, 597, 618, 619, 620, 621, 622, 623, 724, 725, 726, 1000, 1057, 1200, 1201, 1202, 1253, 1254, 1255, 1256, 1257, 1258, 1262, 1263, 1264, 1265, 1267, 1268, 1269, 1284, 1285, 1286, 1311, 1312, 1313, 1329, 1330, 1331, 1383, 1384, 1386, 1387, 1388, 1389, 1391, 1397, 1401, 1417, 1418, 1419, 1446, 1447, 1448, 1456, 1457, 1458, 1464, 1465, 1466, 1475, 1476, 1477, 1480, 1506, 1507, 1508, 1511, 1512, 1513, 1515, 1518, 1519, 1520, 1521, 1522, 1523, 1524, 1527, 1528, 1529, 1530, 1531, 1533, 1534, 1582, 1583, 1584, 1592, 1593, 1594, 1659, 1660, 1661, 1701, 1713, 1730, 1731, 1732, 1798, 1799, 1800, 1815, 1816, 1822, 1825, 1826, 1845, 1854, 1855, 1913, 1914, 1915, 1942, 1943, 1944, 1952, 1953, 1954, 1960, 1961, 1962, 1963, 1969, 1970, 1971, 2036, 2037, 2038, 2039, 2068, 2069, 2070, 2097, 2098, 2099, 2107, 2108, 2109, 2116, 2117, 2118, 2119, 2122, 2124, 2125, 2131, 2134, 2135, 2137, 2138, 2141, 2228, 2229, 2230, 2260, 2270, 2280, 2312, 2320, 2335, 2347, 2357, 2365], "excluded_lines": [2370, 2371], "functions": {"setup_command": {"executed_lines": [45, 47, 48, 51, 52, 53, 54, 57, 58, 61, 64, 67, 68, 69, 72, 75, 78, 79, 80, 81, 82, 83, 84, 85, 86, 87, 88, 89, 90, 91, 92, 93, 94, 95, 97, 99, 100, 101, 102], "summary": {"covered_lines": 39, "num_statements": 42, "percent_covered": 92.85714285714286, "percent_covered_display": "93", "missing_lines": 3, "excluded_lines": 0}, "missing_lines": [103, 104, 105], "excluded_lines": []}, "assess_command": {"executed_lines": [130, 132, 133, 135, 136, 137, 138, 141, 142, 143, 146, 147, 148, 151, 154, 157, 158, 159, 160, 161, 162, 167, 169, 170, 171, 172, 173, 174, 177, 178, 183, 185, 188, 189, 190, 192, 193, 196, 199, 202, 203, 206, 207, 208, 209, 210, 211, 212, 216, 217, 220, 221, 222, 223, 225, 227, 228, 229, 230, 231, 232], "summary": {"covered_lines": 61, "num_statements": 63, "percent_covered": 96.82539682539682, "percent_covered_display": "97", "missing_lines": 2, "excluded_lines": 0}, "missing_lines": [179, 180], "excluded_lines": []}, "generate_adri_standard_command": {"executed_lines": [255, 257, 258, 260, 261, 262, 263, 266, 267, 268, 276, 279, 280, 281, 284, 285, 286, 287, 290, 292, 293, 294, 295, 296, 299, 300, 305, 307, 310, 311, 312, 314, 315, 316, 319, 322, 323, 325, 326, 328, 329, 330, 331, 332, 333, 334, 337, 340, 341, 343, 344, 351, 352, 357, 358, 359, 360, 362, 363, 364, 365, 366, 369, 373, 374, 375, 378, 380, 382, 383, 384, 385, 386, 387, 388, 390, 391], "summary": {"covered_lines": 77, "num_statements": 82, "percent_covered": 93.90243902439025, "percent_covered_display": "94", "missing_lines": 5, "excluded_lines": 0}, "missing_lines": [271, 272, 273, 301, 302], "excluded_lines": []}, "_resolve_data_path": {"executed_lines": [406, 407, 410, 411, 413, 414, 417], "summary": {"covered_lines": 7, "num_statements": 7, "percent_covered": 100.0, "percent_covered_display": "100", "missing_lines": 0, "excluded_lines": 0}, "missing_lines": [], "excluded_lines": []}, "_resolve_standard_path": {"executed_lines": [432, 433, 436, 437, 439, 440, 443, 444, 445, 446, 449], "summary": {"covered_lines": 11, "num_statements": 11, "percent_covered": 100.0, "percent_covered_display": "100", "missing_lines": 0, "excluded_lines": 0}, "missing_lines": [], "excluded_lines": []}, "load_data": {"executed_lines": [466, 467, 469, 471, 472, 473, 474, 475, 476, 478], "summary": {"covered_lines": 10, "num_statements": 10, "percent_covered": 100.0, "percent_covered_display": "100", "missing_lines": 0, "excluded_lines": 0}, "missing_lines": [], "excluded_lines": []}, "_load_csv_data": {"executed_lines": [483, 484, 485, 486, 487, 490, 492, 493, 494, 495, 497], "summary": {"covered_lines": 11, "num_statements": 11, "percent_covered": 100.0, "percent_covered_display": "100", "missing_lines": 0, "excluded_lines": 0}, "missing_lines": [], "excluded_lines": []}, "_load_json_data": {"executed_lines": [502, 503, 506, 507, 509], "summary": {"covered_lines": 5, "num_statements": 5, "percent_covered": 100.0, "percent_covered_display": "100", "missing_lines": 0, "excluded_lines": 0}, "missing_lines": [], "excluded_lines": []}, "_load_parquet_data": {"executed_lines": [514, 515, 519, 521, 524, 525, 529, 531, 533, 534, 535, 537], "summary": {"covered_lines": 12, "num_statements": 12, "percent_covered": 100.0, "percent_covered_display": "100", "missing_lines": 0, "excluded_lines": 0}, "missing_lines": [], "excluded_lines": []}, "load_standard": {"executed_lines": [554, 555, 557, 558, 559, 560, 562, 563], "summary": {"covered_lines": 8, "num_statements": 10, "percent_covered": 80.0, "percent_covered_display": "80", "missing_lines": 2, "excluded_lines": 0}, "missing_lines": [564, 565], "excluded_lines": []}, "validate_standard_command": {"executed_lines": [582, 584, 587, 588, 589, 592, 594, 599, 600, 601, 602, 603, 605, 606, 607, 608, 611, 612, 613, 614, 616], "summary": {"covered_lines": 21, "num_statements": 30, "percent_covered": 70.0, "percent_covered_display": "70", "missing_lines": 9, "excluded_lines": 0}, "missing_lines": [595, 596, 597, 618, 619, 620, 621, 622, 623], "excluded_lines": []}, "validate_yaml_standard": {"executed_lines": [636, 637, 639, 651, 653, 654, 655, 656, 659, 660, 661, 662, 663, 664, 665, 666, 669, 670, 673, 674, 675, 678, 679, 680, 681, 684, 686, 691, 692, 695, 696, 701, 702, 704, 707, 708, 709, 710, 711, 714, 716, 717, 718, 719, 720, 721, 728, 729, 730, 732], "summary": {"covered_lines": 50, "num_statements": 53, "percent_covered": 94.33962264150944, "percent_covered_display": "94", "missing_lines": 3, "excluded_lines": 0}, "missing_lines": [724, 725, 726], "excluded_lines": []}, "_validate_standards_metadata": {"executed_lines": [739, 741, 742, 743, 746, 747, 748, 749, 751, 756, 757, 758, 759, 764, 765, 766, 767, 768, 769, 772], "summary": {"covered_lines": 20, "num_statements": 20, "percent_covered": 100.0, "percent_covered_display": "100", "missing_lines": 0, "excluded_lines": 0}, "missing_lines": [], "excluded_lines": []}, "_validate_requirements_section": {"executed_lines": [779, 780, 781, 782, 784, 787, 788, 789, 790, 791, 792, 793, 794, 796, 799, 800, 805, 806], "summary": {"covered_lines": 18, "num_statements": 18, "percent_covered": 100.0, "percent_covered_display": "100", "missing_lines": 0, "excluded_lines": 0}, "missing_lines": [], "excluded_lines": []}, "_validate_dimension_requirements": {"executed_lines": [813, 821, 822, 823, 824, 826, 827, 828, 831, 833, 835, 836, 837, 838, 839, 842, 843, 844, 847, 849], "summary": {"covered_lines": 20, "num_statements": 20, "percent_covered": 100.0, "percent_covered_display": "100", "missing_lines": 0, "excluded_lines": 0}, "missing_lines": [], "excluded_lines": []}, "_validate_field_requirements": {"executed_lines": [858, 859, 860, 861, 863, 865, 866, 867, 870, 871, 874, 875, 876, 877, 880, 882, 887, 888, 889, 890, 893, 895, 900, 901, 902, 903, 904, 905, 908, 910, 915, 916, 917, 918, 919, 922, 923, 926], "summary": {"covered_lines": 38, "num_statements": 38, "percent_covered": 100.0, "percent_covered_display": "100", "missing_lines": 0, "excluded_lines": 0}, "missing_lines": [], "excluded_lines": []}, "show_config_command": {"executed_lines": [949, 951, 952, 954, 955, 956, 957, 960, 961, 962, 965, 966, 967, 970, 971, 973, 982, 983, 984], "summary": {"covered_lines": 19, "num_statements": 19, "percent_covered": 100.0, "percent_covered_display": "100", "missing_lines": 0, "excluded_lines": 0}, "missing_lines": [], "excluded_lines": []}, "_output_config_json": {"executed_lines": [993, 999, 1002, 1003], "summary": {"covered_lines": 4, "num_statements": 5, "percent_covered": 80.0, "percent_covered_display": "80", "missing_lines": 1, "excluded_lines": 0}, "missing_lines": [1000], "excluded_lines": []}, "_output_config_human": {"executed_lines": [1015, 1018, 1019, 1020, 1021, 1022, 1023, 1026, 1030, 1031, 1032, 1033, 1035, 1036, 1039, 1040, 1041, 1042, 1045, 1046, 1047, 1049, 1050, 1051, 1052, 1053, 1054, 1055, 1059, 1061, 1063, 1066, 1067, 1068, 1071, 1072, 1074], "summary": {"covered_lines": 37, "num_statements": 38, "percent_covered": 97.36842105263158, "percent_covered_display": "97", "missing_lines": 1, "excluded_lines": 0}, "missing_lines": [1057], "excluded_lines": []}, "_show_assessment_settings": {"executed_lines": [1079, 1081, 1084, 1085, 1086, 1087, 1089, 1092, 1093, 1094, 1095, 1096, 1099, 1100, 1101, 1103], "summary": {"covered_lines": 16, "num_statements": 16, "percent_covered": 100.0, "percent_covered_display": "100", "missing_lines": 0, "excluded_lines": 0}, "missing_lines": [], "excluded_lines": []}, "_show_generation_settings": {"executed_lines": [1108, 1109, 1111, 1113, 1114, 1115, 1116, 1117, 1119, 1120, 1121, 1122, 1123, 1125], "summary": {"covered_lines": 14, "num_statements": 14, "percent_covered": 100.0, "percent_covered_display": "100", "missing_lines": 0, "excluded_lines": 0}, "missing_lines": [], "excluded_lines": []}, "_show_validation_results": {"executed_lines": [1130, 1132, 1133, 1135, 1138, 1139, 1140, 1141, 1144, 1145, 1146, 1147, 1150, 1151, 1152, 1154, 1157, 1162, 1163, 1165], "summary": {"covered_lines": 20, "num_statements": 20, "percent_covered": 100.0, "percent_covered_display": "100", "missing_lines": 0, "excluded_lines": 0}, "missing_lines": [], "excluded_lines": []}, "list_standards_command": {"executed_lines": [1184, 1186, 1187, 1189, 1190, 1191, 1192, 1195, 1196, 1197, 1204, 1207, 1208, 1209, 1210, 1213, 1214, 1215, 1216, 1219, 1220, 1221, 1223, 1224, 1225, 1226, 1227, 1230, 1233, 1234, 1235, 1236, 1238, 1239, 1240, 1241, 1243, 1244, 1245, 1247, 1249, 1250, 1251, 1273, 1274, 1276, 1278, 1279, 1280, 1282], "summary": {"covered_lines": 50, "num_statements": 69, "percent_covered": 72.46376811594203, "percent_covered_display": "72", "missing_lines": 19, "excluded_lines": 0}, "missing_lines": [1200, 1201, 1202, 1253, 1254, 1255, 1256, 1257, 1258, 1262, 1263, 1264, 1265, 1267, 1268, 1269, 1284, 1285, 1286], "excluded_lines": []}, "list_training_data_command": {"executed_lines": [1305, 1307, 1308, 1310, 1316, 1317, 1318, 1321, 1322, 1323, 1325, 1328, 1334, 1335, 1337, 1338, 1339, 1340, 1342, 1343, 1344, 1345, 1346, 1349, 1352, 1353, 1354, 1355, 1356, 1357, 1360, 1361, 1362, 1363, 1365, 1366, 1367, 1368, 1370, 1371, 1372, 1373, 1375, 1376, 1377, 1379, 1381, 1382, 1385, 1392, 1393, 1394, 1396, 1400, 1405, 1406, 1408, 1409, 1411, 1412, 1413, 1415], "summary": {"covered_lines": 62, "num_statements": 80, "percent_covered": 77.5, "percent_covered_display": "78", "missing_lines": 18, "excluded_lines": 0}, "missing_lines": [1311, 1312, 1313, 1329, 1330, 1331, 1383, 1384, 1386, 1387, 1388, 1389, 1391, 1397, 1401, 1417, 1418, 1419], "excluded_lines": []}, "list_assessments_command": {"executed_lines": [1440, 1442, 1443, 1445, 1451, 1452, 1453, 1460, 1463, 1469, 1470, 1471, 1472, 1474, 1483, 1486, 1487, 1490, 1491, 1492, 1493, 1495, 1496, 1497, 1498, 1500, 1501, 1502, 1504, 1536, 1538, 1539, 1540, 1541, 1542, 1543, 1545, 1546, 1547, 1551, 1553, 1554, 1555], "summary": {"covered_lines": 43, "num_statements": 77, "percent_covered": 55.84415584415584, "percent_covered_display": "56", "missing_lines": 34, "excluded_lines": 0}, "missing_lines": [1446, 1447, 1448, 1456, 1457, 1458, 1464, 1465, 1466, 1475, 1476, 1477, 1480, 1506, 1507, 1508, 1511, 1512, 1513, 1515, 1518, 1519, 1520, 1521, 1522, 1523, 1524, 1527, 1528, 1529, 1530, 1531, 1533, 1534], "excluded_lines": []}, "clean_cache_command": {"executed_lines": [1576, 1578, 1579, 1581, 1587, 1588, 1589, 1597, 1616, 1623, 1624, 1625, 1628, 1629, 1630, 1632, 1634, 1635, 1637, 1638, 1639, 1641, 1642, 1643, 1646, 1647, 1648, 1649, 1652, 1653, 1656, 1658, 1663, 1664, 1665, 1666, 1669, 1671, 1672, 1673, 1674, 1675, 1676, 1677, 1679, 1680, 1681, 1682, 1683, 1685, 1686, 1687, 1688, 1691, 1692, 1693, 1696, 1697, 1698, 1699, 1700, 1702, 1703, 1706, 1707, 1708, 1710, 1711, 1712, 1714, 1715, 1718, 1719, 1720, 1722, 1723, 1724, 1725, 1726, 1728], "summary": {"covered_lines": 80, "num_statements": 94, "percent_covered": 85.1063829787234, "percent_covered_display": "85", "missing_lines": 14, "excluded_lines": 0}, "missing_lines": [1582, 1583, 1584, 1592, 1593, 1594, 1659, 1660, 1661, 1701, 1713, 1730, 1731, 1732], "excluded_lines": []}, "_format_file_size": {"executed_lines": [1737, 1738, 1740, 1741, 1743, 1744, 1745, 1746], "summary": {"covered_lines": 8, "num_statements": 8, "percent_covered": 100.0, "percent_covered_display": "100", "missing_lines": 0, "excluded_lines": 0}, "missing_lines": [], "excluded_lines": []}, "_count_csv_rows": {"executed_lines": [1751, 1752, 1753, 1755, 1756, 1757], "summary": {"covered_lines": 6, "num_statements": 6, "percent_covered": 100.0, "percent_covered_display": "100", "missing_lines": 0, "excluded_lines": 0}, "missing_lines": [], "excluded_lines": []}, "export_report_command": {"executed_lines": [1782, 1784, 1785, 1787, 1788, 1789, 1790, 1793, 1794, 1795, 1802, 1805, 1807, 1808, 1809, 1810, 1813, 1817, 1819, 1820, 1824, 1828, 1829, 1830, 1833, 1834, 1835, 1836, 1839, 1840, 1843, 1857, 1859, 1862, 1863, 1866, 1872, 1873, 1876, 1877, 1878, 1879, 1880, 1881, 1882, 1891, 1892, 1893, 1896, 1897, 1898, 1901, 1902, 1903, 1904, 1907, 1908, 1909, 1911], "summary": {"covered_lines": 59, "num_statements": 73, "percent_covered": 80.82191780821918, "percent_covered_display": "81", "missing_lines": 14, "excluded_lines": 0}, "missing_lines": [1798, 1799, 1800, 1815, 1816, 1822, 1825, 1826, 1845, 1854, 1855, 1913, 1914, 1915], "excluded_lines": []}, "show_standard_command": {"executed_lines": [1936, 1938, 1939, 1941, 1947, 1948, 1949, 1957, 1959, 1966, 1967, 1968, 1974, 1975, 1977, 1978, 1979, 1980, 1983, 1984, 1985, 1986, 1987, 1989, 1990, 1992, 1993, 1995, 1998, 1999, 2000, 2003, 2004, 2005, 2007, 2008, 2009, 2010, 2011, 2012, 2014, 2017, 2018, 2019, 2021, 2022, 2023, 2024, 2025, 2026, 2028, 2031, 2032, 2033, 2034, 2035, 2041, 2042, 2044, 2045, 2046, 2047, 2049, 2051, 2054, 2055, 2060, 2063, 2064, 2066], "summary": {"covered_lines": 70, "num_statements": 90, "percent_covered": 77.77777777777777, "percent_covered_display": "78", "missing_lines": 20, "excluded_lines": 0}, "missing_lines": [1942, 1943, 1944, 1952, 1953, 1954, 1960, 1961, 1962, 1963, 1969, 1970, 1971, 2036, 2037, 2038, 2039, 2068, 2069, 2070], "excluded_lines": []}, "explain_failure_command": {"executed_lines": [2091, 2093, 2094, 2096, 2102, 2103, 2104, 2111, 2114, 2126, 2128, 2129, 2133, 2144, 2145, 2148, 2149, 2151, 2152, 2153, 2154, 2155, 2157, 2158, 2159, 2160, 2163, 2164, 2166, 2167, 2168, 2169, 2170, 2171, 2173, 2177, 2178, 2180, 2183, 2184, 2186, 2187, 2190, 2191, 2192, 2193, 2194, 2195, 2196, 2199, 2202, 2203, 2204, 2205, 2208, 2209, 2210, 2211, 2212, 2215, 2216, 2217, 2219, 2221, 2222, 2223, 2224, 2226], "summary": {"covered_lines": 68, "num_statements": 90, "percent_covered": 75.55555555555556, "percent_covered_display": "76", "missing_lines": 22, "excluded_lines": 0}, "missing_lines": [2097, 2098, 2099, 2107, 2108, 2109, 2116, 2117, 2118, 2119, 2122, 2124, 2125, 2131, 2134, 2135, 2137, 2138, 2141, 2228, 2229, 2230], "excluded_lines": []}, "_get_dimension_recommendations": {"executed_lines": [2237, 2239, 2240, 2249, 2250, 2259, 2269, 2279, 2290, 2291, 2294, 2295, 2297, 2301], "summary": {"covered_lines": 14, "num_statements": 17, "percent_covered": 82.3529411764706, "percent_covered_display": "82", "missing_lines": 3, "excluded_lines": 0}, "missing_lines": [2260, 2270, 2280], "excluded_lines": []}, "main": {"executed_lines": [2306, 2308, 2309, 2310, 2314, 2315, 2316, 2317, 2318, 2322, 2323, 2324, 2327, 2328, 2329, 2330, 2331, 2339, 2340, 2341, 2342, 2343, 2344, 2345, 2351, 2352, 2353, 2354, 2355, 2359, 2360, 2361, 2362, 2363, 2367], "summary": {"covered_lines": 35, "num_statements": 35, "percent_covered": 100.0, "percent_covered_display": "100", "missing_lines": 0, "excluded_lines": 0}, "missing_lines": [], "excluded_lines": []}, "main.cli": {"executed_lines": [], "summary": {"covered_lines": 0, "num_statements": 1, "percent_covered": 0.0, "percent_covered_display": "0", "missing_lines": 1, "excluded_lines": 0}, "missing_lines": [2312], "excluded_lines": []}, "main.setup": {"executed_lines": [], "summary": {"covered_lines": 0, "num_statements": 1, "percent_covered": 0.0, "percent_covered_display": "0", "missing_lines": 1, "excluded_lines": 0}, "missing_lines": [2320], "excluded_lines": []}, "main.assess": {"executed_lines": [], "summary": {"covered_lines": 0, "num_statements": 1, "percent_covered": 0.0, "percent_covered_display": "0", "missing_lines": 1, "excluded_lines": 0}, "missing_lines": [2335], "excluded_lines": []}, "main.generate_standard": {"executed_lines": [], "summary": {"covered_lines": 0, "num_statements": 1, "percent_covered": 0.0, "percent_covered_display": "0", "missing_lines": 1, "excluded_lines": 0}, "missing_lines": [2347], "excluded_lines": []}, "main.validate_standard": {"executed_lines": [], "summary": {"covered_lines": 0, "num_statements": 1, "percent_covered": 0.0, "percent_covered_display": "0", "missing_lines": 1, "excluded_lines": 0}, "missing_lines": [2357], "excluded_lines": []}, "main.list_standards": {"executed_lines": [], "summary": {"covered_lines": 0, "num_statements": 1, "percent_covered": 0.0, "percent_covered_display": "0", "missing_lines": 1, "excluded_lines": 0}, "missing_lines": [2365], "excluded_lines": []}, "": {"executed_lines": [1, 7, 8, 9, 10, 11, 12, 13, 15, 17, 18, 22, 23, 24, 25, 26, 29, 108, 235, 394, 420, 452, 481, 500, 512, 540, 568, 626, 735, 775, 809, 854, 929, 987, 1006, 1077, 1106, 1128, 1168, 1289, 1422, 1558, 1735, 1749, 1760, 1918, 2073, 2233, 2304, 2370], "summary": {"covered_lines": 48, "num_statements": 50, "percent_covered": 96.0, "percent_covered_display": "96", "missing_lines": 2, "excluded_lines": 2}, "missing_lines": [19, 20], "excluded_lines": [2370, 2371]}}, "classes": {"": {"executed_lines": [1, 7, 8, 9, 10, 11, 12, 13, 15, 17, 18, 22, 23, 24, 25, 26, 29, 45, 47, 48, 51, 52, 53, 54, 57, 58, 61, 64, 67, 68, 69, 72, 75, 78, 79, 80, 81, 82, 83, 84, 85, 86, 87, 88, 89, 90, 91, 92, 93, 94, 95, 97, 99, 100, 101, 102, 108, 130, 132, 133, 135, 136, 137, 138, 141, 142, 143, 146, 147, 148, 151, 154, 157, 158, 159, 160, 161, 162, 167, 169, 170, 171, 172, 173, 174, 177, 178, 183, 185, 188, 189, 190, 192, 193, 196, 199, 202, 203, 206, 207, 208, 209, 210, 211, 212, 216, 217, 220, 221, 222, 223, 225, 227, 228, 229, 230, 231, 232, 235, 255, 257, 258, 260, 261, 262, 263, 266, 267, 268, 276, 279, 280, 281, 284, 285, 286, 287, 290, 292, 293, 294, 295, 296, 299, 300, 305, 307, 310, 311, 312, 314, 315, 316, 319, 322, 323, 325, 326, 328, 329, 330, 331, 332, 333, 334, 337, 340, 341, 343, 344, 351, 352, 357, 358, 359, 360, 362, 363, 364, 365, 366, 369, 373, 374, 375, 378, 380, 382, 383, 384, 385, 386, 387, 388, 390, 391, 394, 406, 407, 410, 411, 413, 414, 417, 420, 432, 433, 436, 437, 439, 440, 443, 444, 445, 446, 449, 452, 466, 467, 469, 471, 472, 473, 474, 475, 476, 478, 481, 483, 484, 485, 486, 487, 490, 492, 493, 494, 495, 497, 500, 502, 503, 506, 507, 509, 512, 514, 515, 519, 521, 524, 525, 529, 531, 533, 534, 535, 537, 540, 554, 555, 557, 558, 559, 560, 562, 563, 568, 582, 584, 587, 588, 589, 592, 594, 599, 600, 601, 602, 603, 605, 606, 607, 608, 611, 612, 613, 614, 616, 626, 636, 637, 639, 651, 653, 654, 655, 656, 659, 660, 661, 662, 663, 664, 665, 666, 669, 670, 673, 674, 675, 678, 679, 680, 681, 684, 686, 691, 692, 695, 696, 701, 702, 704, 707, 708, 709, 710, 711, 714, 716, 717, 718, 719, 720, 721, 728, 729, 730, 732, 735, 739, 741, 742, 743, 746, 747, 748, 749, 751, 756, 757, 758, 759, 764, 765, 766, 767, 768, 769, 772, 775, 779, 780, 781, 782, 784, 787, 788, 789, 790, 791, 792, 793, 794, 796, 799, 800, 805, 806, 809, 813, 821, 822, 823, 824, 826, 827, 828, 831, 833, 835, 836, 837, 838, 839, 842, 843, 844, 847, 849, 854, 858, 859, 860, 861, 863, 865, 866, 867, 870, 871, 874, 875, 876, 877, 880, 882, 887, 888, 889, 890, 893, 895, 900, 901, 902, 903, 904, 905, 908, 910, 915, 916, 917, 918, 919, 922, 923, 926, 929, 949, 951, 952, 954, 955, 956, 957, 960, 961, 962, 965, 966, 967, 970, 971, 973, 982, 983, 984, 987, 993, 999, 1002, 1003, 1006, 1015, 1018, 1019, 1020, 1021, 1022, 1023, 1026, 1030, 1031, 1032, 1033, 1035, 1036, 1039, 1040, 1041, 1042, 1045, 1046, 1047, 1049, 1050, 1051, 1052, 1053, 1054, 1055, 1059, 1061, 1063, 1066, 1067, 1068, 1071, 1072, 1074, 1077, 1079, 1081, 1084, 1085, 1086, 1087, 1089, 1092, 1093, 1094, 1095, 1096, 1099, 1100, 1101, 1103, 1106, 1108, 1109, 1111, 1113, 1114, 1115, 1116, 1117, 1119, 1120, 1121, 1122, 1123, 1125, 1128, 1130, 1132, 1133, 1135, 1138, 1139, 1140, 1141, 1144, 1145, 1146, 1147, 1150, 1151, 1152, 1154, 1157, 1162, 1163, 1165, 1168, 1184, 1186, 1187, 1189, 1190, 1191, 1192, 1195, 1196, 1197, 1204, 1207, 1208, 1209, 1210, 1213, 1214, 1215, 1216, 1219, 1220, 1221, 1223, 1224, 1225, 1226, 1227, 1230, 1233, 1234, 1235, 1236, 1238, 1239, 1240, 1241, 1243, 1244, 1245, 1247, 1249, 1250, 1251, 1273, 1274, 1276, 1278, 1279, 1280, 1282, 1289, 1305, 1307, 1308, 1310, 1316, 1317, 1318, 1321, 1322, 1323, 1325, 1328, 1334, 1335, 1337, 1338, 1339, 1340, 1342, 1343, 1344, 1345, 1346, 1349, 1352, 1353, 1354, 1355, 1356, 1357, 1360, 1361, 1362, 1363, 1365, 1366, 1367, 1368, 1370, 1371, 1372, 1373, 1375, 1376, 1377, 1379, 1381, 1382, 1385, 1392, 1393, 1394, 1396, 1400, 1405, 1406, 1408, 1409, 1411, 1412, 1413, 1415, 1422, 1440, 1442, 1443, 1445, 1451, 1452, 1453, 1460, 1463, 1469, 1470, 1471, 1472, 1474, 1483, 1486, 1487, 1490, 1491, 1492, 1493, 1495, 1496, 1497, 1498, 1500, 1501, 1502, 1504, 1536, 1538, 1539, 1540, 1541, 1542, 1543, 1545, 1546, 1547, 1551, 1553, 1554, 1555, 1558, 1576, 1578, 1579, 1581, 1587, 1588, 1589, 1597, 1616, 1623, 1624, 1625, 1628, 1629, 1630, 1632, 1634, 1635, 1637, 1638, 1639, 1641, 1642, 1643, 1646, 1647, 1648, 1649, 1652, 1653, 1656, 1658, 1663, 1664, 1665, 1666, 1669, 1671, 1672, 1673, 1674, 1675, 1676, 1677, 1679, 1680, 1681, 1682, 1683, 1685, 1686, 1687, 1688, 1691, 1692, 1693, 1696, 1697, 1698, 1699, 1700, 1702, 1703, 1706, 1707, 1708, 1710, 1711, 1712, 1714, 1715, 1718, 1719, 1720, 1722, 1723, 1724, 1725, 1726, 1728, 1735, 1737, 1738, 1740, 1741, 1743, 1744, 1745, 1746, 1749, 1751, 1752, 1753, 1755, 1756, 1757, 1760, 1782, 1784, 1785, 1787, 1788, 1789, 1790, 1793, 1794, 1795, 1802, 1805, 1807, 1808, 1809, 1810, 1813, 1817, 1819, 1820, 1824, 1828, 1829, 1830, 1833, 1834, 1835, 1836, 1839, 1840, 1843, 1857, 1859, 1862, 1863, 1866, 1872, 1873, 1876, 1877, 1878, 1879, 1880, 1881, 1882, 1891, 1892, 1893, 1896, 1897, 1898, 1901, 1902, 1903, 1904, 1907, 1908, 1909, 1911, 1918, 1936, 1938, 1939, 1941, 1947, 1948, 1949, 1957, 1959, 1966, 1967, 1968, 1974, 1975, 1977, 1978, 1979, 1980, 1983, 1984, 1985, 1986, 1987, 1989, 1990, 1992, 1993, 1995, 1998, 1999, 2000, 2003, 2004, 2005, 2007, 2008, 2009, 2010, 2011, 2012, 2014, 2017, 2018, 2019, 2021, 2022, 2023, 2024, 2025, 2026, 2028, 2031, 2032, 2033, 2034, 2035, 2041, 2042, 2044, 2045, 2046, 2047, 2049, 2051, 2054, 2055, 2060, 2063, 2064, 2066, 2073, 2091, 2093, 2094, 2096, 2102, 2103, 2104, 2111, 2114, 2126, 2128, 2129, 2133, 2144, 2145, 2148, 2149, 2151, 2152, 2153, 2154, 2155, 2157, 2158, 2159, 2160, 2163, 2164, 2166, 2167, 2168, 2169, 2170, 2171, 2173, 2177, 2178, 2180, 2183, 2184, 2186, 2187, 2190, 2191, 2192, 2193, 2194, 2195, 2196, 2199, 2202, 2203, 2204, 2205, 2208, 2209, 2210, 2211, 2212, 2215, 2216, 2217, 2219, 2221, 2222, 2223, 2224, 2226, 2233, 2237, 2239, 2240, 2249, 2250, 2259, 2269, 2279, 2290, 2291, 2294, 2295, 2297, 2301, 2304, 2306, 2308, 2309, 2310, 2314, 2315, 2316, 2317, 2318, 2322, 2323, 2324, 2327, 2328, 2329, 2330, 2331, 2339, 2340, 2341, 2342, 2343, 2344, 2345, 2351, 2352, 2353, 2354, 2355, 2359, 2360, 2361, 2362, 2363, 2367, 2370], "summary": {"covered_lines": 1061, "num_statements": 1239, "percent_covered": 85.63357546408393, "percent_covered_display": "86", "missing_lines": 178, "excluded_lines": 2}, "missing_lines": [19, 20, 103, 104, 105, 179, 180, 271, 272, 273, 301, 302, 564, 565, 595, 596, 597, 618, 619, 620, 621, 622, 623, 724, 725, 726, 1000, 1057, 1200, 1201, 1202, 1253, 1254, 1255, 1256, 1257, 1258, 1262, 1263, 1264, 1265, 1267, 1268, 1269, 1284, 1285, 1286, 1311, 1312, 1313, 1329, 1330, 1331, 1383, 1384, 1386, 1387, 1388, 1389, 1391, 1397, 1401, 1417, 1418, 1419, 1446, 1447, 1448, 1456, 1457, 1458, 1464, 1465, 1466, 1475, 1476, 1477, 1480, 1506, 1507, 1508, 1511, 1512, 1513, 1515, 1518, 1519, 1520, 1521, 1522, 1523, 1524, 1527, 1528, 1529, 1530, 1531, 1533, 1534, 1582, 1583, 1584, 1592, 1593, 1594, 1659, 1660, 1661, 1701, 1713, 1730, 1731, 1732, 1798, 1799, 1800, 1815, 1816, 1822, 1825, 1826, 1845, 1854, 1855, 1913, 1914, 1915, 1942, 1943, 1944, 1952, 1953, 1954, 1960, 1961, 1962, 1963, 1969, 1970, 1971, 2036, 2037, 2038, 2039, 2068, 2069, 2070, 2097, 2098, 2099, 2107, 2108, 2109, 2116, 2117, 2118, 2119, 2122, 2124, 2125, 2131, 2134, 2135, 2137, 2138, 2141, 2228, 2229, 2230, 2260, 2270, 2280, 2312, 2320, 2335, 2347, 2357, 2365], "excluded_lines": [2370, 2371]}}}, "adri/config/__init__.py": {"executed_lines": [0], "summary": {"covered_lines": 0, "num_statements": 0, "percent_covered": 100.0, "percent_covered_display": "100", "missing_lines": 0, "excluded_lines": 0}, "missing_lines": [], "excluded_lines": [], "functions": {"": {"executed_lines": [], "summary": {"covered_lines": 0, "num_statements": 0, "percent_covered": 100.0, "percent_covered_display": "100", "missing_lines": 0, "excluded_lines": 0}, "missing_lines": [], "excluded_lines": []}}, "classes": {"": {"executed_lines": [], "summary": {"covered_lines": 0, "num_statements": 0, "percent_covered": 100.0, "percent_covered_display": "100", "missing_lines": 0, "excluded_lines": 0}, "missing_lines": [], "excluded_lines": []}}}, "adri/config/loader.py": {"executed_lines": [1, 7, 8, 9, 11, 14, 15, 17, 18, 24, 36, 37, 40, 41, 42, 44, 46, 48, 49, 50, 52, 53, 55, 56, 57, 59, 61, 62, 64, 66, 67, 68, 69, 71], "summary": {"covered_lines": 32, "num_statements": 32, "percent_covered": 100.0, "percent_covered_display": "100", "missing_lines": 0, "excluded_lines": 0}, "missing_lines": [], "excluded_lines": [], "functions": {"ConfigLoader.__init__": {"executed_lines": [18], "summary": {"covered_lines": 1, "num_statements": 1, "percent_covered": 100.0, "percent_covered_display": "100", "missing_lines": 0, "excluded_lines": 0}, "missing_lines": [], "excluded_lines": []}, "ConfigLoader.load_config": {"executed_lines": [36, 37, 40, 41, 42, 44], "summary": {"covered_lines": 6, "num_statements": 6, "percent_covered": 100.0, "percent_covered_display": "100", "missing_lines": 0, "excluded_lines": 0}, "missing_lines": [], "excluded_lines": []}, "ConfigLoader._load_config_file": {"executed_lines": [48, 49, 50, 52, 53, 55, 56, 57], "summary": {"covered_lines": 8, "num_statements": 8, "percent_covered": 100.0, "percent_covered_display": "100", "missing_lines": 0, "excluded_lines": 0}, "missing_lines": [], "excluded_lines": []}, "ConfigLoader.validate_config_structure": {"executed_lines": [61, 62, 64, 66, 67, 68, 69, 71], "summary": {"covered_lines": 8, "num_statements": 8, "percent_covered": 100.0, "percent_covered_display": "100", "missing_lines": 0, "excluded_lines": 0}, "missing_lines": [], "excluded_lines": []}, "": {"executed_lines": [1, 7, 8, 9, 11, 14, 15, 17, 24, 46, 59], "summary": {"covered_lines": 9, "num_statements": 9, "percent_covered": 100.0, "percent_covered_display": "100", "missing_lines": 0, "excluded_lines": 0}, "missing_lines": [], "excluded_lines": []}}, "classes": {"ConfigLoader": {"executed_lines": [18, 36, 37, 40, 41, 42, 44, 48, 49, 50, 52, 53, 55, 56, 57, 61, 62, 64, 66, 67, 68, 69, 71], "summary": {"covered_lines": 23, "num_statements": 23, "percent_covered": 100.0, "percent_covered_display": "100", "missing_lines": 0, "excluded_lines": 0}, "missing_lines": [], "excluded_lines": []}, "": {"executed_lines": [1, 7, 8, 9, 11, 14, 15, 17, 24, 46, 59], "summary": {"covered_lines": 9, "num_statements": 9, "percent_covered": 100.0, "percent_covered_display": "100", "missing_lines": 0, "excluded_lines": 0}, "missing_lines": [], "excluded_lines": []}}}, "adri/config/manager.py": {"executed_lines": [1, 7, 8, 9, 11, 14, 15, 17, 19, 21, 31, 107, 117, 119, 120, 122, 125, 131, 132, 133, 136, 137, 138, 141, 142, 143, 145, 146, 147, 148, 149, 151, 153, 154, 156, 166, 167, 169, 181, 182, 184, 185, 187, 194, 195, 198, 199, 200, 201, 204, 207, 209, 219, 222, 224, 225, 226, 229, 235, 236, 237, 238, 240, 242, 254, 255, 257, 258, 260, 262, 275, 277, 278, 280, 281, 283, 285, 302, 303, 306, 307, 309, 311, 324, 325, 327, 340, 341, 343, 353, 355, 357, 358, 360, 361, 362, 374, 375, 376, 380, 383, 384, 387, 388, 391, 392, 397, 402, 404, 416, 417, 419, 429, 432, 435, 436, 438, 439, 440, 441, 443, 445, 458, 459, 461, 462, 464, 465, 467, 469], "summary": {"covered_lines": 128, "num_statements": 133, "percent_covered": 96.2406015037594, "percent_covered_display": "96", "missing_lines": 5, "excluded_lines": 0}, "missing_lines": [377, 378, 393, 396, 398], "excluded_lines": [], "functions": {"ConfigManager.__init__": {"executed_lines": [19], "summary": {"covered_lines": 1, "num_statements": 1, "percent_covered": 100.0, "percent_covered_display": "100", "missing_lines": 0, "excluded_lines": 0}, "missing_lines": [], "excluded_lines": []}, "ConfigManager.create_default_config": {"executed_lines": [31], "summary": {"covered_lines": 1, "num_statements": 1, "percent_covered": 100.0, "percent_covered_display": "100", "missing_lines": 0, "excluded_lines": 0}, "missing_lines": [], "excluded_lines": []}, "ConfigManager.validate_config": {"executed_lines": [117, 119, 120, 122, 125, 131, 132, 133, 136, 137, 138, 141, 142, 143, 145, 146, 147, 148, 149, 151, 153, 154], "summary": {"covered_lines": 22, "num_statements": 22, "percent_covered": 100.0, "percent_covered_display": "100", "missing_lines": 0, "excluded_lines": 0}, "missing_lines": [], "excluded_lines": []}, "ConfigManager.save_config": {"executed_lines": [166, 167], "summary": {"covered_lines": 2, "num_statements": 2, "percent_covered": 100.0, "percent_covered_display": "100", "missing_lines": 0, "excluded_lines": 0}, "missing_lines": [], "excluded_lines": []}, "ConfigManager.load_config": {"executed_lines": [181, 182, 184, 185], "summary": {"covered_lines": 4, "num_statements": 4, "percent_covered": 100.0, "percent_covered_display": "100", "missing_lines": 0, "excluded_lines": 0}, "missing_lines": [], "excluded_lines": []}, "ConfigManager.create_directory_structure": {"executed_lines": [194, 195, 198, 199, 200, 201, 204, 207], "summary": {"covered_lines": 8, "num_statements": 8, "percent_covered": 100.0, "percent_covered_display": "100", "missing_lines": 0, "excluded_lines": 0}, "missing_lines": [], "excluded_lines": []}, "ConfigManager.find_config_file": {"executed_lines": [219, 222, 224, 225, 226, 229, 235, 236, 237, 238, 240], "summary": {"covered_lines": 11, "num_statements": 11, "percent_covered": 100.0, "percent_covered_display": "100", "missing_lines": 0, "excluded_lines": 0}, "missing_lines": [], "excluded_lines": []}, "ConfigManager.get_active_config": {"executed_lines": [254, 255, 257, 258, 260], "summary": {"covered_lines": 5, "num_statements": 5, "percent_covered": 100.0, "percent_covered_display": "100", "missing_lines": 0, "excluded_lines": 0}, "missing_lines": [], "excluded_lines": []}, "ConfigManager.get_environment_config": {"executed_lines": [275, 277, 278, 280, 281, 283], "summary": {"covered_lines": 6, "num_statements": 6, "percent_covered": 100.0, "percent_covered_display": "100", "missing_lines": 0, "excluded_lines": 0}, "missing_lines": [], "excluded_lines": []}, "ConfigManager.resolve_standard_path": {"executed_lines": [302, 303, 306, 307, 309], "summary": {"covered_lines": 5, "num_statements": 5, "percent_covered": 100.0, "percent_covered_display": "100", "missing_lines": 0, "excluded_lines": 0}, "missing_lines": [], "excluded_lines": []}, "ConfigManager.get_assessments_dir": {"executed_lines": [324, 325], "summary": {"covered_lines": 2, "num_statements": 2, "percent_covered": 100.0, "percent_covered_display": "100", "missing_lines": 0, "excluded_lines": 0}, "missing_lines": [], "excluded_lines": []}, "ConfigManager.get_training_data_dir": {"executed_lines": [340, 341], "summary": {"covered_lines": 2, "num_statements": 2, "percent_covered": 100.0, "percent_covered_display": "100", "missing_lines": 0, "excluded_lines": 0}, "missing_lines": [], "excluded_lines": []}, "ConfigManager.validate_paths": {"executed_lines": [353, 355, 357, 358, 360, 361, 362, 374, 375, 376, 380, 383, 384, 387, 388, 391, 392, 397, 402], "summary": {"covered_lines": 19, "num_statements": 24, "percent_covered": 79.16666666666667, "percent_covered_display": "79", "missing_lines": 5, "excluded_lines": 0}, "missing_lines": [377, 378, 393, 396, 398], "excluded_lines": []}, "ConfigManager.get_protection_config": {"executed_lines": [416, 417, 419, 429, 432, 435, 436, 438, 439, 440, 441, 443], "summary": {"covered_lines": 12, "num_statements": 12, "percent_covered": 100.0, "percent_covered_display": "100", "missing_lines": 0, "excluded_lines": 0}, "missing_lines": [], "excluded_lines": []}, "ConfigManager.resolve_standard_path_simple": {"executed_lines": [458, 459, 461, 462, 464, 465, 467, 469], "summary": {"covered_lines": 8, "num_statements": 8, "percent_covered": 100.0, "percent_covered_display": "100", "missing_lines": 0, "excluded_lines": 0}, "missing_lines": [], "excluded_lines": []}, "": {"executed_lines": [1, 7, 8, 9, 11, 14, 15, 17, 21, 107, 156, 169, 187, 209, 242, 262, 285, 311, 327, 343, 404, 445], "summary": {"covered_lines": 20, "num_statements": 20, "percent_covered": 100.0, "percent_covered_display": "100", "missing_lines": 0, "excluded_lines": 0}, "missing_lines": [], "excluded_lines": []}}, "classes": {"ConfigManager": {"executed_lines": [19, 31, 117, 119, 120, 122, 125, 131, 132, 133, 136, 137, 138, 141, 142, 143, 145, 146, 147, 148, 149, 151, 153, 154, 166, 167, 181, 182, 184, 185, 194, 195, 198, 199, 200, 201, 204, 207, 219, 222, 224, 225, 226, 229, 235, 236, 237, 238, 240, 254, 255, 257, 258, 260, 275, 277, 278, 280, 281, 283, 302, 303, 306, 307, 309, 324, 325, 340, 341, 353, 355, 357, 358, 360, 361, 362, 374, 375, 376, 380, 383, 384, 387, 388, 391, 392, 397, 402, 416, 417, 419, 429, 432, 435, 436, 438, 439, 440, 441, 443, 458, 459, 461, 462, 464, 465, 467, 469], "summary": {"covered_lines": 108, "num_statements": 113, "percent_covered": 95.57522123893806, "percent_covered_display": "96", "missing_lines": 5, "excluded_lines": 0}, "missing_lines": [377, 378, 393, 396, 398], "excluded_lines": []}, "": {"executed_lines": [1, 7, 8, 9, 11, 14, 15, 17, 21, 107, 156, 169, 187, 209, 242, 262, 285, 311, 327, 343, 404, 445], "summary": {"covered_lines": 20, "num_statements": 20, "percent_covered": 100.0, "percent_covered_display": "100", "missing_lines": 0, "excluded_lines": 0}, "missing_lines": [], "excluded_lines": []}}}, "adri/core/__init__.py": {"executed_lines": [1, 7, 9], "summary": {"covered_lines": 2, "num_statements": 2, "percent_covered": 100.0, "percent_covered_display": "100", "missing_lines": 0, "excluded_lines": 0}, "missing_lines": [], "excluded_lines": [], "functions": {"": {"executed_lines": [1, 7, 9], "summary": {"covered_lines": 2, "num_statements": 2, "percent_covered": 100.0, "percent_covered_display": "100", "missing_lines": 0, "excluded_lines": 0}, "missing_lines": [], "excluded_lines": []}}, "classes": {"": {"executed_lines": [1, 7, 9], "summary": {"covered_lines": 2, "num_statements": 2, "percent_covered": 100.0, "percent_covered_display": "100", "missing_lines": 0, "excluded_lines": 0}, "missing_lines": [], "excluded_lines": []}}}, "adri/core/assessor.py": {"executed_lines": [1, 7, 9, 12, 13, 15, 16, 18, 20, 22, 24, 27, 28, 30, 34, 35, 36, 37, 38, 39, 40, 41, 43, 45, 47, 49, 51, 53, 59, 62, 63, 65, 71, 73, 76, 77, 79, 81, 84, 85, 86, 87, 92, 141, 142, 145, 146, 148, 150, 152, 155, 156, 158, 159, 160, 161, 162, 164, 166, 169, 170, 172, 178, 179, 180, 181, 182, 183, 184, 185, 186, 189, 190, 194, 196, 198, 208, 209, 210, 211, 212, 213, 214, 215, 217, 220, 221, 223, 230, 232, 233, 234, 235, 236, 238, 239, 240, 241, 242, 243, 244, 245, 246, 247, 250, 251, 252, 253, 254, 255, 256, 257, 258, 259, 260, 261, 262, 263, 264, 266, 269, 271, 303, 304, 306, 307, 309, 311, 313, 314, 316, 318, 319, 321, 323, 324, 326, 329, 330, 332, 344, 345, 347, 348, 349, 351, 384, 397, 399, 402, 403, 406, 407, 408, 410, 419, 420, 423, 426, 428, 434, 436, 437, 438, 439, 440, 442, 450, 451, 452, 454, 456, 460, 461, 464, 465, 466, 468, 470, 471, 472, 474, 475, 478, 483, 484, 485, 488, 489, 490, 492, 493, 496, 497, 499, 503, 504, 509, 510, 512, 513, 514, 515, 517, 518, 519, 521, 523, 525, 528, 530, 532, 534, 535, 536, 537, 538, 539, 540, 541, 542, 543, 544, 550, 552, 554, 558, 559, 560, 562, 564, 566, 567, 568, 570, 571, 573, 574, 575, 577, 579, 580, 582, 583, 585, 586, 588, 589, 591, 592, 594, 596, 598, 599, 601, 602, 604, 605, 606, 607, 609, 611, 612, 613, 614, 615, 616, 617, 618, 620, 621, 624, 625, 627, 629, 630, 632, 633, 634, 636, 638, 641, 643, 646, 648, 651, 654, 656, 658, 661, 664, 666, 668, 669, 670, 671, 672, 673, 674, 677, 679, 681, 682, 684, 685, 686, 687, 688, 690, 691, 692, 693, 695, 696, 697, 700, 702, 704, 705, 707, 710, 712, 714, 715, 717, 718, 721, 722, 723, 724, 725, 726, 727, 728, 729, 730, 731, 737, 738, 739, 740, 741, 742, 743, 744, 745, 746, 747, 748, 749, 754, 755, 756, 759, 761, 764, 765, 768, 769], "summary": {"covered_lines": 351, "num_statements": 380, "percent_covered": 92.36842105263158, "percent_covered_display": "92", "missing_lines": 29, "excluded_lines": 0}, "missing_lines": [89, 354, 355, 358, 359, 360, 362, 371, 372, 375, 380, 382, 430, 432, 479, 480, 505, 507, 662, 675, 698, 708, 732, 733, 734, 750, 751, 752, 757], "excluded_lines": [], "functions": {"BundledStandardWrapper.__init__": {"executed_lines": [16], "summary": {"covered_lines": 1, "num_statements": 1, "percent_covered": 100.0, "percent_covered_display": "100", "missing_lines": 0, "excluded_lines": 0}, "missing_lines": [], "excluded_lines": []}, "BundledStandardWrapper.get_field_requirements": {"executed_lines": [20], "summary": {"covered_lines": 1, "num_statements": 1, "percent_covered": 100.0, "percent_covered_display": "100", "missing_lines": 0, "excluded_lines": 0}, "missing_lines": [], "excluded_lines": []}, "BundledStandardWrapper.get_overall_minimum": {"executed_lines": [24], "summary": {"covered_lines": 1, "num_statements": 1, "percent_covered": 100.0, "percent_covered_display": "100", "missing_lines": 0, "excluded_lines": 0}, "missing_lines": [], "excluded_lines": []}, "AssessmentResult.__init__": {"executed_lines": [34, 35, 36, 37, 38, 39, 40, 41], "summary": {"covered_lines": 8, "num_statements": 8, "percent_covered": 100.0, "percent_covered_display": "100", "missing_lines": 0, "excluded_lines": 0}, "missing_lines": [], "excluded_lines": []}, "AssessmentResult.add_rule_execution": {"executed_lines": [45], "summary": {"covered_lines": 1, "num_statements": 1, "percent_covered": 100.0, "percent_covered_display": "100", "missing_lines": 0, "excluded_lines": 0}, "missing_lines": [], "excluded_lines": []}, "AssessmentResult.add_field_analysis": {"executed_lines": [49], "summary": {"covered_lines": 1, "num_statements": 1, "percent_covered": 100.0, "percent_covered_display": "100", "missing_lines": 0, "excluded_lines": 0}, "missing_lines": [], "excluded_lines": []}, "AssessmentResult.set_dataset_info": {"executed_lines": [53], "summary": {"covered_lines": 1, "num_statements": 1, "percent_covered": 100.0, "percent_covered_display": "100", "missing_lines": 0, "excluded_lines": 0}, "missing_lines": [], "excluded_lines": []}, "AssessmentResult.set_execution_stats": {"executed_lines": [62, 63, 65], "summary": {"covered_lines": 3, "num_statements": 3, "percent_covered": 100.0, "percent_covered_display": "100", "missing_lines": 0, "excluded_lines": 0}, "missing_lines": [], "excluded_lines": []}, "AssessmentResult.to_standard_dict": {"executed_lines": [73, 76, 77], "summary": {"covered_lines": 3, "num_statements": 3, "percent_covered": 100.0, "percent_covered_display": "100", "missing_lines": 0, "excluded_lines": 0}, "missing_lines": [], "excluded_lines": []}, "AssessmentResult.to_v2_standard_dict": {"executed_lines": [81, 84, 85, 86, 87, 92, 141, 142, 145, 146, 148], "summary": {"covered_lines": 11, "num_statements": 12, "percent_covered": 91.66666666666667, "percent_covered_display": "92", "missing_lines": 1, "excluded_lines": 0}, "missing_lines": [89], "excluded_lines": []}, "AssessmentResult.to_dict": {"executed_lines": [152], "summary": {"covered_lines": 1, "num_statements": 1, "percent_covered": 100.0, "percent_covered_display": "100", "missing_lines": 0, "excluded_lines": 0}, "missing_lines": [], "excluded_lines": []}, "DimensionScore.__init__": {"executed_lines": [159, 160, 161, 162], "summary": {"covered_lines": 4, "num_statements": 4, "percent_covered": 100.0, "percent_covered_display": "100", "missing_lines": 0, "excluded_lines": 0}, "missing_lines": [], "excluded_lines": []}, "DimensionScore.percentage": {"executed_lines": [166], "summary": {"covered_lines": 1, "num_statements": 1, "percent_covered": 100.0, "percent_covered_display": "100", "missing_lines": 0, "excluded_lines": 0}, "missing_lines": [], "excluded_lines": []}, "FieldAnalysis.__init__": {"executed_lines": [178, 179, 180, 181, 182, 183, 184, 185, 186, 189, 190, 194], "summary": {"covered_lines": 12, "num_statements": 12, "percent_covered": 100.0, "percent_covered_display": "100", "missing_lines": 0, "excluded_lines": 0}, "missing_lines": [], "excluded_lines": []}, "FieldAnalysis.to_dict": {"executed_lines": [198, 208, 209, 210, 211, 212, 213, 214, 215, 217], "summary": {"covered_lines": 10, "num_statements": 10, "percent_covered": 100.0, "percent_covered_display": "100", "missing_lines": 0, "excluded_lines": 0}, "missing_lines": [], "excluded_lines": []}, "RuleExecutionResult.__init__": {"executed_lines": [230, 232, 233, 234, 235, 236, 238, 239, 240, 241, 242, 243, 244, 245, 246, 247, 250, 251, 252, 253, 254, 255, 256, 257, 258, 259, 260, 261, 262, 263, 264], "summary": {"covered_lines": 31, "num_statements": 31, "percent_covered": 100.0, "percent_covered_display": "100", "missing_lines": 0, "excluded_lines": 0}, "missing_lines": [], "excluded_lines": []}, "RuleExecutionResult.to_dict": {"executed_lines": [269, 271], "summary": {"covered_lines": 2, "num_statements": 2, "percent_covered": 100.0, "percent_covered_display": "100", "missing_lines": 0, "excluded_lines": 0}, "missing_lines": [], "excluded_lines": []}, "DataQualityAssessor.__init__": {"executed_lines": [307], "summary": {"covered_lines": 1, "num_statements": 1, "percent_covered": 100.0, "percent_covered_display": "100", "missing_lines": 0, "excluded_lines": 0}, "missing_lines": [], "excluded_lines": []}, "DataQualityAssessor.assess": {"executed_lines": [311, 313, 314, 316, 318, 319, 321, 323, 324, 326], "summary": {"covered_lines": 10, "num_statements": 10, "percent_covered": 100.0, "percent_covered_display": "100", "missing_lines": 0, "excluded_lines": 0}, "missing_lines": [], "excluded_lines": []}, "AssessmentEngine.assess": {"executed_lines": [344, 345, 347, 348, 349, 351], "summary": {"covered_lines": 6, "num_statements": 17, "percent_covered": 35.294117647058826, "percent_covered_display": "35", "missing_lines": 11, "excluded_lines": 0}, "missing_lines": [354, 355, 358, 359, 360, 362, 371, 372, 375, 380, 382], "excluded_lines": []}, "AssessmentEngine.assess_with_standard_dict": {"executed_lines": [397, 399, 402, 403, 406, 407, 408, 410, 419, 420, 423, 426, 428], "summary": {"covered_lines": 13, "num_statements": 15, "percent_covered": 86.66666666666667, "percent_covered_display": "87", "missing_lines": 2, "excluded_lines": 0}, "missing_lines": [430, 432], "excluded_lines": []}, "AssessmentEngine._basic_assessment": {"executed_lines": [436, 437, 438, 439, 440, 442, 450, 451, 452, 454], "summary": {"covered_lines": 10, "num_statements": 10, "percent_covered": 100.0, "percent_covered_display": "100", "missing_lines": 0, "excluded_lines": 0}, "missing_lines": [], "excluded_lines": []}, "AssessmentEngine._assess_validity_with_standard": {"executed_lines": [460, 461, 464, 465, 466, 468, 470, 471, 472, 474, 475, 478, 483, 484, 485, 488, 489, 490, 492, 493, 496, 497], "summary": {"covered_lines": 22, "num_statements": 24, "percent_covered": 91.66666666666667, "percent_covered_display": "92", "missing_lines": 2, "excluded_lines": 0}, "missing_lines": [479, 480], "excluded_lines": []}, "AssessmentEngine._assess_completeness_with_standard": {"executed_lines": [503, 504, 509, 510, 512, 513, 514, 515, 517, 518, 519, 521, 523, 525, 528], "summary": {"covered_lines": 15, "num_statements": 17, "percent_covered": 88.23529411764706, "percent_covered_display": "88", "missing_lines": 2, "excluded_lines": 0}, "missing_lines": [505, 507], "excluded_lines": []}, "AssessmentEngine._check_field_type": {"executed_lines": [532, 534, 535, 536, 537, 538, 539, 540, 541, 542, 543, 544, 550, 552, 554, 558, 559, 560, 562], "summary": {"covered_lines": 19, "num_statements": 19, "percent_covered": 100.0, "percent_covered_display": "100", "missing_lines": 0, "excluded_lines": 0}, "missing_lines": [], "excluded_lines": []}, "AssessmentEngine._check_field_pattern": {"executed_lines": [566, 567, 568, 570, 571, 573, 574, 575], "summary": {"covered_lines": 8, "num_statements": 8, "percent_covered": 100.0, "percent_covered_display": "100", "missing_lines": 0, "excluded_lines": 0}, "missing_lines": [], "excluded_lines": []}, "AssessmentEngine._check_field_range": {"executed_lines": [579, 580, 582, 583, 585, 586, 588, 589, 591, 592, 594], "summary": {"covered_lines": 11, "num_statements": 11, "percent_covered": 100.0, "percent_covered_display": "100", "missing_lines": 0, "excluded_lines": 0}, "missing_lines": [], "excluded_lines": []}, "AssessmentEngine._assess_validity": {"executed_lines": [598, 599, 601, 602, 604, 605, 606, 607, 609, 611, 612, 613, 614, 615, 616, 617, 618, 620, 621, 624, 625], "summary": {"covered_lines": 21, "num_statements": 21, "percent_covered": 100.0, "percent_covered_display": "100", "missing_lines": 0, "excluded_lines": 0}, "missing_lines": [], "excluded_lines": []}, "AssessmentEngine._assess_completeness": {"executed_lines": [629, 630, 632, 633, 634, 636], "summary": {"covered_lines": 6, "num_statements": 6, "percent_covered": 100.0, "percent_covered_display": "100", "missing_lines": 0, "excluded_lines": 0}, "missing_lines": [], "excluded_lines": []}, "AssessmentEngine._assess_consistency": {"executed_lines": [641], "summary": {"covered_lines": 1, "num_statements": 1, "percent_covered": 100.0, "percent_covered_display": "100", "missing_lines": 0, "excluded_lines": 0}, "missing_lines": [], "excluded_lines": []}, "AssessmentEngine._assess_freshness": {"executed_lines": [646], "summary": {"covered_lines": 1, "num_statements": 1, "percent_covered": 100.0, "percent_covered_display": "100", "missing_lines": 0, "excluded_lines": 0}, "missing_lines": [], "excluded_lines": []}, "AssessmentEngine._assess_plausibility": {"executed_lines": [651], "summary": {"covered_lines": 1, "num_statements": 1, "percent_covered": 100.0, "percent_covered_display": "100", "missing_lines": 0, "excluded_lines": 0}, "missing_lines": [], "excluded_lines": []}, "AssessmentEngine.assess_validity": {"executed_lines": [656, 658, 661], "summary": {"covered_lines": 3, "num_statements": 4, "percent_covered": 75.0, "percent_covered_display": "75", "missing_lines": 1, "excluded_lines": 0}, "missing_lines": [662], "excluded_lines": []}, "AssessmentEngine.assess_completeness": {"executed_lines": [666, 668, 669, 670, 671, 672, 673, 674], "summary": {"covered_lines": 8, "num_statements": 9, "percent_covered": 88.88888888888889, "percent_covered_display": "89", "missing_lines": 1, "excluded_lines": 0}, "missing_lines": [675], "excluded_lines": []}, "AssessmentEngine.assess_consistency": {"executed_lines": [679, 681, 682, 684, 685, 686, 687, 688, 690, 691, 692, 693, 695, 696, 697], "summary": {"covered_lines": 15, "num_statements": 16, "percent_covered": 93.75, "percent_covered_display": "94", "missing_lines": 1, "excluded_lines": 0}, "missing_lines": [698], "excluded_lines": []}, "AssessmentEngine.assess_freshness": {"executed_lines": [702, 704, 705, 707], "summary": {"covered_lines": 4, "num_statements": 5, "percent_covered": 80.0, "percent_covered_display": "80", "missing_lines": 1, "excluded_lines": 0}, "missing_lines": [708], "excluded_lines": []}, "AssessmentEngine.assess_plausibility": {"executed_lines": [712, 714, 715, 717, 718, 721, 722, 723, 724, 725, 726, 727, 728, 729, 730, 731, 737, 738, 739, 740, 741, 742, 743, 744, 745, 746, 747, 748, 749, 754, 755, 756], "summary": {"covered_lines": 32, "num_statements": 39, "percent_covered": 82.05128205128206, "percent_covered_display": "82", "missing_lines": 7, "excluded_lines": 0}, "missing_lines": [732, 733, 734, 750, 751, 752, 757], "excluded_lines": []}, "AssessmentEngine._is_valid_email": {"executed_lines": [761, 764, 765, 768, 769], "summary": {"covered_lines": 5, "num_statements": 5, "percent_covered": 100.0, "percent_covered_display": "100", "missing_lines": 0, "excluded_lines": 0}, "missing_lines": [], "excluded_lines": []}, "": {"executed_lines": [1, 7, 9, 12, 13, 15, 18, 22, 27, 28, 30, 43, 47, 51, 59, 71, 79, 150, 155, 156, 158, 164, 169, 170, 172, 196, 220, 221, 223, 266, 303, 304, 306, 309, 329, 330, 332, 384, 434, 456, 499, 530, 564, 577, 596, 627, 638, 643, 648, 654, 664, 677, 700, 710, 759], "summary": {"covered_lines": 47, "num_statements": 47, "percent_covered": 100.0, "percent_covered_display": "100", "missing_lines": 0, "excluded_lines": 0}, "missing_lines": [], "excluded_lines": []}}, "classes": {"BundledStandardWrapper": {"executed_lines": [16, 20, 24], "summary": {"covered_lines": 3, "num_statements": 3, "percent_covered": 100.0, "percent_covered_display": "100", "missing_lines": 0, "excluded_lines": 0}, "missing_lines": [], "excluded_lines": []}, "AssessmentResult": {"executed_lines": [34, 35, 36, 37, 38, 39, 40, 41, 45, 49, 53, 62, 63, 65, 73, 76, 77, 81, 84, 85, 86, 87, 92, 141, 142, 145, 146, 148, 152], "summary": {"covered_lines": 29, "num_statements": 30, "percent_covered": 96.66666666666667, "percent_covered_display": "97", "missing_lines": 1, "exclud
[...]
ered_display": "100", "missing_lines": 0, "excluded_lines": 0}, "missing_lines": [], "excluded_lines": [], "functions": {"": {"executed_lines": [1, 7, 9], "summary": {"covered_lines": 2, "num_statements": 2, "percent_covered": 100.0, "percent_covered_display": "100", "missing_lines": 0, "excluded_lines": 0}, "missing_lines": [], "excluded_lines": []}}, "classes": {"": {"executed_lines": [1, 7, 9], "summary": {"covered_lines": 2, "num_statements": 2, "percent_covered": 100.0, "percent_covered_display": "100", "missing_lines": 0, "excluded_lines": 0}, "missing_lines": [], "excluded_lines": []}}}, "adri/decorators/guard.py": {"executed_lines": [1, 7, 8, 9, 11, 12, 14, 17, 99, 100, 101, 102, 104, 107, 123, 125, 126, 128, 129, 135, 136, 149, 151, 155, 169, 184], "summary": {"covered_lines": 25, "num_statements": 28, "percent_covered": 89.28571428571429, "percent_covered_display": "89", "missing_lines": 3, "excluded_lines": 0}, "missing_lines": [161, 175, 190], "excluded_lines": [], "functions": {"adri_protected": {"executed_lines": [99, 100, 151], "summary": {"covered_lines": 3, "num_statements": 3, "percent_covered": 100.0, "percent_covered_display": "100", "missing_lines": 0, "excluded_lines": 0}, "missing_lines": [], "excluded_lines": []}, "adri_protected.decorator": {"executed_lines": [101, 135, 136, 149], "summary": {"covered_lines": 4, "num_statements": 4, "percent_covered": 100.0, "percent_covered_display": "100", "missing_lines": 0, "excluded_lines": 0}, "missing_lines": [], "excluded_lines": []}, "adri_protected.decorator.wrapper": {"executed_lines": [102, 104, 107, 123, 125, 126, 128, 129], "summary": {"covered_lines": 8, "num_statements": 8, "percent_covered": 100.0, "percent_covered_display": "100", "missing_lines": 0, "excluded_lines": 0}, "missing_lines": [], "excluded_lines": []}, "adri_strict": {"executed_lines": [], "summary": {"covered_lines": 0, "num_statements": 1, "percent_covered": 0.0, "percent_covered_display": "0", "missing_lines": 1, "excluded_lines": 0}, "missing_lines": [161], "excluded_lines": []}, "adri_permissive": {"executed_lines": [], "summary": {"covered_lines": 0, "num_statements": 1, "percent_covered": 0.0, "percent_covered_display": "0", "missing_lines": 1, "excluded_lines": 0}, "missing_lines": [175], "excluded_lines": []}, "adri_financial": {"executed_lines": [], "summary": {"covered_lines": 0, "num_statements": 1, "percent_covered": 0.0, "percent_covered_display": "0", "missing_lines": 1, "excluded_lines": 0}, "missing_lines": [190], "excluded_lines": []}, "": {"executed_lines": [1, 7, 8, 9, 11, 12, 14, 17, 155, 169, 184], "summary": {"covered_lines": 10, "num_statements": 10, "percent_covered": 100.0, "percent_covered_display": "100", "missing_lines": 0, "excluded_lines": 0}, "missing_lines": [], "excluded_lines": []}}, "classes": {"": {"executed_lines": [1, 7, 8, 9, 11, 12, 14, 17, 99, 100, 101, 102, 104, 107, 123, 125, 126, 128, 129, 135, 136, 149, 151, 155, 169, 184], "summary": {"covered_lines": 25, "num_statements": 28, "percent_covered": 89.28571428571429, "percent_covered_display": "89", "missing_lines": 3, "excluded_lines": 0}, "missing_lines": [161, 175, 190], "excluded_lines": []}}}, "adri/standards/__init__.py": {"executed_lines": [1, 9, 10, 12, 15, 18, 32, 35, 42, 45, 55], "summary": {"covered_lines": 10, "num_statements": 10, "percent_covered": 100.0, "percent_covered_display": "100", "missing_lines": 0, "excluded_lines": 0}, "missing_lines": [], "excluded_lines": [], "functions": {"load_standard": {"executed_lines": [32], "summary": {"covered_lines": 1, "num_statements": 1, "percent_covered": 100.0, "percent_covered_display": "100", "missing_lines": 0, "excluded_lines": 0}, "missing_lines": [], "excluded_lines": []}, "list_available_standards": {"executed_lines": [42], "summary": {"covered_lines": 1, "num_statements": 1, "percent_covered": 100.0, "percent_covered_display": "100", "missing_lines": 0, "excluded_lines": 0}, "missing_lines": [], "excluded_lines": []}, "standard_exists": {"executed_lines": [55], "summary": {"covered_lines": 1, "num_statements": 1, "percent_covered": 100.0, "percent_covered_display": "100", "missing_lines": 0, "excluded_lines": 0}, "missing_lines": [], "excluded_lines": []}, "": {"executed_lines": [1, 9, 10, 12, 15, 18, 35, 45], "summary": {"covered_lines": 7, "num_statements": 7, "percent_covered": 100.0, "percent_covered_display": "100", "missing_lines": 0, "excluded_lines": 0}, "missing_lines": [], "excluded_lines": []}}, "classes": {"": {"executed_lines": [1, 9, 10, 12, 15, 18, 32, 35, 42, 45, 55], "summary": {"covered_lines": 10, "num_statements": 10, "percent_covered": 100.0, "percent_covered_display": "100", "missing_lines": 0, "excluded_lines": 0}, "missing_lines": [], "excluded_lines": []}}}, "adri/standards/exceptions.py": {"executed_lines": [1, 8, 9, 16, 17, 18, 21, 22, 29, 30, 31, 32, 34, 37, 38, 45], "summary": {"covered_lines": 12, "num_statements": 14, "percent_covered": 85.71428571428571, "percent_covered_display": "86", "missing_lines": 2, "excluded_lines": 0}, "missing_lines": [46, 47], "excluded_lines": [], "functions": {"StandardNotFoundError.__init__": {"executed_lines": [17, 18], "summary": {"covered_lines": 2, "num_statements": 2, "percent_covered": 100.0, "percent_covered_display": "100", "missing_lines": 0, "excluded_lines": 0}, "missing_lines": [], "excluded_lines": []}, "InvalidStandardError.__init__": {"executed_lines": [30, 31, 32, 34], "summary": {"covered_lines": 4, "num_statements": 4, "percent_covered": 100.0, "percent_covered_display": "100", "missing_lines": 0, "excluded_lines": 0}, "missing_lines": [], "excluded_lines": []}, "StandardsDirectoryNotFoundError.__init__": {"executed_lines": [], "summary": {"covered_lines": 0, "num_statements": 2, "percent_covered": 0.0, "percent_covered_display": "0", "missing_lines": 2, "excluded_lines": 0}, "missing_lines": [46, 47], "excluded_lines": []}, "": {"executed_lines": [1, 8, 9, 16, 21, 22, 29, 37, 38, 45], "summary": {"covered_lines": 6, "num_statements": 6, "percent_covered": 100.0, "percent_covered_display": "100", "missing_lines": 0, "excluded_lines": 0}, "missing_lines": [], "excluded_lines": []}}, "classes": {"StandardNotFoundError": {"executed_lines": [17, 18], "summary": {"covered_lines": 2, "num_statements": 2, "percent_covered": 100.0, "percent_covered_display": "100", "missing_lines": 0, "excluded_lines": 0}, "missing_lines": [], "excluded_lines": []}, "InvalidStandardError": {"executed_lines": [30, 31, 32, 34], "summary": {"covered_lines": 4, "num_statements": 4, "percent_covered": 100.0, "percent_covered_display": "100", "missing_lines": 0, "excluded_lines": 0}, "missing_lines": [], "excluded_lines": []}, "StandardsDirectoryNotFoundError": {"executed_lines": [], "summary": {"covered_lines": 0, "num_statements": 2, "percent_covered": 0.0, "percent_covered_display": "0", "missing_lines": 2, "excluded_lines": 0}, "missing_lines": [46, 47], "excluded_lines": []}, "": {"executed_lines": [1, 8, 9, 16, 21, 22, 29, 37, 38, 45], "summary": {"covered_lines": 6, "num_statements": 6, "percent_covered": 100.0, "percent_covered_display": "100", "missing_lines": 0, "excluded_lines": 0}, "missing_lines": [], "excluded_lines": []}}}, "adri/standards/loader.py": {"executed_lines": [1, 9, 10, 11, 12, 14, 16, 23, 24, 32, 34, 35, 36, 38, 39, 41, 43, 46, 49, 50, 51, 57, 59, 62, 67, 68, 82, 84, 87, 88, 90, 92, 93, 96, 98, 100, 101, 107, 120, 124, 125, 126, 132, 133, 138, 139, 140, 147, 148, 153, 158, 165, 166, 169, 171, 172, 174, 176, 186, 187, 189, 202, 206, 207, 209, 219, 221, 225, 231, 245], "summary": {"covered_lines": 68, "num_statements": 87, "percent_covered": 78.16091954022988, "percent_covered_display": "78", "missing_lines": 19, "excluded_lines": 0}, "missing_lines": [54, 55, 60, 63, 102, 103, 121, 127, 134, 141, 149, 154, 203, 223, 227, 241, 242, 252, 253], "excluded_lines": [], "functions": {"StandardsLoader.__init__": {"executed_lines": [34, 35, 36], "summary": {"covered_lines": 3, "num_statements": 3, "percent_covered": 100.0, "percent_covered_display": "100", "missing_lines": 0, "excluded_lines": 0}, "missing_lines": [], "excluded_lines": []}, "StandardsLoader.standards_path": {"executed_lines": [41], "summary": {"covered_lines": 1, "num_statements": 1, "percent_covered": 100.0, "percent_covered_display": "100", "missing_lines": 0, "excluded_lines": 0}, "missing_lines": [], "excluded_lines": []}, "StandardsLoader._get_standards_path": {"executed_lines": [46, 49, 50, 51], "summary": {"covered_lines": 4, "num_statements": 6, "percent_covered": 66.66666666666667, "percent_covered_display": "67", "missing_lines": 2, "excluded_lines": 0}, "missing_lines": [54, 55], "excluded_lines": []}, "StandardsLoader._validate_standards_directory": {"executed_lines": [59, 62], "summary": {"covered_lines": 2, "num_statements": 4, "percent_covered": 50.0, "percent_covered_display": "50", "missing_lines": 2, "excluded_lines": 0}, "missing_lines": [60, 63], "excluded_lines": []}, "StandardsLoader.load_standard": {"executed_lines": [82, 84, 87, 88, 90, 92, 93, 96, 98, 100, 101], "summary": {"covered_lines": 11, "num_statements": 13, "percent_covered": 84.61538461538461, "percent_covered_display": "85", "missing_lines": 2, "excluded_lines": 0}, "missing_lines": [102, 103], "excluded_lines": []}, "StandardsLoader._validate_standard_structure": {"executed_lines": [120, 124, 125, 126, 132, 133, 138, 139, 140, 147, 148, 153], "summary": {"covered_lines": 12, "num_statements": 18, "percent_covered": 66.66666666666667, "percent_covered_display": "67", "missing_lines": 6, "excluded_lines": 0}, "missing_lines": [121, 127, 134, 141, 149, 154], "excluded_lines": []}, "StandardsLoader.list_available_standards": {"executed_lines": [165, 166, 169, 171, 172, 174], "summary": {"covered_lines": 6, "num_statements": 6, "percent_covered": 100.0, "percent_covered_display": "100", "missing_lines": 0, "excluded_lines": 0}, "missing_lines": [], "excluded_lines": []}, "StandardsLoader.standard_exists": {"executed_lines": [186, 187], "summary": {"covered_lines": 2, "num_statements": 2, "percent_covered": 100.0, "percent_covered_display": "100", "missing_lines": 0, "excluded_lines": 0}, "missing_lines": [], "excluded_lines": []}, "StandardsLoader.get_standard_metadata": {"executed_lines": [202, 206, 207, 209, 219], "summary": {"covered_lines": 5, "num_statements": 6, "percent_covered": 83.33333333333333, "percent_covered_display": "83", "missing_lines": 1, "excluded_lines": 0}, "missing_lines": [203], "excluded_lines": []}, "StandardsLoader.clear_cache": {"executed_lines": [], "summary": {"covered_lines": 0, "num_statements": 1, "percent_covered": 0.0, "percent_covered_display": "0", "missing_lines": 1, "excluded_lines": 0}, "missing_lines": [223], "excluded_lines": []}, "StandardsLoader.get_cache_info": {"executed_lines": [], "summary": {"covered_lines": 0, "num_statements": 1, "percent_covered": 0.0, "percent_covered_display": "0", "missing_lines": 1, "excluded_lines": 0}, "missing_lines": [227], "excluded_lines": []}, "load_bundled_standard": {"executed_lines": [], "summary": {"covered_lines": 0, "num_statements": 2, "percent_covered": 0.0, "percent_covered_display": "0", "missing_lines": 2, "excluded_lines": 0}, "missing_lines": [241, 242], "excluded_lines": []}, "list_bundled_standards": {"executed_lines": [], "summary": {"covered_lines": 0, "num_statements": 2, "percent_covered": 0.0, "percent_covered_display": "0", "missing_lines": 2, "excluded_lines": 0}, "missing_lines": [252, 253], "excluded_lines": []}, "": {"executed_lines": [1, 9, 10, 11, 12, 14, 16, 23, 24, 32, 38, 39, 43, 57, 67, 68, 107, 158, 176, 189, 221, 225, 231, 245], "summary": {"covered_lines": 22, "num_statements": 22, "percent_covered": 100.0, "percent_covered_display": "100", "missing_lines": 0, "excluded_lines": 0}, "missing_lines": [], "excluded_lines": []}}, "classes": {"StandardsLoader": {"executed_lines": [34, 35, 36, 41, 46, 49, 50, 51, 59, 62, 82, 84, 87, 88, 90, 92, 93, 96, 98, 100, 101, 120, 124, 125, 126, 132, 133, 138, 139, 140, 147, 148, 153, 165, 166, 169, 171, 172, 174, 186, 187, 202, 206, 207, 209, 219], "summary": {"covered_lines": 46, "num_statements": 61, "percent_covered": 75.40983606557377, "percent_covered_display": "75", "missing_lines": 15, "excluded_lines": 0}, "missing_lines": [54, 55, 60, 63, 102, 103, 121, 127, 134, 141, 149, 154, 203, 223, 227], "excluded_lines": []}, "": {"executed_lines": [1, 9, 10, 11, 12, 14, 16, 23, 24, 32, 38, 39, 43, 57, 67, 68, 107, 158, 176, 189, 221, 225, 231, 245], "summary": {"covered_lines": 22, "num_statements": 26, "percent_covered": 84.61538461538461, "percent_covered_display": "85", "missing_lines": 4, "excluded_lines": 0}, "missing_lines": [241, 242, 252, 253], "excluded_lines": []}}}, "adri/standards/yaml_standards.py": {"executed_lines": [1, 6, 8, 11, 12, 14, 16, 17, 18, 20, 21, 23, 25, 26, 27, 29, 31, 32, 33, 34, 38, 39, 40, 41, 42, 43, 49, 50, 51, 52, 53, 56, 58, 59, 61, 63, 64, 65, 67, 69, 70, 71, 73, 74, 76, 77, 78, 80, 82, 84, 86, 87, 88, 89, 91, 93, 94, 96, 98, 108, 109, 110, 111, 112, 113, 116, 119, 120, 121, 122, 123, 124, 125, 126, 127, 128, 131, 132, 133, 134, 135, 136, 137, 139, 140, 141, 142, 143, 144, 145, 148, 149, 150, 151, 152, 153, 154, 155, 156, 158], "summary": {"covered_lines": 98, "num_statements": 99, "percent_covered": 98.98989898989899, "percent_covered_display": "99", "missing_lines": 1, "excluded_lines": 0}, "missing_lines": [46], "excluded_lines": [], "functions": {"YAMLStandards.__init__": {"executed_lines": [16, 17, 18, 20, 21], "summary": {"covered_lines": 5, "num_statements": 5, "percent_covered": 100.0, "percent_covered_display": "100", "missing_lines": 0, "excluded_lines": 0}, "missing_lines": [], "excluded_lines": []}, "YAMLStandards.load_from_file": {"executed_lines": [25, 26, 27, 29, 31, 32, 33, 34, 38, 39, 40, 41, 42, 43, 49, 50, 51, 52, 53, 56, 58, 59], "summary": {"covered_lines": 22, "num_statements": 23, "percent_covered": 95.65217391304348, "percent_covered_display": "96", "missing_lines": 1, "excluded_lines": 0}, "missing_lines": [46], "excluded_lines": []}, "YAMLStandards.get_field_requirements": {"executed_lines": [63, 64, 65], "summary": {"covered_lines": 3, "num_statements": 3, "percent_covered": 100.0, "percent_covered_display": "100", "missing_lines": 0, "excluded_lines": 0}, "missing_lines": [], "excluded_lines": []}, "YAMLStandards.get_overall_minimum": {"executed_lines": [69, 70, 71], "summary": {"covered_lines": 3, "num_statements": 3, "percent_covered": 100.0, "percent_covered_display": "100", "missing_lines": 0, "excluded_lines": 0}, "missing_lines": [], "excluded_lines": []}, "YAMLStandards.standards_id": {"executed_lines": [76, 77, 78], "summary": {"covered_lines": 3, "num_statements": 3, "percent_covered": 100.0, "percent_covered_display": "100", "missing_lines": 0, "excluded_lines": 0}, "missing_lines": [], "excluded_lines": []}, "YAMLStandards.list_standards": {"executed_lines": [82], "summary": {"covered_lines": 1, "num_statements": 1, "percent_covered": 100.0, "percent_covered_display": "100", "missing_lines": 0, "excluded_lines": 0}, "missing_lines": [], "excluded_lines": []}, "YAMLStandards.load_standard": {"executed_lines": [86, 87, 88, 89], "summary": {"covered_lines": 4, "num_statements": 4, "percent_covered": 100.0, "percent_covered_display": "100", "missing_lines": 0, "excluded_lines": 0}, "missing_lines": [], "excluded_lines": []}, "YAMLStandards.validate_standard": {"executed_lines": [93, 94], "summary": {"covered_lines": 2, "num_statements": 2, "percent_covered": 100.0, "percent_covered_display": "100", "missing_lines": 0, "excluded_lines": 0}, "missing_lines": [], "excluded_lines": []}, "YAMLStandards.check_compliance": {"executed_lines": [98, 108, 109, 110, 111, 112, 113, 116, 119, 120, 121, 122, 123, 124, 125, 126, 127, 128, 131, 132, 133, 134, 135, 136, 137, 139, 140, 141, 142, 143, 144, 145, 148, 149, 150, 151, 152, 153, 154, 155, 156, 158], "summary": {"covered_lines": 42, "num_statements": 42, "percent_covered": 100.0, "percent_covered_display": "100", "missing_lines": 0, "excluded_lines": 0}, "missing_lines": [], "excluded_lines": []}, "": {"executed_lines": [1, 6, 8, 11, 12, 14, 23, 61, 67, 73, 74, 80, 84, 91, 96], "summary": {"covered_lines": 13, "num_statements": 13, "percent_covered": 100.0, "percent_covered_display": "100", "missing_lines": 0, "excluded_lines": 0}, "missing_lines": [], "excluded_lines": []}}, "classes": {"YAMLStandards": {"executed_lines": [16, 17, 18, 20, 21, 25, 26, 27, 29, 31, 32, 33, 34, 38, 39, 40, 41, 42, 43, 49, 50, 51, 52, 53, 56, 58, 59, 63, 64, 65, 69, 70, 71, 76, 77, 78, 82, 86, 87, 88, 89, 93, 94, 98, 108, 109, 110, 111, 112, 113, 116, 119, 120, 121, 122, 123, 124, 125, 126, 127, 128, 131, 132, 133, 134, 135, 136, 137, 139, 140, 141, 142, 143, 144, 145, 148, 149, 150, 151, 152, 153, 154, 155, 156, 158], "summary": {"covered_lines": 85, "num_statements": 86, "percent_covered": 98.83720930232558, "percent_covered_display": "99", "missing_lines": 1, "excluded_lines": 0}, "missing_lines": [46], "excluded_lines": []}, "": {"executed_lines": [1, 6, 8, 11, 12, 14, 23, 61, 67, 73, 74, 80, 84, 91, 96], "summary": {"covered_lines": 13, "num_statements": 13, "percent_covered": 100.0, "percent_covered_display": "100", "missing_lines": 0, "excluded_lines": 0}, "missing_lines": [], "excluded_lines": []}}}, "adri/utils/__init__.py": {"executed_lines": [], "summary": {"covered_lines": 0, "num_statements": 0, "percent_covered": 100.0, "percent_covered_display": "100", "missing_lines": 0, "excluded_lines": 0}, "missing_lines": [], "excluded_lines": [], "functions": {"": {"executed_lines": [], "summary": {"covered_lines": 0, "num_statements": 0, "percent_covered": 100.0, "percent_covered_display": "100", "missing_lines": 0, "excluded_lines": 0}, "missing_lines": [], "excluded_lines": []}}, "classes": {"": {"executed_lines": [], "summary": {"covered_lines": 0, "num_statements": 0, "percent_covered": 100.0, "percent_covered_display": "100", "missing_lines": 0, "excluded_lines": 0}, "missing_lines": [], "excluded_lines": []}}}, "adri/version.py": {"executed_lines": [1, 14, 17, 21, 26, 36, 37, 40, 42, 43, 46, 47, 48, 51, 61, 62, 64, 65, 67, 70, 77], "summary": {"covered_lines": 20, "num_statements": 20, "percent_covered": 100.0, "percent_covered_display": "100", "missing_lines": 0, "excluded_lines": 0}, "missing_lines": [], "excluded_lines": [], "functions": {"is_version_compatible": {"executed_lines": [36, 37, 40, 42, 43, 46, 47, 48], "summary": {"covered_lines": 8, "num_statements": 8, "percent_covered": 100.0, "percent_covered_display": "100", "missing_lines": 0, "excluded_lines": 0}, "missing_lines": [], "excluded_lines": []}, "get_score_compatibility_message": {"executed_lines": [61, 62, 64, 65, 67], "summary": {"covered_lines": 5, "num_statements": 5, "percent_covered": 100.0, "percent_covered_display": "100", "missing_lines": 0, "excluded_lines": 0}, "missing_lines": [], "excluded_lines": []}, "get_version_info": {"executed_lines": [77], "summary": {"covered_lines": 1, "num_statements": 1, "percent_covered": 100.0, "percent_covered_display": "100", "missing_lines": 0, "excluded_lines": 0}, "missing_lines": [], "excluded_lines": []}, "": {"executed_lines": [1, 14, 17, 21, 26, 51, 70], "summary": {"covered_lines": 6, "num_statements": 6, "percent_covered": 100.0, "percent_covered_display": "100", "missing_lines": 0, "excluded_lines": 0}, "missing_lines": [], "excluded_lines": []}}, "classes": {"": {"executed_lines": [1, 14, 17, 21, 26, 36, 37, 40, 42, 43, 46, 47, 48, 51, 61, 62, 64, 65, 67, 70, 77], "summary": {"covered_lines": 20, "num_statements": 20, "percent_covered": 100.0, "percent_covered_display": "100", "missing_lines": 0, "excluded_lines": 0}, "missing_lines": [], "excluded_lines": []}}}}, "totals": {"covered_lines": 2692, "num_statements": 2993, "percent_covered": 89.94320080187103, "percent_covered_display": "90", "missing_lines": 301, "excluded_lines": 2}}